[ 2015-03-30T20:24:01+08:00 ] 121.40.92.53 /index.php/Admin/Cron/recent_reply
INFO: [ app_init ] --START--
INFO: Run Behavior\BuildLiteBehavior [ RunTime:0.000020s ]
INFO: [ app_init ] --END-- [ RunTime:0.000141s ]

[ 2015-03-30T20:24:01+08:00 ] 121.40.92.53 /index.php/Admin/Cron/answer_reply
INFO: [ app_init ] --START--
INFO: Run Behavior\BuildLiteBehavior [ RunTime:0.000011s ]
INFO: [ app_init ] --END-- [ RunTime:0.000067s ]

[ 2015-03-30T20:26:01+08:00 ] 121.40.92.53 /index.php/Admin/Cron/recent_reply
INFO: [ app_init ] --START--
INFO: Run Behavior\BuildLiteBehavior [ RunTime:0.000015s ]
INFO: [ app_init ] --END-- [ RunTime:0.000102s ]

[ 2015-03-30T20:26:01+08:00 ] 121.40.92.53 /index.php/Admin/Cron/answer_reply
INFO: [ app_init ] --START--
INFO: Run Behavior\BuildLiteBehavior [ RunTime:0.000014s ]
INFO: [ app_init ] --END-- [ RunTime:0.000087s ]

[ 2015-03-30T20:28:01+08:00 ] 121.40.92.53 /index.php/Admin/Cron/recent_reply
INFO: [ app_init ] --START--
INFO: Run Behavior\BuildLiteBehavior [ RunTime:0.000015s ]
INFO: [ app_init ] --END-- [ RunTime:0.000101s ]

[ 2015-03-30T20:28:01+08:00 ] 121.40.92.53 /index.php/Admin/Cron/answer_reply
INFO: [ app_init ] --START--
INFO: Run Behavior\BuildLiteBehavior [ RunTime:0.000015s ]
INFO: [ app_init ] --END-- [ RunTime:0.000100s ]

[ 2015-03-30T20:30:01+08:00 ] 121.40.92.53 /index.php/Admin/Cron/recent_reply
INFO: [ app_init ] --START--
INFO: Run Behavior\BuildLiteBehavior [ RunTime:0.000014s ]
INFO: [ app_init ] --END-- [ RunTime:0.000104s ]

[ 2015-03-30T20:30:01+08:00 ] 121.40.92.53 /index.php/Admin/Cron/answer_reply
INFO: [ app_init ] --START--
INFO: Run Behavior\BuildLiteBehavior [ RunTime:0.000014s ]
INFO: [ app_init ] --END-- [ RunTime:0.000089s ]

[ 2015-03-30T20:32:01+08:00 ] 121.40.92.53 /index.php/Admin/Cron/recent_reply
INFO: [ app_init ] --START--
INFO: Run Behavior\BuildLiteBehavior [ RunTime:0.000027s ]
INFO: [ app_init ] --END-- [ RunTime:0.000208s ]

[ 2015-03-30T20:32:01+08:00 ] 121.40.92.53 /index.php/Admin/Cron/answer_reply
INFO: [ app_init ] --START--
INFO: Run Behavior\BuildLiteBehavior [ RunTime:0.000013s ]
INFO: [ app_init ] --END-- [ RunTime:0.000080s ]

[ 2015-03-30T20:34:01+08:00 ] 121.40.92.53 /index.php/Admin/Cron/recent_reply
INFO: [ app_init ] --START--
INFO: Run Behavior\BuildLiteBehavior [ RunTime:0.000014s ]
INFO: [ app_init ] --END-- [ RunTime:0.000093s ]

[ 2015-03-30T20:34:01+08:00 ] 121.40.92.53 /index.php/Admin/Cron/answer_reply
INFO: [ app_init ] --START--
INFO: Run Behavior\BuildLiteBehavior [ RunTime:0.000021s ]
INFO: [ app_init ] --END-- [ RunTime:0.000149s ]

[ 2015-03-30T20:36:02+08:00 ] 121.40.92.53 /index.php/Admin/Cron/recent_reply
INFO: [ app_init ] --START--
INFO: Run Behavior\BuildLiteBehavior [ RunTime:0.000017s ]
INFO: [ app_init ] --END-- [ RunTime:0.000109s ]

[ 2015-03-30T20:36:02+08:00 ] 121.40.92.53 /index.php/Admin/Cron/answer_reply
INFO: [ app_init ] --START--
INFO: Run Behavior\BuildLiteBehavior [ RunTime:0.000014s ]
INFO: [ app_init ] --END-- [ RunTime:0.000080s ]

[ 2015-03-30T20:38:01+08:00 ] 121.40.92.53 /index.php/Admin/Cron/recent_reply
INFO: [ app_init ] --START--
INFO: Run Behavior\BuildLiteBehavior [ RunTime:0.000012s ]
INFO: [ app_init ] --END-- [ RunTime:0.000074s ]

[ 2015-03-30T20:38:01+08:00 ] 121.40.92.53 /index.php/Admin/Cron/answer_reply
INFO: [ app_init ] --START--
INFO: Run Behavior\BuildLiteBehavior [ RunTime:0.000023s ]
INFO: [ app_init ] --END-- [ RunTime:0.000249s ]

[ 2015-03-30T20:40:01+08:00 ] 121.40.92.53 /index.php/Admin/Cron/recent_reply
INFO: [ app_init ] --START--
INFO: Run Behavior\BuildLiteBehavior [ RunTime:0.000014s ]
INFO: [ app_init ] --END-- [ RunTime:0.000094s ]

[ 2015-03-30T20:40:01+08:00 ] 121.40.92.53 /index.php/Admin/Cron/answer_reply
INFO: [ app_init ] --START--
INFO: Run Behavior\BuildLiteBehavior [ RunTime:0.000012s ]
INFO: [ app_init ] --END-- [ RunTime:0.000075s ]

[ 2015-03-30T20:42:01+08:00 ] 121.40.92.53 /index.php/Admin/Cron/recent_reply
INFO: [ app_init ] --START--
INFO: Run Behavior\BuildLiteBehavior [ RunTime:0.000022s ]
INFO: [ app_init ] --END-- [ RunTime:0.000153s ]

[ 2015-03-30T20:42:01+08:00 ] 121.40.92.53 /index.php/Admin/Cron/answer_reply
INFO: [ app_init ] --START--
INFO: Run Behavior\BuildLiteBehavior [ RunTime:0.000022s ]
INFO: [ app_init ] --END-- [ RunTime:0.000124s ]

[ 2015-03-30T20:44:01+08:00 ] 121.40.92.53 /index.php/Admin/Cron/recent_reply
INFO: [ app_init ] --START--
INFO: Run Behavior\BuildLiteBehavior [ RunTime:0.000016s ]
INFO: [ app_init ] --END-- [ RunTime:0.000100s ]

[ 2015-03-30T20:44:01+08:00 ] 121.40.92.53 /index.php/Admin/Cron/answer_reply
INFO: [ app_init ] --START--
INFO: Run Behavior\BuildLiteBehavior [ RunTime:0.000015s ]
INFO: [ app_init ] --END-- [ RunTime:0.000103s ]

[ 2015-03-30T20:46:01+08:00 ] 121.40.92.53 /index.php/Admin/Cron/recent_reply
INFO: [ app_init ] --START--
INFO: Run Behavior\BuildLiteBehavior [ RunTime:0.000014s ]
INFO: [ app_init ] --END-- [ RunTime:0.000089s ]

[ 2015-03-30T20:46:01+08:00 ] 121.40.92.53 /index.php/Admin/Cron/answer_reply
INFO: [ app_init ] --START--
INFO: Run Behavior\BuildLiteBehavior [ RunTime:0.000015s ]
INFO: [ app_init ] --END-- [ RunTime:0.000102s ]

[ 2015-03-30T20:48:01+08:00 ] 121.40.92.53 /index.php/Admin/Cron/recent_reply
INFO: [ app_init ] --START--
INFO: Run Behavior\BuildLiteBehavior [ RunTime:0.000015s ]
INFO: [ app_init ] --END-- [ RunTime:0.000104s ]

[ 2015-03-30T20:48:01+08:00 ] 121.40.92.53 /index.php/Admin/Cron/answer_reply
INFO: [ app_init ] --START--
INFO: Run Behavior\BuildLiteBehavior [ RunTime:0.000013s ]
INFO: [ app_init ] --END-- [ RunTime:0.000102s ]

[ 2015-03-30T20:48:34+08:00 ] 117.30.32.212 /index.php/Admin/Cron/test
INFO: [ app_init ] --START--
INFO: Run Behavior\BuildLiteBehavior [ RunTime:0.000014s ]
INFO: [ app_init ] --END-- [ RunTime:0.000102s ]

[ 2015-03-30T20:49:08+08:00 ] 117.30.32.212 /index.php/Admin/Cron/test
INFO: [ app_init ] --START--
INFO: Run Behavior\BuildLiteBehavior [ RunTime:0.000016s ]
INFO: [ app_init ] --END-- [ RunTime:0.000175s ]

[ 2015-03-30T20:49:39+08:00 ] 117.30.32.212 /index.php/Admin/Cron/test
INFO: [ app_init ] --START--
INFO: Run Behavior\BuildLiteBehavior [ RunTime:0.000014s ]
INFO: [ app_init ] --END-- [ RunTime:0.000100s ]

[ 2015-03-30T20:49:56+08:00 ] 117.30.32.212 /index.php/Admin/Cron/test
INFO: [ app_init ] --START--
INFO: Run Behavior\BuildLiteBehavior [ RunTime:0.000015s ]
INFO: [ app_init ] --END-- [ RunTime:0.000099s ]

[ 2015-03-30T20:50:01+08:00 ] 121.40.92.53 /index.php/Admin/Cron/recent_reply
INFO: [ app_init ] --START--
INFO: Run Behavior\BuildLiteBehavior [ RunTime:0.000015s ]
INFO: [ app_init ] --END-- [ RunTime:0.000101s ]

[ 2015-03-30T20:50:01+08:00 ] 121.40.92.53 /index.php/Admin/Cron/answer_reply
INFO: [ app_init ] --START--
INFO: Run Behavior\BuildLiteBehavior [ RunTime:0.000014s ]
INFO: [ app_init ] --END-- [ RunTime:0.000101s ]

[ 2015-03-30T20:51:29+08:00 ] 117.30.32.212 /index.php/Admin/Cron/test
INFO: [ app_init ] --START--
INFO: Run Behavior\BuildLiteBehavior [ RunTime:0.000015s ]
INFO: [ app_init ] --END-- [ RunTime:0.000101s ]

[ 2015-03-30T20:51:56+08:00 ] 117.30.32.212 /index.php/Admin/Cron/test
INFO: [ app_init ] --START--
INFO: Run Behavior\BuildLiteBehavior [ RunTime:0.000015s ]
INFO: [ app_init ] --END-- [ RunTime:0.000101s ]

[ 2015-03-30T20:52:01+08:00 ] 121.40.92.53 /index.php/Admin/Cron/recent_reply
INFO: [ app_init ] --START--
INFO: Run Behavior\BuildLiteBehavior [ RunTime:0.000016s ]
INFO: [ app_init ] --END-- [ RunTime:0.000104s ]

[ 2015-03-30T20:52:01+08:00 ] 121.40.92.53 /index.php/Admin/Cron/answer_reply
INFO: [ app_init ] --START--
INFO: Run Behavior\BuildLiteBehavior [ RunTime:0.000012s ]
INFO: [ app_init ] --END-- [ RunTime:0.000069s ]

[ 2015-03-30T20:53:13+08:00 ] 117.30.32.212 /index.php/Admin/Cron/test
INFO: [ app_init ] --START--
INFO: Run Behavior\BuildLiteBehavior [ RunTime:0.000014s ]
INFO: [ app_init ] --END-- [ RunTime:0.000104s ]

[ 2015-03-30T20:53:29+08:00 ] 117.30.32.212 /index.php/Admin/Cron/test
INFO: [ app_init ] --START--
INFO: Run Behavior\BuildLiteBehavior [ RunTime:0.000019s ]
INFO: [ app_init ] --END-- [ RunTime:0.000186s ]

[ 2015-03-30T20:54:01+08:00 ] 121.40.92.53 /index.php/Admin/Cron/recent_reply
INFO: [ app_init ] --START--
INFO: Run Behavior\BuildLiteBehavior [ RunTime:0.000012s ]
INFO: [ app_init ] --END-- [ RunTime:0.000071s ]

[ 2015-03-30T20:54:01+08:00 ] 121.40.92.53 /index.php/Admin/Cron/answer_reply
INFO: [ app_init ] --START--
INFO: Run Behavior\BuildLiteBehavior [ RunTime:0.000015s ]
INFO: [ app_init ] --END-- [ RunTime:0.000108s ]

[ 2015-03-30T20:54:49+08:00 ] 117.30.32.212 /index.php/Admin/Cron/test
INFO: [ app_init ] --START--
INFO: Run Behavior\BuildLiteBehavior [ RunTime:0.000014s ]
INFO: [ app_init ] --END-- [ RunTime:0.000102s ]

[ 2015-03-30T20:56:01+08:00 ] 121.40.92.53 /index.php/Admin/Cron/recent_reply
INFO: [ app_init ] --START--
INFO: Run Behavior\BuildLiteBehavior [ RunTime:0.000012s ]
INFO: [ app_init ] --END-- [ RunTime:0.000072s ]

[ 2015-03-30T20:56:01+08:00 ] 121.40.92.53 /index.php/Admin/Cron/answer_reply
INFO: [ app_init ] --START--
INFO: Run Behavior\BuildLiteBehavior [ RunTime:0.000020s ]
INFO: [ app_init ] --END-- [ RunTime:0.000124s ]

[ 2015-03-30T20:56:11+08:00 ] 117.30.32.212 /index.php/Admin/Cron/test
INFO: [ app_init ] --START--
INFO: Run Behavior\BuildLiteBehavior [ RunTime:0.000015s ]
INFO: [ app_init ] --END-- [ RunTime:0.000106s ]

[ 2015-03-30T20:58:00+08:00 ] 117.30.32.212 /index.php/Admin/Cron/test
INFO: [ app_init ] --START--
INFO: Run Behavior\BuildLiteBehavior [ RunTime:0.000014s ]
INFO: [ app_init ] --END-- [ RunTime:0.000095s ]

[ 2015-03-30T20:58:01+08:00 ] 121.40.92.53 /index.php/Admin/Cron/recent_reply
INFO: [ app_init ] --START--
INFO: Run Behavior\BuildLiteBehavior [ RunTime:0.000012s ]
INFO: [ app_init ] --END-- [ RunTime:0.000073s ]

[ 2015-03-30T20:58:01+08:00 ] 121.40.92.53 /index.php/Admin/Cron/answer_reply
INFO: [ app_init ] --START--
INFO: Run Behavior\BuildLiteBehavior [ RunTime:0.000014s ]
INFO: [ app_init ] --END-- [ RunTime:0.000099s ]

[ 2015-03-30T20:58:09+08:00 ] 117.30.32.212 /index.php/Admin/Cron/test
INFO: [ app_init ] --START--
INFO: Run Behavior\BuildLiteBehavior [ RunTime:0.000016s ]
INFO: [ app_init ] --END-- [ RunTime:0.000130s ]

[ 2015-03-30T20:58:54+08:00 ] 117.30.32.212 /index.php/Admin/Cron/test
INFO: [ app_init ] --START--
INFO: Run Behavior\BuildLiteBehavior [ RunTime:0.000015s ]
INFO: [ app_init ] --END-- [ RunTime:0.000105s ]

[ 2015-03-30T20:59:33+08:00 ] 117.30.32.212 /index.php/Admin/Cron/test
INFO: [ app_init ] --START--
INFO: Run Behavior\BuildLiteBehavior [ RunTime:0.000015s ]
INFO: [ app_init ] --END-- [ RunTime:0.000104s ]

[ 2015-03-30T21:00:01+08:00 ] 121.40.92.53 /index.php/Admin/Cron/answer_reply
INFO: [ app_init ] --START--
INFO: Run Behavior\BuildLiteBehavior [ RunTime:0.000021s ]
INFO: [ app_init ] --END-- [ RunTime:0.000153s ]

[ 2015-03-30T21:00:01+08:00 ] 121.40.92.53 /index.php/Admin/Cron/recent_reply
INFO: [ app_init ] --START--
INFO: Run Behavior\BuildLiteBehavior [ RunTime:0.000013s ]
INFO: [ app_init ] --END-- [ RunTime:0.000074s ]

[ 2015-03-30T21:02:01+08:00 ] 121.40.92.53 /index.php/Admin/Cron/recent_reply
INFO: [ app_init ] --START--
INFO: Run Behavior\BuildLiteBehavior [ RunTime:0.000013s ]
INFO: [ app_init ] --END-- [ RunTime:0.000088s ]

[ 2015-03-30T21:02:01+08:00 ] 121.40.92.53 /index.php/Admin/Cron/answer_reply
INFO: [ app_init ] --START--
INFO: Run Behavior\BuildLiteBehavior [ RunTime:0.000015s ]
INFO: [ app_init ] --END-- [ RunTime:0.000111s ]

[ 2015-03-30T21:02:29+08:00 ] 117.30.32.212 /index.php/Admin/Recent/test
INFO: [ app_init ] --START--
INFO: Run Behavior\BuildLiteBehavior [ RunTime:0.000021s ]
INFO: [ app_init ] --END-- [ RunTime:0.000118s ]

[ 2015-03-30T21:02:29+08:00 ] 117.30.32.212 /index.php/Admin/Public/login.html
INFO: [ app_init ] --START--
INFO: Run Behavior\BuildLiteBehavior [ RunTime:0.000014s ]
INFO: [ app_init ] --END-- [ RunTime:0.000096s ]

[ 2015-03-30T21:02:30+08:00 ] 117.30.32.212 /index.php/Admin/Public/verify/
INFO: [ app_init ] --START--
INFO: Run Behavior\BuildLiteBehavior [ RunTime:0.000015s ]
INFO: [ app_init ] --END-- [ RunTime:0.000108s ]

[ 2015-03-30T21:02:42+08:00 ] 117.30.32.212 /index.php/Admin/Public/checkLogin/
INFO: [ app_init ] --START--
INFO: Run Behavior\BuildLiteBehavior [ RunTime:0.000023s ]
INFO: [ app_init ] --END-- [ RunTime:0.000159s ]

[ 2015-03-30T21:02:43+08:00 ] 117.30.32.212 /index.php/Admin/Index/index
INFO: [ app_init ] --START--
INFO: Run Behavior\BuildLiteBehavior [ RunTime:0.000014s ]
INFO: [ app_init ] --END-- [ RunTime:0.000099s ]
INFO: [ view_parse ] --START--
INFO: [ template_filter ] --START--
INFO: Run Behavior\ContentReplaceBehavior [ RunTime:0.000075s ]
INFO: [ template_filter ] --END-- [ RunTime:0.000121s ]
INFO: Run Behavior\ParseTemplateBehavior [ RunTime:0.005038s ]
INFO: [ view_parse ] --END-- [ RunTime:0.005081s ]
INFO: [ view_filter ] --START--
INFO: Run Behavior\WriteHtmlCacheBehavior [ RunTime:0.000052s ]
INFO: [ view_filter ] --END-- [ RunTime:0.000087s ]
INFO: [ app_end ] --START--
INFO: Run Behavior\ShowPageTraceBehavior [ RunTime:0.000039s ]
INFO: [ app_end ] --END-- [ RunTime:0.000076s ]

[ 2015-03-30T21:04:01+08:00 ] 121.40.92.53 /index.php/Admin/Cron/recent_reply
INFO: [ app_init ] --START--
INFO: Run Behavior\BuildLiteBehavior [ RunTime:0.000012s ]
INFO: [ app_init ] --END-- [ RunTime:0.000073s ]

[ 2015-03-30T21:04:01+08:00 ] 121.40.92.53 /index.php/Admin/Cron/answer_reply
INFO: [ app_init ] --START--
INFO: Run Behavior\BuildLiteBehavior [ RunTime:0.000015s ]
INFO: [ app_init ] --END-- [ RunTime:0.000122s ]

[ 2015-03-30T21:05:06+08:00 ] 117.30.32.212 /index.php/Admin/Recent/test
INFO: [ app_init ] --START--
INFO: Run Behavior\BuildLiteBehavior [ RunTime:0.000014s ]
INFO: [ app_init ] --END-- [ RunTime:0.000183s ]

[ 2015-03-30T21:06:01+08:00 ] 121.40.92.53 /index.php/Admin/Cron/recent_reply
INFO: [ app_init ] --START--
INFO: Run Behavior\BuildLiteBehavior [ RunTime:0.000015s ]
INFO: [ app_init ] --END-- [ RunTime:0.000102s ]

[ 2015-03-30T21:06:02+08:00 ] 121.40.92.53 /index.php/Admin/Cron/answer_reply
INFO: [ app_init ] --START--
INFO: Run Behavior\BuildLiteBehavior [ RunTime:0.000014s ]
INFO: [ app_init ] --END-- [ RunTime:0.000088s ]

[ 2015-03-30T21:08:01+08:00 ] 121.40.92.53 /index.php/Admin/Cron/recent_reply
INFO: [ app_init ] --START--
INFO: Run Behavior\BuildLiteBehavior [ RunTime:0.000015s ]
INFO: [ app_init ] --END-- [ RunTime:0.000111s ]

[ 2015-03-30T21:08:01+08:00 ] 121.40.92.53 /index.php/Admin/Cron/answer_reply
INFO: [ app_init ] --START--
INFO: Run Behavior\BuildLiteBehavior [ RunTime:0.000012s ]
INFO: [ app_init ] --END-- [ RunTime:0.000078s ]

[ 2015-03-30T21:08:55+08:00 ] 117.30.32.212 /index.php/Admin/Recent/test
INFO: [ app_init ] --START--
INFO: Run Behavior\BuildLiteBehavior [ RunTime:0.000015s ]
INFO: [ app_init ] --END-- [ RunTime:0.000095s ]

[ 2015-03-30T21:09:23+08:00 ] 117.30.32.212 /index.php/Admin/Recent/test
INFO: [ app_init ] --START--
INFO: Run Behavior\BuildLiteBehavior [ RunTime:0.000015s ]
INFO: [ app_init ] --END-- [ RunTime:0.000106s ]

[ 2015-03-30T21:09:31+08:00 ] 117.30.32.212 /index.php/Admin/Recent/test
INFO: [ app_init ] --START--
INFO: Run Behavior\BuildLiteBehavior [ RunTime:0.000019s ]
INFO: [ app_init ] --END-- [ RunTime:0.000134s ]

[ 2015-03-30T21:10:01+08:00 ] 121.40.92.53 /index.php/Admin/Cron/recent_reply
INFO: [ app_init ] --START--
INFO: Run Behavior\BuildLiteBehavior [ RunTime:0.000015s ]
INFO: [ app_init ] --END-- [ RunTime:0.000107s ]

[ 2015-03-30T21:10:01+08:00 ] 121.40.92.53 /index.php/Admin/Cron/answer_reply
INFO: [ app_init ] --START--
INFO: Run Behavior\BuildLiteBehavior [ RunTime:0.000014s ]
INFO: [ app_init ] --END-- [ RunTime:0.000090s ]

[ 2015-03-30T21:10:06+08:00 ] 117.30.32.212 /index.php/Admin/Recent/test
INFO: [ app_init ] --START--
INFO: Run Behavior\BuildLiteBehavior [ RunTime:0.000052s ]
INFO: [ app_init ] --END-- [ RunTime:0.000138s ]

[ 2015-03-30T21:12:01+08:00 ] 121.40.92.53 /index.php/Admin/Cron/recent_reply
INFO: [ app_init ] --START--
INFO: Run Behavior\BuildLiteBehavior [ RunTime:0.000012s ]
INFO: [ app_init ] --END-- [ RunTime:0.000069s ]

[ 2015-03-30T21:12:01+08:00 ] 121.40.92.53 /index.php/Admin/Cron/answer_reply
INFO: [ app_init ] --START--
INFO: Run Behavior\BuildLiteBehavior [ RunTime:0.000022s ]
INFO: [ app_init ] --END-- [ RunTime:0.000165s ]

[ 2015-03-30T21:12:12+08:00 ] 117.30.32.212 /index.php/Admin/Recent/test
INFO: [ app_init ] --START--
INFO: Run Behavior\BuildLiteBehavior [ RunTime:0.000020s ]
INFO: [ app_init ] --END-- [ RunTime:0.000182s ]

[ 2015-03-30T21:14:01+08:00 ] 121.40.92.53 /index.php/Admin/Cron/recent_reply
INFO: [ app_init ] --START--
INFO: Run Behavior\BuildLiteBehavior [ RunTime:0.000015s ]
INFO: [ app_init ] --END-- [ RunTime:0.000100s ]

[ 2015-03-30T21:14:01+08:00 ] 121.40.92.53 /index.php/Admin/Cron/answer_reply
INFO: [ app_init ] --START--
INFO: Run Behavior\BuildLiteBehavior [ RunTime:0.000014s ]
INFO: [ app_init ] --END-- [ RunTime:0.000090s ]

[ 2015-03-30T21:16:01+08:00 ] 121.40.92.53 /index.php/Admin/Cron/recent_reply
INFO: [ app_init ] --START--
INFO: Run Behavior\BuildLiteBehavior [ RunTime:0.000020s ]
INFO: [ app_init ] --END-- [ RunTime:0.000139s ]

[ 2015-03-30T21:16:01+08:00 ] 121.40.92.53 /index.php/Admin/Cron/answer_reply
INFO: [ app_init ] --START--
INFO: Run Behavior\BuildLiteBehavior [ RunTime:0.000013s ]
INFO: [ app_init ] --END-- [ RunTime:0.000079s ]

[ 2015-03-30T21:18:02+08:00 ] 121.40.92.53 /index.php/Admin/Cron/recent_reply
INFO: [ app_init ] --START--
INFO: Run Behavior\BuildLiteBehavior [ RunTime:0.000013s ]
INFO: [ app_init ] --END-- [ RunTime:0.000098s ]

[ 2015-03-30T21:18:02+08:00 ] 121.40.92.53 /index.php/Admin/Cron/answer_reply
INFO: [ app_init ] --START--
INFO: Run Behavior\BuildLiteBehavior [ RunTime:0.000021s ]
INFO: [ app_init ] --END-- [ RunTime:0.000136s ]

[ 2015-03-30T21:20:01+08:00 ] 121.40.92.53 /index.php/Admin/Cron/recent_reply
INFO: [ app_init ] --START--
INFO: Run Behavior\BuildLiteBehavior [ RunTime:0.000081s ]
INFO: [ app_init ] --END-- [ RunTime:0.000161s ]

[ 2015-03-30T21:20:01+08:00 ] 121.40.92.53 /index.php/Admin/Cron/answer_reply
INFO: [ app_init ] --START--
INFO: Run Behavior\BuildLiteBehavior [ RunTime:0.000015s ]
INFO: [ app_init ] --END-- [ RunTime:0.000102s ]

[ 2015-03-30T21:22:01+08:00 ] 121.40.92.53 /index.php/Admin/Cron/recent_reply
INFO: [ app_init ] --START--
INFO: Run Behavior\BuildLiteBehavior [ RunTime:0.000023s ]
INFO: [ app_init ] --END-- [ RunTime:0.000165s ]

[ 2015-03-30T21:22:01+08:00 ] 121.40.92.53 /index.php/Admin/Cron/answer_reply
INFO: [ app_init ] --START--
INFO: Run Behavior\BuildLiteBehavior [ RunTime:0.000014s ]
INFO: [ app_init ] --END-- [ RunTime:0.000088s ]

[ 2015-03-30T21:24:01+08:00 ] 121.40.92.53 /index.php/Admin/Cron/recent_reply
INFO: [ app_init ] --START--
INFO: Run Behavior\BuildLiteBehavior [ RunTime:0.000014s ]
INFO: [ app_init ] --END-- [ RunTime:0.000097s ]

[ 2015-03-30T21:24:01+08:00 ] 121.40.92.53 /index.php/Admin/Cron/answer_reply
INFO: [ app_init ] --START--
INFO: Run Behavior\BuildLiteBehavior [ RunTime:0.000014s ]
INFO: [ app_init ] --END-- [ RunTime:0.000098s ]

[ 2015-03-30T21:26:01+08:00 ] 121.40.92.53 /index.php/Admin/Cron/recent_reply
INFO: [ app_init ] --START--
INFO: Run Behavior\BuildLiteBehavior [ RunTime:0.000014s ]
INFO: [ app_init ] --END-- [ RunTime:0.000103s ]

[ 2015-03-30T21:26:01+08:00 ] 121.40.92.53 /index.php/Admin/Cron/answer_reply
INFO: [ app_init ] --START--
INFO: Run Behavior\BuildLiteBehavior [ RunTime:0.000011s ]
INFO: [ app_init ] --END-- [ RunTime:0.000072s ]

[ 2015-03-30T21:28:01+08:00 ] 121.40.92.53 /index.php/Admin/Cron/answer_reply
INFO: [ app_init ] --START--
INFO: Run Behavior\BuildLiteBehavior [ RunTime:0.000015s ]
INFO: [ app_init ] --END-- [ RunTime:0.000099s ]

[ 2015-03-30T21:28:01+08:00 ] 121.40.92.53 /index.php/Admin/Cron/recent_reply
INFO: [ app_init ] --START--
INFO: Run Behavior\BuildLiteBehavior [ RunTime:0.000015s ]
INFO: [ app_init ] --END-- [ RunTime:0.000098s ]

[ 2015-03-30T21:30:01+08:00 ] 121.40.92.53 /index.php/Admin/Cron/recent_reply
INFO: [ app_init ] --START--
INFO: Run Behavior\BuildLiteBehavior [ RunTime:0.000015s ]
INFO: [ app_init ] --END-- [ RunTime:0.000094s ]

[ 2015-03-30T21:30:01+08:00 ] 121.40.92.53 /index.php/Admin/Cron/answer_reply
INFO: [ app_init ] --START--
INFO: Run Behavior\BuildLiteBehavior [ RunTime:0.000013s ]
INFO: [ app_init ] --END-- [ RunTime:0.000087s ]

[ 2015-03-30T21:32:01+08:00 ] 121.40.92.53 /index.php/Admin/Cron/recent_reply
INFO: [ app_init ] --START--
INFO: Run Behavior\BuildLiteBehavior [ RunTime:0.000014s ]
INFO: [ app_init ] --END-- [ RunTime:0.000102s ]

[ 2015-03-30T21:32:01+08:00 ] 121.40.92.53 /index.php/Admin/Cron/answer_reply
INFO: [ app_init ] --START--
INFO: Run Behavior\BuildLiteBehavior [ RunTime:0.000013s ]
INFO: [ app_init ] --END-- [ RunTime:0.000083s ]

[ 2015-03-30T21:34:01+08:00 ] 121.40.92.53 /index.php/Admin/Cron/recent_reply
INFO: [ app_init ] --START--
INFO: Run Behavior\BuildLiteBehavior [ RunTime:0.000014s ]
INFO: [ app_init ] --END-- [ RunTime:0.000087s ]

[ 2015-03-30T21:34:01+08:00 ] 121.40.92.53 /index.php/Admin/Cron/answer_reply
INFO: [ app_init ] --START--
INFO: Run Behavior\BuildLiteBehavior [ RunTime:0.000023s ]
INFO: [ app_init ] --END-- [ RunTime:0.000163s ]

[ 2015-03-30T21:36:01+08:00 ] 121.40.92.53 /index.php/Admin/Cron/recent_reply
INFO: [ app_init ] --START--
INFO: Run Behavior\BuildLiteBehavior [ RunTime:0.000014s ]
INFO: [ app_init ] --END-- [ RunTime:0.000101s ]

[ 2015-03-30T21:36:01+08:00 ] 121.40.92.53 /index.php/Admin/Cron/answer_reply
INFO: [ app_init ] --START--
INFO: Run Behavior\BuildLiteBehavior [ RunTime:0.000012s ]
INFO: [ app_init ] --END-- [ RunTime:0.000092s ]

[ 2015-03-30T21:38:01+08:00 ] 121.40.92.53 /index.php/Admin/Cron/recent_reply
INFO: [ app_init ] --START--
INFO: Run Behavior\BuildLiteBehavior [ RunTime:0.000015s ]
INFO: [ app_init ] --END-- [ RunTime:0.000093s ]

[ 2015-03-30T21:38:01+08:00 ] 121.40.92.53 /index.php/Admin/Cron/answer_reply
INFO: [ app_init ] --START--
INFO: Run Behavior\BuildLiteBehavior [ RunTime:0.000014s ]
INFO: [ app_init ] --END-- [ RunTime:0.000089s ]

[ 2015-03-30T21:40:01+08:00 ] 121.40.92.53 /index.php/Admin/Cron/recent_reply
INFO: [ app_init ] --START--
INFO: Run Behavior\BuildLiteBehavior [ RunTime:0.000022s ]
INFO: [ app_init ] --END-- [ RunTime:0.000141s ]

[ 2015-03-30T21:40:01+08:00 ] 121.40.92.53 /index.php/Admin/Cron/answer_reply
INFO: [ app_init ] --START--
INFO: Run Behavior\BuildLiteBehavior [ RunTime:0.000013s ]
INFO: [ app_init ] --END-- [ RunTime:0.000074s ]

[ 2015-03-30T21:42:01+08:00 ] 121.40.92.53 /index.php/Admin/Cron/recent_reply
INFO: [ app_init ] --START--
INFO: Run Behavior\BuildLiteBehavior [ RunTime:0.000018s ]
INFO: [ app_init ] --END-- [ RunTime:0.000107s ]

[ 2015-03-30T21:42:01+08:00 ] 121.40.92.53 /index.php/Admin/Cron/answer_reply
INFO: [ app_init ] --START--
INFO: Run Behavior\BuildLiteBehavior [ RunTime:0.000015s ]
INFO: [ app_init ] --END-- [ RunTime:0.000101s ]

[ 2015-03-30T21:44:01+08:00 ] 121.40.92.53 /index.php/Admin/Cron/recent_reply
INFO: [ app_init ] --START--
INFO: Run Behavior\BuildLiteBehavior [ RunTime:0.000020s ]
INFO: [ app_init ] --END-- [ RunTime:0.000128s ]

[ 2015-03-30T21:44:01+08:00 ] 121.40.92.53 /index.php/Admin/Cron/answer_reply
INFO: [ app_init ] --START--
INFO: Run Behavior\BuildLiteBehavior [ RunTime:0.000020s ]
INFO: [ app_init ] --END-- [ RunTime:0.000119s ]

[ 2015-03-30T21:46:01+08:00 ] 121.40.92.53 /index.php/Admin/Cron/recent_reply
INFO: [ app_init ] --START--
INFO: Run Behavior\BuildLiteBehavior [ RunTime:0.000015s ]
INFO: [ app_init ] --END-- [ RunTime:0.000107s ]

[ 2015-03-30T21:46:01+08:00 ] 121.40.92.53 /index.php/Admin/Cron/answer_reply
INFO: [ app_init ] --START--
INFO: Run Behavior\BuildLiteBehavior [ RunTime:0.000015s ]
INFO: [ app_init ] --END-- [ RunTime:0.000130s ]

[ 2015-03-30T21:48:01+08:00 ] 121.40.92.53 /index.php/Admin/Cron/recent_reply
INFO: [ app_init ] --START--
INFO: Run Behavior\BuildLiteBehavior [ RunTime:0.000014s ]
INFO: [ app_init ] --END-- [ RunTime:0.000101s ]

[ 2015-03-30T21:48:01+08:00 ] 121.40.92.53 /index.php/Admin/Cron/answer_reply
INFO: [ app_init ] --START--
INFO: Run Behavior\BuildLiteBehavior [ RunTime:0.000011s ]
INFO: [ app_init ] --END-- [ RunTime:0.000072s ]

[ 2015-03-30T21:50:01+08:00 ] 121.40.92.53 /index.php/Admin/Cron/recent_reply
INFO: [ app_init ] --START--
INFO: Run Behavior\BuildLiteBehavior [ RunTime:0.000014s ]
INFO: [ app_init ] --END-- [ RunTime:0.000089s ]

[ 2015-03-30T21:50:01+08:00 ] 121.40.92.53 /index.php/Admin/Cron/answer_reply
INFO: [ app_init ] --START--
INFO: Run Behavior\BuildLiteBehavior [ RunTime:0.000012s ]
INFO: [ app_init ] --END-- [ RunTime:0.000084s ]

[ 2015-03-30T21:52:01+08:00 ] 121.40.92.53 /index.php/Admin/Cron/recent_reply
INFO: [ app_init ] --START--
INFO: Run Behavior\BuildLiteBehavior [ RunTime:0.000013s ]
INFO: [ app_init ] --END-- [ RunTime:0.000087s ]

[ 2015-03-30T21:52:01+08:00 ] 121.40.92.53 /index.php/Admin/Cron/answer_reply
INFO: [ app_init ] --START--
INFO: Run Behavior\BuildLiteBehavior [ RunTime:0.000019s ]
INFO: [ app_init ] --END-- [ RunTime:0.000128s ]

[ 2015-03-30T21:54:01+08:00 ] 121.40.92.53 /index.php/Admin/Cron/recent_reply
INFO: [ app_init ] --START--
INFO: Run Behavior\BuildLiteBehavior [ RunTime:0.000014s ]
INFO: [ app_init ] --END-- [ RunTime:0.000102s ]

[ 2015-03-30T21:54:01+08:00 ] 121.40.92.53 /index.php/Admin/Cron/answer_reply
INFO: [ app_init ] --START--
INFO: Run Behavior\BuildLiteBehavior [ RunTime:0.000022s ]
INFO: [ app_init ] --END-- [ RunTime:0.000141s ]

[ 2015-03-30T21:56:01+08:00 ] 121.40.92.53 /index.php/Admin/Cron/recent_reply
INFO: [ app_init ] --START--
INFO: Run Behavior\BuildLiteBehavior [ RunTime:0.000021s ]
INFO: [ app_init ] --END-- [ RunTime:0.000141s ]

[ 2015-03-30T21:56:01+08:00 ] 121.40.92.53 /index.php/Admin/Cron/answer_reply
INFO: [ app_init ] --START--
INFO: Run Behavior\BuildLiteBehavior [ RunTime:0.000011s ]
INFO: [ app_init ] --END-- [ RunTime:0.000067s ]

[ 2015-03-30T21:58:02+08:00 ] 121.40.92.53 /index.php/Admin/Cron/recent_reply
INFO: [ app_init ] --START--
INFO: Run Behavior\BuildLiteBehavior [ RunTime:0.000014s ]
INFO: [ app_init ] --END-- [ RunTime:0.000107s ]

[ 2015-03-30T21:58:02+08:00 ] 121.40.92.53 /index.php/Admin/Cron/answer_reply
INFO: [ app_init ] --START--
INFO: Run Behavior\BuildLiteBehavior [ RunTime:0.000012s ]
INFO: [ app_init ] --END-- [ RunTime:0.000251s ]

[ 2015-03-30T22:00:01+08:00 ] 121.40.92.53 /index.php/Admin/Cron/recent_reply
INFO: [ app_init ] --START--
INFO: Run Behavior\BuildLiteBehavior [ RunTime:0.000012s ]
INFO: [ app_init ] --END-- [ RunTime:0.000076s ]

[ 2015-03-30T22:00:01+08:00 ] 121.40.92.53 /index.php/Admin/Cron/answer_reply
INFO: [ app_init ] --START--
INFO: Run Behavior\BuildLiteBehavior [ RunTime:0.000019s ]
INFO: [ app_init ] --END-- [ RunTime:0.000172s ]

[ 2015-03-30T22:02:01+08:00 ] 121.40.92.53 /index.php/Admin/Cron/recent_reply
INFO: [ app_init ] --START--
INFO: Run Behavior\BuildLiteBehavior [ RunTime:0.000012s ]
INFO: [ app_init ] --END-- [ RunTime:0.000074s ]

[ 2015-03-30T22:02:01+08:00 ] 121.40.92.53 /index.php/Admin/Cron/answer_reply
INFO: [ app_init ] --START--
INFO: Run Behavior\BuildLiteBehavior [ RunTime:0.000014s ]
INFO: [ app_init ] --END-- [ RunTime:0.000100s ]

[ 2015-03-30T22:04:01+08:00 ] 121.40.92.53 /index.php/Admin/Cron/recent_reply
INFO: [ app_init ] --START--
INFO: Run Behavior\BuildLiteBehavior [ RunTime:0.000014s ]
INFO: [ app_init ] --END-- [ RunTime:0.000101s ]

[ 2015-03-30T22:04:01+08:00 ] 121.40.92.53 /index.php/Admin/Cron/answer_reply
INFO: [ app_init ] --START--
INFO: Run Behavior\BuildLiteBehavior [ RunTime:0.000013s ]
INFO: [ app_init ] --END-- [ RunTime:0.000079s ]

[ 2015-03-30T22:06:01+08:00 ] 121.40.92.53 /index.php/Admin/Cron/recent_reply
INFO: [ app_init ] --START--
INFO: Run Behavior\BuildLiteBehavior [ RunTime:0.000014s ]
INFO: [ app_init ] --END-- [ RunTime:0.000103s ]

[ 2015-03-30T22:06:01+08:00 ] 121.40.92.53 /index.php/Admin/Cron/answer_reply
INFO: [ app_init ] --START--
INFO: Run Behavior\BuildLiteBehavior [ RunTime:0.000013s ]
INFO: [ app_init ] --END-- [ RunTime:0.000089s ]

[ 2015-03-30T22:08:01+08:00 ] 121.40.92.53 /index.php/Admin/Cron/recent_reply
INFO: [ app_init ] --START--
INFO: Run Behavior\BuildLiteBehavior [ RunTime:0.000016s ]
INFO: [ app_init ] --END-- [ RunTime:0.000098s ]

[ 2015-03-30T22:08:01+08:00 ] 121.40.92.53 /index.php/Admin/Cron/answer_reply
INFO: [ app_init ] --START--
INFO: Run Behavior\BuildLiteBehavior [ RunTime:0.000021s ]
INFO: [ app_init ] --END-- [ RunTime:0.000151s ]

[ 2015-03-30T22:10:01+08:00 ] 121.40.92.53 /index.php/Admin/Cron/recent_reply
INFO: [ app_init ] --START--
INFO: Run Behavior\BuildLiteBehavior [ RunTime:0.000014s ]
INFO: [ app_init ] --END-- [ RunTime:0.000101s ]

[ 2015-03-30T22:10:01+08:00 ] 121.40.92.53 /index.php/Admin/Cron/answer_reply
INFO: [ app_init ] --START--
INFO: Run Behavior\BuildLiteBehavior [ RunTime:0.000012s ]
INFO: [ app_init ] --END-- [ RunTime:0.000073s ]

[ 2015-03-30T22:12:01+08:00 ] 121.40.92.53 /index.php/Admin/Cron/recent_reply
INFO: [ app_init ] --START--
INFO: Run Behavior\BuildLiteBehavior [ RunTime:0.000014s ]
INFO: [ app_init ] --END-- [ RunTime:0.000082s ]

[ 2015-03-30T22:12:01+08:00 ] 121.40.92.53 /index.php/Admin/Cron/answer_reply
INFO: [ app_init ] --START--
INFO: Run Behavior\BuildLiteBehavior [ RunTime:0.000023s ]
INFO: [ app_init ] --END-- [ RunTime:0.000164s ]

[ 2015-03-30T22:14:02+08:00 ] 121.40.92.53 /index.php/Admin/Cron/recent_reply
INFO: [ app_init ] --START--
INFO: Run Behavior\BuildLiteBehavior [ RunTime:0.000015s ]
INFO: [ app_init ] --END-- [ RunTime:0.000102s ]

[ 2015-03-30T22:14:02+08:00 ] 121.40.92.53 /index.php/Admin/Cron/answer_reply
INFO: [ app_init ] --START--
INFO: Run Behavior\BuildLiteBehavior [ RunTime:0.000011s ]
INFO: [ app_init ] --END-- [ RunTime:0.000072s ]

[ 2015-03-30T22:16:01+08:00 ] 121.40.92.53 /index.php/Admin/Cron/recent_reply
INFO: [ app_init ] --START--
INFO: Run Behavior\BuildLiteBehavior [ RunTime:0.000017s ]
INFO: [ app_init ] --END-- [ RunTime:0.000088s ]

[ 2015-03-30T22:16:01+08:00 ] 121.40.92.53 /index.php/Admin/Cron/answer_reply
INFO: [ app_init ] --START--
INFO: Run Behavior\BuildLiteBehavior [ RunTime:0.000018s ]
INFO: [ app_init ] --END-- [ RunTime:0.000139s ]

[ 2015-03-30T22:18:01+08:00 ] 121.40.92.53 /index.php/Admin/Cron/recent_reply
INFO: [ app_init ] --START--
INFO: Run Behavior\BuildLiteBehavior [ RunTime:0.000027s ]
INFO: [ app_init ] --END-- [ RunTime:0.000178s ]

[ 2015-03-30T22:18:01+08:00 ] 121.40.92.53 /index.php/Admin/Cron/answer_reply
INFO: [ app_init ] --START--
INFO: Run Behavior\BuildLiteBehavior [ RunTime:0.000014s ]
INFO: [ app_init ] --END-- [ RunTime:0.000114s ]

[ 2015-03-30T22:20:01+08:00 ] 121.40.92.53 /index.php/Admin/Cron/recent_reply
INFO: [ app_init ] --START--
INFO: Run Behavior\BuildLiteBehavior [ RunTime:0.000015s ]
INFO: [ app_init ] --END-- [ RunTime:0.000106s ]

[ 2015-03-30T22:20:01+08:00 ] 121.40.92.53 /index.php/Admin/Cron/answer_reply
INFO: [ app_init ] --START--
INFO: Run Behavior\BuildLiteBehavior [ RunTime:0.000013s ]
INFO: [ app_init ] --END-- [ RunTime:0.000088s ]

[ 2015-03-30T22:22:01+08:00 ] 121.40.92.53 /index.php/Admin/Cron/recent_reply
INFO: [ app_init ] --START--
INFO: Run Behavior\BuildLiteBehavior [ RunTime:0.000022s ]
INFO: [ app_init ] --END-- [ RunTime:0.000165s ]

[ 2015-03-30T22:22:01+08:00 ] 121.40.92.53 /index.php/Admin/Cron/answer_reply
INFO: [ app_init ] --START--
INFO: Run Behavior\BuildLiteBehavior [ RunTime:0.000014s ]
INFO: [ app_init ] --END-- [ RunTime:0.000091s ]

[ 2015-03-30T22:24:01+08:00 ] 121.40.92.53 /index.php/Admin/Cron/answer_reply
INFO: [ app_init ] --START--
INFO: Run Behavior\BuildLiteBehavior [ RunTime:0.000014s ]
INFO: [ app_init ] --END-- [ RunTime:0.000103s ]

[ 2015-03-30T22:24:01+08:00 ] 121.40.92.53 /index.php/Admin/Cron/recent_reply
INFO: [ app_init ] --START--
INFO: Run Behavior\BuildLiteBehavior [ RunTime:0.000013s ]
INFO: [ app_init ] --END-- [ RunTime:0.000079s ]

[ 2015-03-30T22:26:01+08:00 ] 121.40.92.53 /index.php/Admin/Cron/recent_reply
INFO: [ app_init ] --START--
INFO: Run Behavior\BuildLiteBehavior [ RunTime:0.000021s ]
INFO: [ app_init ] --END-- [ RunTime:0.000233s ]

[ 2015-03-30T22:26:01+08:00 ] 121.40.92.53 /index.php/Admin/Cron/answer_reply
INFO: [ app_init ] --START--
INFO: Run Behavior\BuildLiteBehavior [ RunTime:0.000012s ]
INFO: [ app_init ] --END-- [ RunTime:0.000068s ]

[ 2015-03-30T22:28:01+08:00 ] 121.40.92.53 /index.php/Admin/Cron/recent_reply
INFO: [ app_init ] --START--
INFO: Run Behavior\BuildLiteBehavior [ RunTime:0.000018s ]
INFO: [ app_init ] --END-- [ RunTime:0.000108s ]

[ 2015-03-30T22:28:01+08:00 ] 121.40.92.53 /index.php/Admin/Cron/answer_reply
INFO: [ app_init ] --START--
INFO: Run Behavior\BuildLiteBehavior [ RunTime:0.000017s ]
INFO: [ app_init ] --END-- [ RunTime:0.000109s ]

[ 2015-03-30T22:30:01+08:00 ] 121.40.92.53 /index.php/Admin/Cron/recent_reply
INFO: [ app_init ] --START--
INFO: Run Behavior\BuildLiteBehavior [ RunTime:0.000012s ]
INFO: [ app_init ] --END-- [ RunTime:0.000072s ]

[ 2015-03-30T22:30:01+08:00 ] 121.40.92.53 /index.php/Admin/Cron/answer_reply
INFO: [ app_init ] --START--
INFO: Run Behavior\BuildLiteBehavior [ RunTime:0.000014s ]
INFO: [ app_init ] --END-- [ RunTime:0.000103s ]

[ 2015-03-30T22:32:01+08:00 ] 121.40.92.53 /index.php/Admin/Cron/recent_reply
INFO: [ app_init ] --START--
INFO: Run Behavior\BuildLiteBehavior [ RunTime:0.000011s ]
INFO: [ app_init ] --END-- [ RunTime:0.000073s ]

[ 2015-03-30T22:32:01+08:00 ] 121.40.92.53 /index.php/Admin/Cron/answer_reply
INFO: [ app_init ] --START--
INFO: Run Behavior\BuildLiteBehavior [ RunTime:0.000014s ]
INFO: [ app_init ] --END-- [ RunTime:0.000103s ]

[ 2015-03-30T22:34:02+08:00 ] 121.40.92.53 /index.php/Admin/Cron/recent_reply
INFO: [ app_init ] --START--
INFO: Run Behavior\BuildLiteBehavior [ RunTime:0.000014s ]
INFO: [ app_init ] --END-- [ RunTime:0.000085s ]

[ 2015-03-30T22:34:02+08:00 ] 121.40.92.53 /index.php/Admin/Cron/answer_reply
INFO: [ app_init ] --START--
INFO: Run Behavior\BuildLiteBehavior [ RunTime:0.000014s ]
INFO: [ app_init ] --END-- [ RunTime:0.000104s ]

[ 2015-03-30T22:36:01+08:00 ] 121.40.92.53 /index.php/Admin/Cron/recent_reply
INFO: [ app_init ] --START--
INFO: Run Behavior\BuildLiteBehavior [ RunTime:0.000020s ]
INFO: [ app_init ] --END-- [ RunTime:0.000127s ]

[ 2015-03-30T22:36:01+08:00 ] 121.40.92.53 /index.php/Admin/Cron/answer_reply
INFO: [ app_init ] --START--
INFO: Run Behavior\BuildLiteBehavior [ RunTime:0.000016s ]
INFO: [ app_init ] --END-- [ RunTime:0.000104s ]

[ 2015-03-30T22:38:01+08:00 ] 121.40.92.53 /index.php/Admin/Cron/recent_reply
INFO: [ app_init ] --START--
INFO: Run Behavior\BuildLiteBehavior [ RunTime:0.000015s ]
INFO: [ app_init ] --END-- [ RunTime:0.000092s ]

[ 2015-03-30T22:38:01+08:00 ] 121.40.92.53 /index.php/Admin/Cron/answer_reply
INFO: [ app_init ] --START--
INFO: Run Behavior\BuildLiteBehavior [ RunTime:0.000018s ]
INFO: [ app_init ] --END-- [ RunTime:0.000105s ]

[ 2015-03-30T22:40:01+08:00 ] 121.40.92.53 /index.php/Admin/Cron/recent_reply
INFO: [ app_init ] --START--
INFO: Run Behavior\BuildLiteBehavior [ RunTime:0.000011s ]
INFO: [ app_init ] --END-- [ RunTime:0.000066s ]

[ 2015-03-30T22:40:01+08:00 ] 121.40.92.53 /index.php/Admin/Cron/answer_reply
INFO: [ app_init ] --START--
INFO: Run Behavior\BuildLiteBehavior [ RunTime:0.000015s ]
INFO: [ app_init ] --END-- [ RunTime:0.000098s ]

[ 2015-03-30T22:42:01+08:00 ] 121.40.92.53 /index.php/Admin/Cron/recent_reply
INFO: [ app_init ] --START--
INFO: Run Behavior\BuildLiteBehavior [ RunTime:0.000014s ]
INFO: [ app_init ] --END-- [ RunTime:0.000101s ]

[ 2015-03-30T22:42:01+08:00 ] 121.40.92.53 /index.php/Admin/Cron/answer_reply
INFO: [ app_init ] --START--
INFO: Run Behavior\BuildLiteBehavior [ RunTime:0.000014s ]
INFO: [ app_init ] --END-- [ RunTime:0.000085s ]

[ 2015-03-30T22:44:01+08:00 ] 121.40.92.53 /index.php/Admin/Cron/recent_reply
INFO: [ app_init ] --START--
INFO: Run Behavior\BuildLiteBehavior [ RunTime:0.000015s ]
INFO: [ app_init ] --END-- [ RunTime:0.000095s ]

[ 2015-03-30T22:44:01+08:00 ] 121.40.92.53 /index.php/Admin/Cron/answer_reply
INFO: [ app_init ] --START--
INFO: Run Behavior\BuildLiteBehavior [ RunTime:0.000012s ]
INFO: [ app_init ] --END-- [ RunTime:0.000070s ]

[ 2015-03-30T22:46:02+08:00 ] 121.40.92.53 /index.php/Admin/Cron/recent_reply
INFO: [ app_init ] --START--
INFO: Run Behavior\BuildLiteBehavior [ RunTime:0.000014s ]
INFO: [ app_init ] --END-- [ RunTime:0.000116s ]

[ 2015-03-30T22:46:02+08:00 ] 121.40.92.53 /index.php/Admin/Cron/answer_reply
INFO: [ app_init ] --START--
INFO: Run Behavior\BuildLiteBehavior [ RunTime:0.000013s ]
INFO: [ app_init ] --END-- [ RunTime:0.000086s ]

[ 2015-03-30T22:48:01+08:00 ] 121.40.92.53 /index.php/Admin/Cron/recent_reply
INFO: [ app_init ] --START--
INFO: Run Behavior\BuildLiteBehavior [ RunTime:0.000022s ]
INFO: [ app_init ] --END-- [ RunTime:0.000128s ]

[ 2015-03-30T22:48:01+08:00 ] 121.40.92.53 /index.php/Admin/Cron/answer_reply
INFO: [ app_init ] --START--
INFO: Run Behavior\BuildLiteBehavior [ RunTime:0.000015s ]
INFO: [ app_init ] --END-- [ RunTime:0.000095s ]

[ 2015-03-30T22:50:01+08:00 ] 121.40.92.53 /index.php/Admin/Cron/recent_reply
INFO: [ app_init ] --START--
INFO: Run Behavior\BuildLiteBehavior [ RunTime:0.000023s ]
INFO: [ app_init ] --END-- [ RunTime:0.000130s ]

[ 2015-03-30T22:50:01+08:00 ] 121.40.92.53 /index.php/Admin/Cron/answer_reply
INFO: [ app_init ] --START--
INFO: Run Behavior\BuildLiteBehavior [ RunTime:0.000015s ]
INFO: [ app_init ] --END-- [ RunTime:0.000074s ]

[ 2015-03-30T22:52:01+08:00 ] 121.40.92.53 /index.php/Admin/Cron/recent_reply
INFO: [ app_init ] --START--
INFO: Run Behavior\BuildLiteBehavior [ RunTime:0.000014s ]
INFO: [ app_init ] --END-- [ RunTime:0.000100s ]

[ 2015-03-30T22:52:01+08:00 ] 121.40.92.53 /index.php/Admin/Cron/answer_reply
INFO: [ app_init ] --START--
INFO: Run Behavior\BuildLiteBehavior [ RunTime:0.000011s ]
INFO: [ app_init ] --END-- [ RunTime:0.000073s ]

[ 2015-03-30T22:54:01+08:00 ] 121.40.92.53 /index.php/Admin/Cron/recent_reply
INFO: [ app_init ] --START--
INFO: Run Behavior\BuildLiteBehavior [ RunTime:0.000015s ]
INFO: [ app_init ] --END-- [ RunTime:0.000103s ]

[ 2015-03-30T22:54:01+08:00 ] 121.40.92.53 /index.php/Admin/Cron/answer_reply
INFO: [ app_init ] --START--
INFO: Run Behavior\BuildLiteBehavior [ RunTime:0.000014s ]
INFO: [ app_init ] --END-- [ RunTime:0.000092s ]

[ 2015-03-30T22:56:01+08:00 ] 121.40.92.53 /index.php/Admin/Cron/recent_reply
INFO: [ app_init ] --START--
INFO: Run Behavior\BuildLiteBehavior [ RunTime:0.000014s ]
INFO: [ app_init ] --END-- [ RunTime:0.000090s ]

[ 2015-03-30T22:56:01+08:00 ] 121.40.92.53 /index.php/Admin/Cron/answer_reply
INFO: [ app_init ] --START--
INFO: Run Behavior\BuildLiteBehavior [ RunTime:0.000016s ]
INFO: [ app_init ] --END-- [ RunTime:0.000211s ]

[ 2015-03-30T22:58:01+08:00 ] 121.40.92.53 /index.php/Admin/Cron/recent_reply
INFO: [ app_init ] --START--
INFO: Run Behavior\BuildLiteBehavior [ RunTime:0.000014s ]
INFO: [ app_init ] --END-- [ RunTime:0.000103s ]

[ 2015-03-30T22:58:01+08:00 ] 121.40.92.53 /index.php/Admin/Cron/answer_reply
INFO: [ app_init ] --START--
INFO: Run Behavior\BuildLiteBehavior [ RunTime:0.000019s ]
INFO: [ app_init ] --END-- [ RunTime:0.000095s ]

[ 2015-03-30T23:00:01+08:00 ] 121.40.92.53 /index.php/Admin/Cron/recent_reply
INFO: [ app_init ] --START--
INFO: Run Behavior\BuildLiteBehavior [ RunTime:0.000019s ]
INFO: [ app_init ] --END-- [ RunTime:0.000136s ]

[ 2015-03-30T23:00:01+08:00 ] 121.40.92.53 /index.php/Admin/Cron/answer_reply
INFO: [ app_init ] --START--
INFO: Run Behavior\BuildLiteBehavior [ RunTime:0.000019s ]
INFO: [ app_init ] --END-- [ RunTime:0.000137s ]

[ 2015-03-30T23:02:01+08:00 ] 121.40.92.53 /index.php/Admin/Cron/recent_reply
INFO: [ app_init ] --START--
INFO: Run Behavior\BuildLiteBehavior [ RunTime:0.000015s ]
INFO: [ app_init ] --END-- [ RunTime:0.000108s ]

[ 2015-03-30T23:02:01+08:00 ] 121.40.92.53 /index.php/Admin/Cron/answer_reply
INFO: [ app_init ] --START--
INFO: Run Behavior\BuildLiteBehavior [ RunTime:0.000012s ]
INFO: [ app_init ] --END-- [ RunTime:0.000072s ]

[ 2015-03-30T23:04:01+08:00 ] 121.40.92.53 /index.php/Admin/Cron/recent_reply
INFO: [ app_init ] --START--
INFO: Run Behavior\BuildLiteBehavior [ RunTime:0.000013s ]
INFO: [ app_init ] --END-- [ RunTime:0.000078s ]

[ 2015-03-30T23:04:01+08:00 ] 121.40.92.53 /index.php/Admin/Cron/answer_reply
INFO: [ app_init ] --START--
INFO: Run Behavior\BuildLiteBehavior [ RunTime:0.000014s ]
INFO: [ app_init ] --END-- [ RunTime:0.000108s ]

[ 2015-03-30T23:06:01+08:00 ] 121.40.92.53 /index.php/Admin/Cron/recent_reply
INFO: [ app_init ] --START--
INFO: Run Behavior\BuildLiteBehavior [ RunTime:0.000014s ]
INFO: [ app_init ] --END-- [ RunTime:0.000086s ]

[ 2015-03-30T23:06:02+08:00 ] 121.40.92.53 /index.php/Admin/Cron/answer_reply
INFO: [ app_init ] --START--
INFO: Run Behavior\BuildLiteBehavior [ RunTime:0.000022s ]
INFO: [ app_init ] --END-- [ RunTime:0.000159s ]

[ 2015-03-30T23:08:01+08:00 ] 121.40.92.53 /index.php/Admin/Cron/recent_reply
INFO: [ app_init ] --START--
INFO: Run Behavior\BuildLiteBehavior [ RunTime:0.000014s ]
INFO: [ app_init ] --END-- [ RunTime:0.000101s ]

[ 2015-03-30T23:08:01+08:00 ] 121.40.92.53 /index.php/Admin/Cron/answer_reply
INFO: [ app_init ] --START--
INFO: Run Behavior\BuildLiteBehavior [ RunTime:0.000014s ]
INFO: [ app_init ] --END-- [ RunTime:0.000080s ]

[ 2015-03-30T23:10:01+08:00 ] 121.40.92.53 /index.php/Admin/Cron/recent_reply
INFO: [ app_init ] --START--
INFO: Run Behavior\BuildLiteBehavior [ RunTime:0.000011s ]
INFO: [ app_init ] --END-- [ RunTime:0.000072s ]

[ 2015-03-30T23:10:01+08:00 ] 121.40.92.53 /index.php/Admin/Cron/answer_reply
INFO: [ app_init ] --START--
INFO: Run Behavior\BuildLiteBehavior [ RunTime:0.000021s ]
INFO: [ app_init ] --END-- [ RunTime:0.000161s ]

[ 2015-03-30T23:12:01+08:00 ] 121.40.92.53 /index.php/Admin/Cron/recent_reply
INFO: [ app_init ] --START--
INFO: Run Behavior\BuildLiteBehavior [ RunTime:0.000015s ]
INFO: [ app_init ] --END-- [ RunTime:0.000136s ]

[ 2015-03-30T23:12:01+08:00 ] 121.40.92.53 /index.php/Admin/Cron/answer_reply
INFO: [ app_init ] --START--
INFO: Run Behavior\BuildLiteBehavior [ RunTime:0.000021s ]
INFO: [ app_init ] --END-- [ RunTime:0.000133s ]

[ 2015-03-30T23:14:01+08:00 ] 121.40.92.53 /index.php/Admin/Cron/recent_reply
INFO: [ app_init ] --START--
INFO: Run Behavior\BuildLiteBehavior [ RunTime:0.000012s ]
INFO: [ app_init ] --END-- [ RunTime:0.000097s ]

[ 2015-03-30T23:14:02+08:00 ] 121.40.92.53 /index.php/Admin/Cron/answer_reply
INFO: [ app_init ] --START--
INFO: Run Behavior\BuildLiteBehavior [ RunTime:0.000014s ]
INFO: [ app_init ] --END-- [ RunTime:0.000108s ]

[ 2015-03-30T23:16:01+08:00 ] 121.40.92.53 /index.php/Admin/Cron/recent_reply
INFO: [ app_init ] --START--
INFO: Run Behavior\BuildLiteBehavior [ RunTime:0.000021s ]
INFO: [ app_init ] --END-- [ RunTime:0.000139s ]

[ 2015-03-30T23:16:01+08:00 ] 121.40.92.53 /index.php/Admin/Cron/answer_reply
INFO: [ app_init ] --START--
INFO: Run Behavior\BuildLiteBehavior [ RunTime:0.000013s ]
INFO: [ app_init ] --END-- [ RunTime:0.000081s ]

[ 2015-03-30T23:18:01+08:00 ] 121.40.92.53 /index.php/Admin/Cron/recent_reply
INFO: [ app_init ] --START--
INFO: Run Behavior\BuildLiteBehavior [ RunTime:0.000016s ]
INFO: [ app_init ] --END-- [ RunTime:0.000121s ]

[ 2015-03-30T23:18:01+08:00 ] 121.40.92.53 /index.php/Admin/Cron/answer_reply
INFO: [ app_init ] --START--
INFO: Run Behavior\BuildLiteBehavior [ RunTime:0.000014s ]
INFO: [ app_init ] --END-- [ RunTime:0.000079s ]

[ 2015-03-30T23:20:01+08:00 ] 121.40.92.53 /index.php/Admin/Cron/recent_reply
INFO: [ app_init ] --START--
INFO: Run Behavior\BuildLiteBehavior [ RunTime:0.000014s ]
INFO: [ app_init ] --END-- [ RunTime:0.000099s ]

[ 2015-03-30T23:20:01+08:00 ] 121.40.92.53 /index.php/Admin/Cron/answer_reply
INFO: [ app_init ] --START--
INFO: Run Behavior\BuildLiteBehavior [ RunTime:0.000018s ]
INFO: [ app_init ] --END-- [ RunTime:0.000106s ]

[ 2015-03-30T23:22:01+08:00 ] 121.40.92.53 /index.php/Admin/Cron/recent_reply
INFO: [ app_init ] --START--
INFO: Run Behavior\BuildLiteBehavior [ RunTime:0.000012s ]
INFO: [ app_init ] --END-- [ RunTime:0.000075s ]

[ 2015-03-30T23:22:01+08:00 ] 121.40.92.53 /index.php/Admin/Cron/answer_reply
INFO: [ app_init ] --START--
INFO: Run Behavior\BuildLiteBehavior [ RunTime:0.000016s ]
INFO: [ app_init ] --END-- [ RunTime:0.000109s ]

[ 2015-03-30T23:24:01+08:00 ] 121.40.92.53 /index.php/Admin/Cron/recent_reply
INFO: [ app_init ] --START--
INFO: Run Behavior\BuildLiteBehavior [ RunTime:0.000015s ]
INFO: [ app_init ] --END-- [ RunTime:0.000103s ]

[ 2015-03-30T23:24:01+08:00 ] 121.40.92.53 /index.php/Admin/Cron/answer_reply
INFO: [ app_init ] --START--
INFO: Run Behavior\BuildLiteBehavior [ RunTime:0.000013s ]
INFO: [ app_init ] --END-- [ RunTime:0.000086s ]

[ 2015-03-30T23:26:01+08:00 ] 121.40.92.53 /index.php/Admin/Cron/recent_reply
INFO: [ app_init ] --START--
INFO: Run Behavior\BuildLiteBehavior [ RunTime:0.000012s ]
INFO: [ app_init ] --END-- [ RunTime:0.000074s ]

[ 2015-03-30T23:26:01+08:00 ] 121.40.92.53 /index.php/Admin/Cron/answer_reply
INFO: [ app_init ] --START--
INFO: Run Behavior\BuildLiteBehavior [ RunTime:0.000013s ]
INFO: [ app_init ] --END-- [ RunTime:0.000092s ]

[ 2015-03-30T23:28:01+08:00 ] 121.40.92.53 /index.php/Admin/Cron/answer_reply
INFO: [ app_init ] --START--
INFO: Run Behavior\BuildLiteBehavior [ RunTime:0.000012s ]
INFO: [ app_init ] --END-- [ RunTime:0.000072s ]

[ 2015-03-30T23:28:01+08:00 ] 121.40.92.53 /index.php/Admin/Cron/recent_reply
INFO: [ app_init ] --START--
INFO: Run Behavior\BuildLiteBehavior [ RunTime:0.000015s ]
INFO: [ app_init ] --END-- [ RunTime:0.000111s ]

[ 2015-03-30T23:30:01+08:00 ] 121.40.92.53 /index.php/Admin/Cron/recent_reply
INFO: [ app_init ] --START--
INFO: Run Behavior\BuildLiteBehavior [ RunTime:0.000014s ]
INFO: [ app_init ] --END-- [ RunTime:0.000088s ]

[ 2015-03-30T23:30:01+08:00 ] 121.40.92.53 /index.php/Admin/Cron/answer_reply
INFO: [ app_init ] --START--
INFO: Run Behavior\BuildLiteBehavior [ RunTime:0.000015s ]
INFO: [ app_init ] --END-- [ RunTime:0.000105s ]

[ 2015-03-30T23:32:01+08:00 ] 121.40.92.53 /index.php/Admin/Cron/recent_reply
INFO: [ app_init ] --START--
INFO: Run Behavior\BuildLiteBehavior [ RunTime:0.000022s ]
INFO: [ app_init ] --END-- [ RunTime:0.000164s ]

[ 2015-03-30T23:32:01+08:00 ] 121.40.92.53 /index.php/Admin/Cron/answer_reply
INFO: [ app_init ] --START--
INFO: Run Behavior\BuildLiteBehavior [ RunTime:0.000012s ]
INFO: [ app_init ] --END-- [ RunTime:0.000070s ]

[ 2015-03-30T23:34:01+08:00 ] 121.40.92.53 /index.php/Admin/Cron/recent_reply
INFO: [ app_init ] --START--
INFO: Run Behavior\BuildLiteBehavior [ RunTime:0.000017s ]
INFO: [ app_init ] --END-- [ RunTime:0.000089s ]

[ 2015-03-30T23:34:01+08:00 ] 121.40.92.53 /index.php/Admin/Cron/answer_reply
INFO: [ app_init ] --START--
INFO: Run Behavior\BuildLiteBehavior [ RunTime:0.000015s ]
INFO: [ app_init ] --END-- [ RunTime:0.000103s ]

[ 2015-03-30T23:36:01+08:00 ] 121.40.92.53 /index.php/Admin/Cron/answer_reply
INFO: [ app_init ] --START--
INFO: Run Behavior\BuildLiteBehavior [ RunTime:0.000016s ]
INFO: [ app_init ] --END-- [ RunTime:0.000109s ]

[ 2015-03-30T23:36:01+08:00 ] 121.40.92.53 /index.php/Admin/Cron/recent_reply
INFO: [ app_init ] --START--
INFO: Run Behavior\BuildLiteBehavior [ RunTime:0.000016s ]
INFO: [ app_init ] --END-- [ RunTime:0.000142s ]

[ 2015-03-30T23:38:01+08:00 ] 121.40.92.53 /index.php/Admin/Cron/answer_reply
INFO: [ app_init ] --START--
INFO: Run Behavior\BuildLiteBehavior [ RunTime:0.000025s ]
INFO: [ app_init ] --END-- [ RunTime:0.000161s ]

[ 2015-03-30T23:38:01+08:00 ] 121.40.92.53 /index.php/Admin/Cron/recent_reply
INFO: [ app_init ] --START--
INFO: Run Behavior\BuildLiteBehavior [ RunTime:0.000016s ]
INFO: [ app_init ] --END-- [ RunTime:0.000106s ]

[ 2015-03-30T23:40:01+08:00 ] 121.40.92.53 /index.php/Admin/Cron/recent_reply
INFO: [ app_init ] --START--
INFO: Run Behavior\BuildLiteBehavior [ RunTime:0.000014s ]
INFO: [ app_init ] --END-- [ RunTime:0.000102s ]

[ 2015-03-30T23:40:01+08:00 ] 121.40.92.53 /index.php/Admin/Cron/answer_reply
INFO: [ app_init ] --START--
INFO: Run Behavior\BuildLiteBehavior [ RunTime:0.000015s ]
INFO: [ app_init ] --END-- [ RunTime:0.000082s ]

[ 2015-03-30T23:42:01+08:00 ] 121.40.92.53 /index.php/Admin/Cron/recent_reply
INFO: [ app_init ] --START--
INFO: Run Behavior\BuildLiteBehavior [ RunTime:0.000017s ]
INFO: [ app_init ] --END-- [ RunTime:0.000100s ]

[ 2015-03-30T23:42:01+08:00 ] 121.40.92.53 /index.php/Admin/Cron/answer_reply
INFO: [ app_init ] --START--
INFO: Run Behavior\BuildLiteBehavior [ RunTime:0.000014s ]
INFO: [ app_init ] --END-- [ RunTime:0.000103s ]

[ 2015-03-30T23:44:01+08:00 ] 121.40.92.53 /index.php/Admin/Cron/recent_reply
INFO: [ app_init ] --START--
INFO: Run Behavior\BuildLiteBehavior [ RunTime:0.000020s ]
INFO: [ app_init ] --END-- [ RunTime:0.000143s ]

[ 2015-03-30T23:44:01+08:00 ] 121.40.92.53 /index.php/Admin/Cron/answer_reply
INFO: [ app_init ] --START--
INFO: Run Behavior\BuildLiteBehavior [ RunTime:0.000020s ]
INFO: [ app_init ] --END-- [ RunTime:0.000124s ]

[ 2015-03-30T23:46:01+08:00 ] 121.40.92.53 /index.php/Admin/Cron/recent_reply
INFO: [ app_init ] --START--
INFO: Run Behavior\BuildLiteBehavior [ RunTime:0.000012s ]
INFO: [ app_init ] --END-- [ RunTime:0.000080s ]

[ 2015-03-30T23:46:01+08:00 ] 121.40.92.53 /index.php/Admin/Cron/answer_reply
INFO: [ app_init ] --START--
INFO: Run Behavior\BuildLiteBehavior [ RunTime:0.000013s ]
INFO: [ app_init ] --END-- [ RunTime:0.000102s ]

[ 2015-03-30T23:48:01+08:00 ] 121.40.92.53 /index.php/Admin/Cron/recent_reply
INFO: [ app_init ] --START--
INFO: Run Behavior\BuildLiteBehavior [ RunTime:0.000011s ]
INFO: [ app_init ] --END-- [ RunTime:0.000071s ]

[ 2015-03-30T23:48:01+08:00 ] 121.40.92.53 /index.php/Admin/Cron/answer_reply
INFO: [ app_init ] --START--
INFO: Run Behavior\BuildLiteBehavior [ RunTime:0.000015s ]
INFO: [ app_init ] --END-- [ RunTime:0.000106s ]

[ 2015-03-30T23:50:01+08:00 ] 121.40.92.53 /index.php/Admin/Cron/recent_reply
INFO: [ app_init ] --START--
INFO: Run Behavior\BuildLiteBehavior [ RunTime:0.000017s ]
INFO: [ app_init ] --END-- [ RunTime:0.000114s ]

[ 2015-03-30T23:50:01+08:00 ] 121.40.92.53 /index.php/Admin/Cron/answer_reply
INFO: [ app_init ] --START--
INFO: Run Behavior\BuildLiteBehavior [ RunTime:0.000023s ]
INFO: [ app_init ] --END-- [ RunTime:0.000159s ]

[ 2015-03-30T23:52:01+08:00 ] 121.40.92.53 /index.php/Admin/Cron/recent_reply
INFO: [ app_init ] --START--
INFO: Run Behavior\BuildLiteBehavior [ RunTime:0.000012s ]
INFO: [ app_init ] --END-- [ RunTime:0.000071s ]

[ 2015-03-30T23:52:01+08:00 ] 121.40.92.53 /index.php/Admin/Cron/answer_reply
INFO: [ app_init ] --START--
INFO: Run Behavior\BuildLiteBehavior [ RunTime:0.000014s ]
INFO: [ app_init ] --END-- [ RunTime:0.000101s ]

[ 2015-03-30T23:54:01+08:00 ] 121.40.92.53 /index.php/Admin/Cron/recent_reply
INFO: [ app_init ] --START--
INFO: Run Behavior\BuildLiteBehavior [ RunTime:0.000017s ]
INFO: [ app_init ] --END-- [ RunTime:0.000093s ]

[ 2015-03-30T23:54:01+08:00 ] 121.40.92.53 /index.php/Admin/Cron/answer_reply
INFO: [ app_init ] --START--
INFO: Run Behavior\BuildLiteBehavior [ RunTime:0.000015s ]
INFO: [ app_init ] --END-- [ RunTime:0.000102s ]

[ 2015-03-30T23:56:01+08:00 ] 121.40.92.53 /index.php/Admin/Cron/recent_reply
INFO: [ app_init ] --START--
INFO: Run Behavior\BuildLiteBehavior [ RunTime:0.000016s ]
INFO: [ app_init ] --END-- [ RunTime:0.000090s ]

[ 2015-03-30T23:56:01+08:00 ] 121.40.92.53 /index.php/Admin/Cron/answer_reply
INFO: [ app_init ] --START--
INFO: Run Behavior\BuildLiteBehavior [ RunTime:0.000020s ]
INFO: [ app_init ] --END-- [ RunTime:0.000154s ]

[ 2015-03-30T23:58:01+08:00 ] 121.40.92.53 /index.php/Admin/Cron/recent_reply
INFO: [ app_init ] --START--
INFO: Run Behavior\BuildLiteBehavior [ RunTime:0.000018s ]
INFO: [ app_init ] --END-- [ RunTime:0.000086s ]

[ 2015-03-30T23:58:02+08:00 ] 121.40.92.53 /index.php/Admin/Cron/answer_reply
INFO: [ app_init ] --START--
INFO: Run Behavior\BuildLiteBehavior [ RunTime:0.000015s ]
INFO: [ app_init ] --END-- [ RunTime:0.000169s ]

