[ 2015-04-03T23:09:48+08:00 ] 110.80.63.113 /index.php/Admin/Merchant
INFO: [ app_init ] --START--
INFO: Run Behavior\BuildLiteBehavior [ RunTime:0.000021s ]
INFO: [ app_init ] --END-- [ RunTime:0.000124s ]
INFO: [ app_begin ] --START--
INFO: Run Behavior\ReadHtmlCacheBehavior [ RunTime:0.000041s ]
INFO: [ app_begin ] --END-- [ RunTime:0.000080s ]
NOTIC: [2048] Declaration of MerchantController::insert() should be compatible with CommonController::insert($dwz_db_name = '') /var/www/html/ycbb/Application/Admin/Controller/MerchantController.class.php 第 3 行.
NOTIC: [2048] Declaration of MerchantController::edit() should be compatible with CommonController::edit($dwz_db_name = '') /var/www/html/ycbb/Application/Admin/Controller/MerchantController.class.php 第 3 行.
NOTIC: [2048] Declaration of MerchantController::update() should be compatible with CommonController::update($dwz_db_name = '') /var/www/html/ycbb/Application/Admin/Controller/MerchantController.class.php 第 3 行.
NOTIC: [8] Undefined index: administrator /var/www/html/ycbb/Application/Admin/Controller/CommonController.class.php 第 22 行.
SQL: SHOW COLUMNS FROM `ycbb_auth_group_access` [ RunTime:0.000723s ]
SQL: SELECT `rules` FROM ycbb_auth_group_access a INNER JOIN ycbb_auth_group g on a.group_id=g.id  WHERE ( a.uid='53' and g.status='1' )  [ RunTime:0.000097s ]
SQL: SHOW COLUMNS FROM `ycbb_auth_rule` [ RunTime:0.000522s ]
SQL: SELECT `condition`,`name` FROM `ycbb_auth_rule` WHERE `id` IN ('16','20','32','35','9','11','13','36','37','14','39','40','18','19','21') AND `type` = 1 AND `status` = 1  [ RunTime:0.000092s ]
SQL: SHOW COLUMNS FROM `ycbb_city` [ RunTime:0.000578s ]
SQL: SELECT `id`,`name` FROM `ycbb_city` WHERE ( pid=0 )  [ RunTime:0.000085s ]
SQL: SHOW COLUMNS FROM `ycbb_merchant` [ RunTime:0.001139s ]
SQL: SELECT COUNT(*) AS tp_count FROM `ycbb_merchant` LIMIT 1   [ RunTime:0.000074s ]
SQL: SHOW COLUMNS FROM `ycbb_merchant` [ RunTime:0.001143s ]
SQL: SELECT a.id,a.merchant_name,a.manager,a.tel,a.province_id,a.city_id,a.area_id,a.address,a.intro,a.mobile,a.status,a.is_check,a.addtime,ifnull(b.mobile,"管理员")  as salename FROM ycbb_merchant as a LEFT JOIN ycbb_merchant as b on a.check_by = b.id  ORDER BY addtime desc LIMIT 30,10   [ RunTime:0.000085s ]
INFO: [ view_parse ] --START--
INFO: [ template_filter ] --START--
INFO: Run Behavior\ContentReplaceBehavior [ RunTime:0.000074s ]
INFO: [ template_filter ] --END-- [ RunTime:0.000143s ]
NOTIC: [8] Undefined variable: furl /var/www/html/ycbb/Runtime/Cache/Admin/d278e6bf5e2b672db9da7a76be6ae9fd.php 第 77 行.
SQL: SHOW COLUMNS FROM `ycbb_city` [ RunTime:0.001215s ]
SQL: SELECT * FROM `ycbb_city` WHERE `id` = 1330 LIMIT 1   [ RunTime:0.000168s ]
SQL: SELECT * FROM `ycbb_city` WHERE `id` = 1326 LIMIT 1   [ RunTime:0.000104s ]
SQL: SELECT * FROM `ycbb_city` WHERE `id` = 1310 LIMIT 1   [ RunTime:0.000140s ]
NOTIC: [8] Undefined index: baidumap /var/www/html/ycbb/Runtime/Cache/Admin/d278e6bf5e2b672db9da7a76be6ae9fd.php 第 92 行.
NOTIC: [8] Undefined variable: furl /var/www/html/ycbb/Runtime/Cache/Admin/d278e6bf5e2b672db9da7a76be6ae9fd.php 第 77 行.
SQL: SELECT * FROM `ycbb_city` WHERE `id` = 1328 LIMIT 1   [ RunTime:0.000076s ]
SQL: SELECT * FROM `ycbb_city` WHERE `id` = 1326 LIMIT 1   [ RunTime:0.000068s ]
SQL: SELECT * FROM `ycbb_city` WHERE `id` = 1310 LIMIT 1   [ RunTime:0.000086s ]
NOTIC: [8] Undefined index: baidumap /var/www/html/ycbb/Runtime/Cache/Admin/d278e6bf5e2b672db9da7a76be6ae9fd.php 第 92 行.
NOTIC: [8] Undefined variable: furl /var/www/html/ycbb/Runtime/Cache/Admin/d278e6bf5e2b672db9da7a76be6ae9fd.php 第 77 行.
SQL: SELECT * FROM `ycbb_city` WHERE `id` = 1330 LIMIT 1   [ RunTime:0.000069s ]
SQL: SELECT * FROM `ycbb_city` WHERE `id` = 1326 LIMIT 1   [ RunTime:0.000068s ]
SQL: SELECT * FROM `ycbb_city` WHERE `id` = 1310 LIMIT 1   [ RunTime:0.000068s ]
NOTIC: [8] Undefined index: baidumap /var/www/html/ycbb/Runtime/Cache/Admin/d278e6bf5e2b672db9da7a76be6ae9fd.php 第 92 行.
NOTIC: [8] Undefined variable: furl /var/www/html/ycbb/Runtime/Cache/Admin/d278e6bf5e2b672db9da7a76be6ae9fd.php 第 77 行.
SQL: SELECT * FROM `ycbb_city` WHERE `id` = 1328 LIMIT 1   [ RunTime:0.000067s ]
SQL: SELECT * FROM `ycbb_city` WHERE `id` = 1326 LIMIT 1   [ RunTime:0.000065s ]
SQL: SELECT * FROM `ycbb_city` WHERE `id` = 1310 LIMIT 1   [ RunTime:0.000066s ]
NOTIC: [8] Undefined index: baidumap /var/www/html/ycbb/Runtime/Cache/Admin/d278e6bf5e2b672db9da7a76be6ae9fd.php 第 92 行.
NOTIC: [8] Undefined variable: furl /var/www/html/ycbb/Runtime/Cache/Admin/d278e6bf5e2b672db9da7a76be6ae9fd.php 第 77 行.
SQL: SELECT * FROM `ycbb_city` WHERE `id` = 1330 LIMIT 1   [ RunTime:0.000066s ]
SQL: SELECT * FROM `ycbb_city` WHERE `id` = 1326 LIMIT 1   [ RunTime:0.000065s ]
SQL: SELECT * FROM `ycbb_city` WHERE `id` = 1310 LIMIT 1   [ RunTime:0.000067s ]
NOTIC: [8] Undefined index: baidumap /var/www/html/ycbb/Runtime/Cache/Admin/d278e6bf5e2b672db9da7a76be6ae9fd.php 第 92 行.
NOTIC: [8] Undefined variable: furl /var/www/html/ycbb/Runtime/Cache/Admin/d278e6bf5e2b672db9da7a76be6ae9fd.php 第 77 行.
SQL: SELECT * FROM `ycbb_city` WHERE `id` = 1330 LIMIT 1   [ RunTime:0.000069s ]
SQL: SELECT * FROM `ycbb_city` WHERE `id` = 1326 LIMIT 1   [ RunTime:0.000065s ]
SQL: SELECT * FROM `ycbb_city` WHERE `id` = 1310 LIMIT 1   [ RunTime:0.000072s ]
NOTIC: [8] Undefined index: baidumap /var/www/html/ycbb/Runtime/Cache/Admin/d278e6bf5e2b672db9da7a76be6ae9fd.php 第 92 行.
NOTIC: [8] Undefined variable: furl /var/www/html/ycbb/Runtime/Cache/Admin/d278e6bf5e2b672db9da7a76be6ae9fd.php 第 77 行.
NOTIC: [8] Undefined index: baidumap /var/www/html/ycbb/Runtime/Cache/Admin/d278e6bf5e2b672db9da7a76be6ae9fd.php 第 92 行.
NOTIC: [8] Undefined variable: furl /var/www/html/ycbb/Runtime/Cache/Admin/d278e6bf5e2b672db9da7a76be6ae9fd.php 第 77 行.
SQL: SELECT * FROM `ycbb_city` WHERE `id` = 1330 LIMIT 1   [ RunTime:0.000066s ]
SQL: SELECT * FROM `ycbb_city` WHERE `id` = 1326 LIMIT 1   [ RunTime:0.000087s ]
SQL: SELECT * FROM `ycbb_city` WHERE `id` = 1310 LIMIT 1   [ RunTime:0.000068s ]
NOTIC: [8] Undefined index: baidumap /var/www/html/ycbb/Runtime/Cache/Admin/d278e6bf5e2b672db9da7a76be6ae9fd.php 第 92 行.
NOTIC: [8] Undefined variable: furl /var/www/html/ycbb/Runtime/Cache/Admin/d278e6bf5e2b672db9da7a76be6ae9fd.php 第 77 行.
NOTIC: [8] Undefined index: baidumap /var/www/html/ycbb/Runtime/Cache/Admin/d278e6bf5e2b672db9da7a76be6ae9fd.php 第 92 行.
NOTIC: [8] Undefined variable: furl /var/www/html/ycbb/Runtime/Cache/Admin/d278e6bf5e2b672db9da7a76be6ae9fd.php 第 77 行.
SQL: SELECT * FROM `ycbb_city` WHERE `id` = 1330 LIMIT 1   [ RunTime:0.000069s ]
SQL: SELECT * FROM `ycbb_city` WHERE `id` = 1326 LIMIT 1   [ RunTime:0.000072s ]
SQL: SELECT * FROM `ycbb_city` WHERE `id` = 1310 LIMIT 1   [ RunTime:0.000068s ]
NOTIC: [8] Undefined index: baidumap /var/www/html/ycbb/Runtime/Cache/Admin/d278e6bf5e2b672db9da7a76be6ae9fd.php 第 92 行.
INFO: Run Behavior\ParseTemplateBehavior [ RunTime:0.015838s ]
INFO: [ view_parse ] --END-- [ RunTime:0.015879s ]
INFO: [ view_filter ] --START--
INFO: Run Behavior\WriteHtmlCacheBehavior [ RunTime:0.000080s ]
INFO: [ view_filter ] --END-- [ RunTime:0.000112s ]
INFO: [ app_end ] --START--
INFO: Run Behavior\ShowPageTraceBehavior [ RunTime:0.000044s ]
INFO: [ app_end ] --END-- [ RunTime:0.000083s ]

[ 2015-04-03T23:09:50+08:00 ] 110.80.63.113 /index.php/Admin/Merchant/edit/id/263/furl/?_=1428073740624
INFO: [ app_init ] --START--
INFO: Run Behavior\BuildLiteBehavior [ RunTime:0.000026s ]
INFO: [ app_init ] --END-- [ RunTime:0.000190s ]
INFO: [ app_begin ] --START--
INFO: Run Behavior\ReadHtmlCacheBehavior [ RunTime:0.000084s ]
INFO: [ app_begin ] --END-- [ RunTime:0.000131s ]
NOTIC: [2048] Declaration of MerchantController::insert() should be compatible with CommonController::insert($dwz_db_name = '') /var/www/html/ycbb/Application/Admin/Controller/MerchantController.class.php 第 3 行.
NOTIC: [2048] Declaration of MerchantController::edit() should be compatible with CommonController::edit($dwz_db_name = '') /var/www/html/ycbb/Application/Admin/Controller/MerchantController.class.php 第 3 行.
NOTIC: [2048] Declaration of MerchantController::update() should be compatible with CommonController::update($dwz_db_name = '') /var/www/html/ycbb/Application/Admin/Controller/MerchantController.class.php 第 3 行.
NOTIC: [8] Undefined index: administrator /var/www/html/ycbb/Application/Admin/Controller/CommonController.class.php 第 22 行.
SQL: SHOW COLUMNS FROM `ycbb_auth_group_access` [ RunTime:0.000694s ]
SQL: SELECT `rules` FROM ycbb_auth_group_access a INNER JOIN ycbb_auth_group g on a.group_id=g.id  WHERE ( a.uid='53' and g.status='1' )  [ RunTime:0.000082s ]
SQL: SHOW COLUMNS FROM `ycbb_auth_rule` [ RunTime:0.000552s ]
SQL: SELECT `condition`,`name` FROM `ycbb_auth_rule` WHERE `id` IN ('16','20','32','35','9','11','13','36','37','14','39','40','18','19','21') AND `type` = 1 AND `status` = 1  [ RunTime:0.000087s ]
SQL: SHOW COLUMNS FROM `ycbb_city` [ RunTime:0.000600s ]
SQL: SELECT `id`,`name` FROM `ycbb_city` WHERE ( pid=0 )  [ RunTime:0.000096s ]
SQL: SHOW COLUMNS FROM `ycbb_merchant` [ RunTime:0.001129s ]
SQL: SELECT * FROM `ycbb_merchant` WHERE `id` = 263 LIMIT 1   [ RunTime:0.000418s ]
SQL: SELECT `id`,`name` FROM `ycbb_city` WHERE ( pid=1310 )  [ RunTime:0.000116s ]
SQL: SELECT `id`,`name` FROM `ycbb_city` WHERE ( pid=1326 )  [ RunTime:0.000085s ]
SQL: SHOW COLUMNS FROM `ycbb_category` [ RunTime:0.000692s ]
SQL: SELECT `id`,`name` FROM `ycbb_category` WHERE ( pid=0 )  [ RunTime:0.000082s ]
NOTIC: [2] in_array() expects parameter 2 to be array, integer given /var/www/html/ycbb/Application/Admin/Controller/MerchantController.class.php 第 144 行.
NOTIC: [2] in_array() expects parameter 2 to be array, integer given /var/www/html/ycbb/Application/Admin/Controller/MerchantController.class.php 第 144 行.
NOTIC: [2] in_array() expects parameter 2 to be array, integer given /var/www/html/ycbb/Application/Admin/Controller/MerchantController.class.php 第 144 行.
NOTIC: [2] in_array() expects parameter 2 to be array, integer given /var/www/html/ycbb/Application/Admin/Controller/MerchantController.class.php 第 144 行.
INFO: [ view_parse ] --START--
INFO: [ template_filter ] --START--
INFO: Run Behavior\ContentReplaceBehavior [ RunTime:0.000126s ]
INFO: [ template_filter ] --END-- [ RunTime:0.000208s ]
INFO: Run Behavior\ParseTemplateBehavior [ RunTime:0.007941s ]
INFO: [ view_parse ] --END-- [ RunTime:0.008000s ]
INFO: [ view_filter ] --START--
INFO: Run Behavior\WriteHtmlCacheBehavior [ RunTime:0.000068s ]
INFO: [ view_filter ] --END-- [ RunTime:0.000126s ]
INFO: [ app_end ] --START--
INFO: Run Behavior\ShowPageTraceBehavior [ RunTime:0.000073s ]
INFO: [ app_end ] --END-- [ RunTime:0.000138s ]

[ 2015-04-03T23:09:52+08:00 ] 110.80.63.113 /index.php/Admin/Merchant/index?_=1428073743073
INFO: [ app_init ] --START--
INFO: Run Behavior\BuildLiteBehavior [ RunTime:0.000022s ]
INFO: [ app_init ] --END-- [ RunTime:0.000163s ]
INFO: [ app_begin ] --START--
INFO: Run Behavior\ReadHtmlCacheBehavior [ RunTime:0.000070s ]
INFO: [ app_begin ] --END-- [ RunTime:0.000139s ]
NOTIC: [2048] Declaration of MerchantController::insert() should be compatible with CommonController::insert($dwz_db_name = '') /var/www/html/ycbb/Application/Admin/Controller/MerchantController.class.php 第 3 行.
NOTIC: [2048] Declaration of MerchantController::edit() should be compatible with CommonController::edit($dwz_db_name = '') /var/www/html/ycbb/Application/Admin/Controller/MerchantController.class.php 第 3 行.
NOTIC: [2048] Declaration of MerchantController::update() should be compatible with CommonController::update($dwz_db_name = '') /var/www/html/ycbb/Application/Admin/Controller/MerchantController.class.php 第 3 行.
NOTIC: [8] Undefined index: administrator /var/www/html/ycbb/Application/Admin/Controller/CommonController.class.php 第 22 行.
SQL: SHOW COLUMNS FROM `ycbb_auth_group_access` [ RunTime:0.000674s ]
SQL: SELECT `rules` FROM ycbb_auth_group_access a INNER JOIN ycbb_auth_group g on a.group_id=g.id  WHERE ( a.uid='53' and g.status='1' )  [ RunTime:0.000071s ]
SQL: SHOW COLUMNS FROM `ycbb_auth_rule` [ RunTime:0.000638s ]
SQL: SELECT `condition`,`name` FROM `ycbb_auth_rule` WHERE `id` IN ('16','20','32','35','9','11','13','36','37','14','39','40','18','19','21') AND `type` = 1 AND `status` = 1  [ RunTime:0.000076s ]
SQL: SHOW COLUMNS FROM `ycbb_city` [ RunTime:0.000619s ]
SQL: SELECT `id`,`name` FROM `ycbb_city` WHERE ( pid=0 )  [ RunTime:0.000090s ]
SQL: SHOW COLUMNS FROM `ycbb_merchant` [ RunTime:0.001355s ]
SQL: SELECT COUNT(*) AS tp_count FROM `ycbb_merchant` LIMIT 1   [ RunTime:0.000073s ]
SQL: SHOW COLUMNS FROM `ycbb_merchant` [ RunTime:0.001034s ]
SQL: SELECT a.id,a.merchant_name,a.manager,a.tel,a.province_id,a.city_id,a.area_id,a.address,a.intro,a.mobile,a.status,a.is_check,a.addtime,ifnull(b.mobile,"管理员")  as salename FROM ycbb_merchant as a LEFT JOIN ycbb_merchant as b on a.check_by = b.id  ORDER BY addtime desc LIMIT 0,10   [ RunTime:0.000114s ]
INFO: [ view_parse ] --START--
INFO: [ template_filter ] --START--
INFO: Run Behavior\ContentReplaceBehavior [ RunTime:0.000076s ]
INFO: [ template_filter ] --END-- [ RunTime:0.000185s ]
NOTIC: [8] Undefined index: _order /var/www/html/ycbb/Runtime/Cache/Admin/d278e6bf5e2b672db9da7a76be6ae9fd.php 第 4 行.
NOTIC: [8] Undefined index: listRows /var/www/html/ycbb/Runtime/Cache/Admin/d278e6bf5e2b672db9da7a76be6ae9fd.php 第 6 行.
NOTIC: [8] Undefined variable: furl /var/www/html/ycbb/Runtime/Cache/Admin/d278e6bf5e2b672db9da7a76be6ae9fd.php 第 77 行.
NOTIC: [8] Undefined index: baidumap /var/www/html/ycbb/Runtime/Cache/Admin/d278e6bf5e2b672db9da7a76be6ae9fd.php 第 92 行.
NOTIC: [8] Undefined variable: furl /var/www/html/ycbb/Runtime/Cache/Admin/d278e6bf5e2b672db9da7a76be6ae9fd.php 第 77 行.
SQL: SHOW COLUMNS FROM `ycbb_city` [ RunTime:0.001037s ]
SQL: SELECT * FROM `ycbb_city` WHERE `id` = 1328 LIMIT 1   [ RunTime:0.000237s ]
SQL: SELECT * FROM `ycbb_city` WHERE `id` = 1326 LIMIT 1   [ RunTime:0.000113s ]
SQL: SELECT * FROM `ycbb_city` WHERE `id` = 1310 LIMIT 1   [ RunTime:0.000168s ]
NOTIC: [8] Undefined index: baidumap /var/www/html/ycbb/Runtime/Cache/Admin/d278e6bf5e2b672db9da7a76be6ae9fd.php 第 92 行.
NOTIC: [8] Undefined variable: furl /var/www/html/ycbb/Runtime/Cache/Admin/d278e6bf5e2b672db9da7a76be6ae9fd.php 第 77 行.
SQL: SELECT * FROM `ycbb_city` WHERE `id` = 1328 LIMIT 1   [ RunTime:0.000082s ]
SQL: SELECT * FROM `ycbb_city` WHERE `id` = 1326 LIMIT 1   [ RunTime:0.000073s ]
SQL: SELECT * FROM `ycbb_city` WHERE `id` = 1310 LIMIT 1   [ RunTime:0.000076s ]
NOTIC: [8] Undefined index: baidumap /var/www/html/ycbb/Runtime/Cache/Admin/d278e6bf5e2b672db9da7a76be6ae9fd.php 第 92 行.
NOTIC: [8] Undefined variable: furl /var/www/html/ycbb/Runtime/Cache/Admin/d278e6bf5e2b672db9da7a76be6ae9fd.php 第 77 行.
NOTIC: [8] Undefined index: baidumap /var/www/html/ycbb/Runtime/Cache/Admin/d278e6bf5e2b672db9da7a76be6ae9fd.php 第 92 行.
NOTIC: [8] Undefined variable: furl /var/www/html/ycbb/Runtime/Cache/Admin/d278e6bf5e2b672db9da7a76be6ae9fd.php 第 77 行.
NOTIC: [8] Undefined index: baidumap /var/www/html/ycbb/Runtime/Cache/Admin/d278e6bf5e2b672db9da7a76be6ae9fd.php 第 92 行.
NOTIC: [8] Undefined variable: furl /var/www/html/ycbb/Runtime/Cache/Admin/d278e6bf5e2b672db9da7a76be6ae9fd.php 第 77 行.
SQL: SELECT * FROM `ycbb_city` WHERE `id` = 1328 LIMIT 1   [ RunTime:0.000074s ]
SQL: SELECT * FROM `ycbb_city` WHERE `id` = 1326 LIMIT 1   [ RunTime:0.000071s ]
SQL: SELECT * FROM `ycbb_city` WHERE `id` = 1310 LIMIT 1   [ RunTime:0.000070s ]
NOTIC: [8] Undefined index: baidumap /var/www/html/ycbb/Runtime/Cache/Admin/d278e6bf5e2b672db9da7a76be6ae9fd.php 第 92 行.
NOTIC: [8] Undefined variable: furl /var/www/html/ycbb/Runtime/Cache/Admin/d278e6bf5e2b672db9da7a76be6ae9fd.php 第 77 行.
NOTIC: [8] Undefined index: baidumap /var/www/html/ycbb/Runtime/Cache/Admin/d278e6bf5e2b672db9da7a76be6ae9fd.php 第 92 行.
NOTIC: [8] Undefined variable: furl /var/www/html/ycbb/Runtime/Cache/Admin/d278e6bf5e2b672db9da7a76be6ae9fd.php 第 77 行.
NOTIC: [8] Undefined index: baidumap /var/www/html/ycbb/Runtime/Cache/Admin/d278e6bf5e2b672db9da7a76be6ae9fd.php 第 92 行.
NOTIC: [8] Undefined variable: furl /var/www/html/ycbb/Runtime/Cache/Admin/d278e6bf5e2b672db9da7a76be6ae9fd.php 第 77 行.
NOTIC: [8] Undefined index: baidumap /var/www/html/ycbb/Runtime/Cache/Admin/d278e6bf5e2b672db9da7a76be6ae9fd.php 第 92 行.
NOTIC: [8] Undefined variable: furl /var/www/html/ycbb/Runtime/Cache/Admin/d278e6bf5e2b672db9da7a76be6ae9fd.php 第 77 行.
NOTIC: [8] Undefined index: baidumap /var/www/html/ycbb/Runtime/Cache/Admin/d278e6bf5e2b672db9da7a76be6ae9fd.php 第 92 行.
INFO: Run Behavior\ParseTemplateBehavior [ RunTime:0.014229s ]
INFO: [ view_parse ] --END-- [ RunTime:0.014281s ]
INFO: [ view_filter ] --START--
INFO: Run Behavior\WriteHtmlCacheBehavior [ RunTime:0.000086s ]
INFO: [ view_filter ] --END-- [ RunTime:0.000132s ]
INFO: [ app_end ] --START--
INFO: Run Behavior\ShowPageTraceBehavior [ RunTime:0.000052s ]
INFO: [ app_end ] --END-- [ RunTime:0.000093s ]

[ 2015-04-03T23:09:54+08:00 ] 110.80.63.113 /index.php/Admin/Merchant
INFO: [ app_init ] --START--
INFO: Run Behavior\BuildLiteBehavior [ RunTime:0.000014s ]
INFO: [ app_init ] --END-- [ RunTime:0.000092s ]
INFO: [ app_begin ] --START--
INFO: Run Behavior\ReadHtmlCacheBehavior [ RunTime:0.000034s ]
INFO: [ app_begin ] --END-- [ RunTime:0.000070s ]
NOTIC: [2048] Declaration of MerchantController::insert() should be compatible with CommonController::insert($dwz_db_name = '') /var/www/html/ycbb/Application/Admin/Controller/MerchantController.class.php 第 3 行.
NOTIC: [2048] Declaration of MerchantController::edit() should be compatible with CommonController::edit($dwz_db_name = '') /var/www/html/ycbb/Application/Admin/Controller/MerchantController.class.php 第 3 行.
NOTIC: [2048] Declaration of MerchantController::update() should be compatible with CommonController::update($dwz_db_name = '') /var/www/html/ycbb/Application/Admin/Controller/MerchantController.class.php 第 3 行.
NOTIC: [8] Undefined index: administrator /var/www/html/ycbb/Application/Admin/Controller/CommonController.class.php 第 22 行.
SQL: SHOW COLUMNS FROM `ycbb_auth_group_access` [ RunTime:0.000778s ]
SQL: SELECT `rules` FROM ycbb_auth_group_access a INNER JOIN ycbb_auth_group g on a.group_id=g.id  WHERE ( a.uid='53' and g.status='1' )  [ RunTime:0.000092s ]
SQL: SHOW COLUMNS FROM `ycbb_auth_rule` [ RunTime:0.000727s ]
SQL: SELECT `condition`,`name` FROM `ycbb_auth_rule` WHERE `id` IN ('16','20','32','35','9','11','13','36','37','14','39','40','18','19','21') AND `type` = 1 AND `status` = 1  [ RunTime:0.000130s ]
SQL: SHOW COLUMNS FROM `ycbb_city` [ RunTime:0.000713s ]
SQL: SELECT `id`,`name` FROM `ycbb_city` WHERE ( pid=0 )  [ RunTime:0.000112s ]
SQL: SHOW COLUMNS FROM `ycbb_merchant` [ RunTime:0.001428s ]
SQL: SELECT COUNT(*) AS tp_count FROM `ycbb_merchant` LIMIT 1   [ RunTime:0.000092s ]
SQL: SHOW COLUMNS FROM `ycbb_merchant` [ RunTime:0.001147s ]
SQL: SELECT a.id,a.merchant_name,a.manager,a.tel,a.province_id,a.city_id,a.area_id,a.address,a.intro,a.mobile,a.status,a.is_check,a.addtime,ifnull(b.mobile,"管理员")  as salename FROM ycbb_merchant as a LEFT JOIN ycbb_merchant as b on a.check_by = b.id  ORDER BY addtime desc LIMIT 80,10   [ RunTime:0.001179s ]
INFO: [ view_parse ] --START--
INFO: [ template_filter ] --START--
INFO: Run Behavior\ContentReplaceBehavior [ RunTime:0.000085s ]
INFO: [ template_filter ] --END-- [ RunTime:0.000152s ]
NOTIC: [8] Undefined variable: furl /var/www/html/ycbb/Runtime/Cache/Admin/d278e6bf5e2b672db9da7a76be6ae9fd.php 第 77 行.
SQL: SHOW COLUMNS FROM `ycbb_city` [ RunTime:0.001360s ]
SQL: SELECT * FROM `ycbb_city` WHERE `id` = 1330 LIMIT 1   [ RunTime:0.000128s ]
SQL: SELECT * FROM `ycbb_city` WHERE `id` = 1326 LIMIT 1   [ RunTime:0.000101s ]
SQL: SELECT * FROM `ycbb_city` WHERE `id` = 1310 LIMIT 1   [ RunTime:0.000100s ]
NOTIC: [8] Undefined index: baidumap /var/www/html/ycbb/Runtime/Cache/Admin/d278e6bf5e2b672db9da7a76be6ae9fd.php 第 92 行.
NOTIC: [8] Undefined variable: furl /var/www/html/ycbb/Runtime/Cache/Admin/d278e6bf5e2b672db9da7a76be6ae9fd.php 第 77 行.
SQL: SELECT * FROM `ycbb_city` WHERE `id` = 1330 LIMIT 1   [ RunTime:0.000116s ]
SQL: SELECT * FROM `ycbb_city` WHERE `id` = 1326 LIMIT 1   [ RunTime:0.000103s ]
SQL: SELECT * FROM `ycbb_city` WHERE `id` = 1310 LIMIT 1   [ RunTime:0.000100s ]
NOTIC: [8] Undefined index: baidumap /var/www/html/ycbb/Runtime/Cache/Admin/d278e6bf5e2b672db9da7a76be6ae9fd.php 第 92 行.
NOTIC: [8] Undefined variable: furl /var/www/html/ycbb/Runtime/Cache/Admin/d278e6bf5e2b672db9da7a76be6ae9fd.php 第 77 行.
SQL: SELECT * FROM `ycbb_city` WHERE `id` = 1330 LIMIT 1   [ RunTime:0.000147s ]
SQL: SELECT * FROM `ycbb_city` WHERE `id` = 1326 LIMIT 1   [ RunTime:0.000104s ]
SQL: SELECT * FROM `ycbb_city` WHERE `id` = 1310 LIMIT 1   [ RunTime:0.000099s ]
NOTIC: [8] Undefined index: baidumap /var/www/html/ycbb/Runtime/Cache/Admin/d278e6bf5e2b672db9da7a76be6ae9fd.php 第 92 行.
NOTIC: [8] Undefined variable: furl /var/www/html/ycbb/Runtime/Cache/Admin/d278e6bf5e2b672db9da7a76be6ae9fd.php 第 77 行.
SQL: SELECT * FROM `ycbb_city` WHERE `id` = 1330 LIMIT 1   [ RunTime:0.000070s ]
SQL: SELECT * FROM `ycbb_city` WHERE `id` = 1326 LIMIT 1   [ RunTime:0.000068s ]
SQL: SELECT * FROM `ycbb_city` WHERE `id` = 1310 LIMIT 1   [ RunTime:0.000070s ]
NOTIC: [8] Undefined index: baidumap /var/www/html/ycbb/Runtime/Cache/Admin/d278e6bf5e2b672db9da7a76be6ae9fd.php 第 92 行.
NOTIC: [8] Undefined variable: furl /var/www/html/ycbb/Runtime/Cache/Admin/d278e6bf5e2b672db9da7a76be6ae9fd.php 第 77 行.
SQL: SELECT * FROM `ycbb_city` WHERE `id` = 1330 LIMIT 1   [ RunTime:0.000079s ]
SQL: SELECT * FROM `ycbb_city` WHERE `id` = 1326 LIMIT 1   [ RunTime:0.000085s ]
SQL: SELECT * FROM `ycbb_city` WHERE `id` = 1310 LIMIT 1   [ RunTime:0.000073s ]
NOTIC: [8] Undefined index: baidumap /var/www/html/ycbb/Runtime/Cache/Admin/d278e6bf5e2b672db9da7a76be6ae9fd.php 第 92 行.
NOTIC: [8] Undefined variable: furl /var/www/html/ycbb/Runtime/Cache/Admin/d278e6bf5e2b672db9da7a76be6ae9fd.php 第 77 行.
SQL: SELECT * FROM `ycbb_city` WHERE `id` = 1328 LIMIT 1   [ RunTime:0.000070s ]
SQL: SELECT * FROM `ycbb_city` WHERE `id` = 1326 LIMIT 1   [ RunTime:0.000091s ]
SQL: SELECT * FROM `ycbb_city` WHERE `id` = 1310 LIMIT 1   [ RunTime:0.000078s ]
NOTIC: [8] Undefined index: baidumap /var/www/html/ycbb/Runtime/Cache/Admin/d278e6bf5e2b672db9da7a76be6ae9fd.php 第 92 行.
NOTIC: [8] Undefined variable: furl /var/www/html/ycbb/Runtime/Cache/Admin/d278e6bf5e2b672db9da7a76be6ae9fd.php 第 77 行.
SQL: SELECT * FROM `ycbb_city` WHERE `id` = 1330 LIMIT 1   [ RunTime:0.000069s ]
SQL: SELECT * FROM `ycbb_city` WHERE `id` = 1326 LIMIT 1   [ RunTime:0.000067s ]
SQL: SELECT * FROM `ycbb_city` WHERE `id` = 1310 LIMIT 1   [ RunTime:0.000081s ]
NOTIC: [8] Undefined index: baidumap /var/www/html/ycbb/Runtime/Cache/Admin/d278e6bf5e2b672db9da7a76be6ae9fd.php 第 92 行.
NOTIC: [8] Undefined variable: furl /var/www/html/ycbb/Runtime/Cache/Admin/d278e6bf5e2b672db9da7a76be6ae9fd.php 第 77 行.
SQL: SELECT * FROM `ycbb_city` WHERE `id` = 1330 LIMIT 1   [ RunTime:0.000067s ]
SQL: SELECT * FROM `ycbb_city` WHERE `id` = 1326 LIMIT 1   [ RunTime:0.000079s ]
SQL: SELECT * FROM `ycbb_city` WHERE `id` = 1310 LIMIT 1   [ RunTime:0.000087s ]
NOTIC: [8] Undefined index: baidumap /var/www/html/ycbb/Runtime/Cache/Admin/d278e6bf5e2b672db9da7a76be6ae9fd.php 第 92 行.
NOTIC: [8] Undefined variable: furl /var/www/html/ycbb/Runtime/Cache/Admin/d278e6bf5e2b672db9da7a76be6ae9fd.php 第 77 行.
SQL: SELECT * FROM `ycbb_city` WHERE `id` = 1330 LIMIT 1   [ RunTime:0.000104s ]
SQL: SELECT * FROM `ycbb_city` WHERE `id` = 1326 LIMIT 1   [ RunTime:0.000099s ]
SQL: SELECT * FROM `ycbb_city` WHERE `id` = 1310 LIMIT 1   [ RunTime:0.000101s ]
NOTIC: [8] Undefined index: baidumap /var/www/html/ycbb/Runtime/Cache/Admin/d278e6bf5e2b672db9da7a76be6ae9fd.php 第 92 行.
NOTIC: [8] Undefined variable: furl /var/www/html/ycbb/Runtime/Cache/Admin/d278e6bf5e2b672db9da7a76be6ae9fd.php 第 77 行.
NOTIC: [8] Undefined index: baidumap /var/www/html/ycbb/Runtime/Cache/Admin/d278e6bf5e2b672db9da7a76be6ae9fd.php 第 92 行.
INFO: Run Behavior\ParseTemplateBehavior [ RunTime:0.018487s ]
INFO: [ view_parse ] --END-- [ RunTime:0.018547s ]
INFO: [ view_filter ] --START--
INFO: Run Behavior\WriteHtmlCacheBehavior [ RunTime:0.000100s ]
INFO: [ view_filter ] --END-- [ RunTime:0.000159s ]
INFO: [ app_end ] --START--
INFO: Run Behavior\ShowPageTraceBehavior [ RunTime:0.000060s ]
INFO: [ app_end ] --END-- [ RunTime:0.000123s ]

[ 2015-04-03T23:09:56+08:00 ] 110.80.63.113 /index.php/Admin/Merchant/edit/id/215/furl/?_=1428073746527
INFO: [ app_init ] --START--
INFO: Run Behavior\BuildLiteBehavior [ RunTime:0.000016s ]
INFO: [ app_init ] --END-- [ RunTime:0.000105s ]
INFO: [ app_begin ] --START--
INFO: Run Behavior\ReadHtmlCacheBehavior [ RunTime:0.000043s ]
INFO: [ app_begin ] --END-- [ RunTime:0.000083s ]
NOTIC: [2048] Declaration of MerchantController::insert() should be compatible with CommonController::insert($dwz_db_name = '') /var/www/html/ycbb/Application/Admin/Controller/MerchantController.class.php 第 3 行.
NOTIC: [2048] Declaration of MerchantController::edit() should be compatible with CommonController::edit($dwz_db_name = '') /var/www/html/ycbb/Application/Admin/Controller/MerchantController.class.php 第 3 行.
NOTIC: [2048] Declaration of MerchantController::update() should be compatible with CommonController::update($dwz_db_name = '') /var/www/html/ycbb/Application/Admin/Controller/MerchantController.class.php 第 3 行.
NOTIC: [8] Undefined index: administrator /var/www/html/ycbb/Application/Admin/Controller/CommonController.class.php 第 22 行.
SQL: SHOW COLUMNS FROM `ycbb_auth_group_access` [ RunTime:0.001173s ]
SQL: SELECT `rules` FROM ycbb_auth_group_access a INNER JOIN ycbb_auth_group g on a.group_id=g.id  WHERE ( a.uid='53' and g.status='1' )  [ RunTime:0.000086s ]
SQL: SHOW COLUMNS FROM `ycbb_auth_rule` [ RunTime:0.000545s ]
SQL: SELECT `condition`,`name` FROM `ycbb_auth_rule` WHERE `id` IN ('16','20','32','35','9','11','13','36','37','14','39','40','18','19','21') AND `type` = 1 AND `status` = 1  [ RunTime:0.000074s ]
SQL: SHOW COLUMNS FROM `ycbb_city` [ RunTime:0.000481s ]
SQL: SELECT `id`,`name` FROM `ycbb_city` WHERE ( pid=0 )  [ RunTime:0.000090s ]
SQL: SHOW COLUMNS FROM `ycbb_merchant` [ RunTime:0.001235s ]
SQL: SELECT * FROM `ycbb_merchant` WHERE `id` = 215 LIMIT 1   [ RunTime:0.000329s ]
SQL: SELECT `id`,`name` FROM `ycbb_city` WHERE ( pid=1310 )  [ RunTime:0.000071s ]
SQL: SELECT `id`,`name` FROM `ycbb_city` WHERE ( pid=1326 )  [ RunTime:0.000076s ]
SQL: SHOW COLUMNS FROM `ycbb_category` [ RunTime:0.000717s ]
SQL: SELECT `id`,`name` FROM `ycbb_category` WHERE ( pid=0 )  [ RunTime:0.000130s ]
NOTIC: [2] in_array() expects parameter 2 to be array, integer given /var/www/html/ycbb/Application/Admin/Controller/MerchantController.class.php 第 144 行.
NOTIC: [2] in_array() expects parameter 2 to be array, integer given /var/www/html/ycbb/Application/Admin/Controller/MerchantController.class.php 第 144 行.
NOTIC: [2] in_array() expects parameter 2 to be array, integer given /var/www/html/ycbb/Application/Admin/Controller/MerchantController.class.php 第 144 行.
NOTIC: [2] in_array() expects parameter 2 to be array, integer given /var/www/html/ycbb/Application/Admin/Controller/MerchantController.class.php 第 144 行.
INFO: [ view_parse ] --START--
INFO: [ template_filter ] --START--
INFO: Run Behavior\ContentReplaceBehavior [ RunTime:0.000104s ]
INFO: [ template_filter ] --END-- [ RunTime:0.000189s ]
INFO: Run Behavior\ParseTemplateBehavior [ RunTime:0.005913s ]
INFO: [ view_parse ] --END-- [ RunTime:0.005968s ]
INFO: [ view_filter ] --START--
INFO: Run Behavior\WriteHtmlCacheBehavior [ RunTime:0.000067s ]
INFO: [ view_filter ] --END-- [ RunTime:0.000115s ]
INFO: [ app_end ] --START--
INFO: Run Behavior\ShowPageTraceBehavior [ RunTime:0.000054s ]
INFO: [ app_end ] --END-- [ RunTime:0.000101s ]

[ 2015-04-03T23:10:01+08:00 ] 121.40.92.53 /index.php/Admin/Cron/recent_reply
INFO: [ app_init ] --START--
INFO: Run Behavior\BuildLiteBehavior [ RunTime:0.000013s ]
INFO: [ app_init ] --END-- [ RunTime:0.000077s ]

[ 2015-04-03T23:10:01+08:00 ] 121.40.92.53 /index.php/Admin/Cron/answer_reply
INFO: [ app_init ] --START--
INFO: Run Behavior\BuildLiteBehavior [ RunTime:0.000020s ]
INFO: [ app_init ] --END-- [ RunTime:0.000148s ]

[ 2015-04-03T23:10:04+08:00 ] 110.80.63.113 /index.php/Admin/Merchant/index?_=1428073754727
INFO: [ app_init ] --START--
INFO: Run Behavior\BuildLiteBehavior [ RunTime:0.000019s ]
INFO: [ app_init ] --END-- [ RunTime:0.000140s ]
INFO: [ app_begin ] --START--
INFO: Run Behavior\ReadHtmlCacheBehavior [ RunTime:0.000044s ]
INFO: [ app_begin ] --END-- [ RunTime:0.000083s ]
NOTIC: [2048] Declaration of MerchantController::insert() should be compatible with CommonController::insert($dwz_db_name = '') /var/www/html/ycbb/Application/Admin/Controller/MerchantController.class.php 第 3 行.
NOTIC: [2048] Declaration of MerchantController::edit() should be compatible with CommonController::edit($dwz_db_name = '') /var/www/html/ycbb/Application/Admin/Controller/MerchantController.class.php 第 3 行.
NOTIC: [2048] Declaration of MerchantController::update() should be compatible with CommonController::update($dwz_db_name = '') /var/www/html/ycbb/Application/Admin/Controller/MerchantController.class.php 第 3 行.
NOTIC: [8] Undefined index: administrator /var/www/html/ycbb/Application/Admin/Controller/CommonController.class.php 第 22 行.
SQL: SHOW COLUMNS FROM `ycbb_auth_group_access` [ RunTime:0.000853s ]
SQL: SELECT `rules` FROM ycbb_auth_group_access a INNER JOIN ycbb_auth_group g on a.group_id=g.id  WHERE ( a.uid='53' and g.status='1' )  [ RunTime:0.000087s ]
SQL: SHOW COLUMNS FROM `ycbb_auth_rule` [ RunTime:0.000688s ]
SQL: SELECT `condition`,`name` FROM `ycbb_auth_rule` WHERE `id` IN ('16','20','32','35','9','11','13','36','37','14','39','40','18','19','21') AND `type` = 1 AND `status` = 1  [ RunTime:0.000094s ]
SQL: SHOW COLUMNS FROM `ycbb_city` [ RunTime:0.000571s ]
SQL: SELECT `id`,`name` FROM `ycbb_city` WHERE ( pid=0 )  [ RunTime:0.000106s ]
SQL: SHOW COLUMNS FROM `ycbb_merchant` [ RunTime:0.001072s ]
SQL: SELECT COUNT(*) AS tp_count FROM `ycbb_merchant` LIMIT 1   [ RunTime:0.000082s ]
SQL: SHOW COLUMNS FROM `ycbb_merchant` [ RunTime:0.001087s ]
SQL: SELECT a.id,a.merchant_name,a.manager,a.tel,a.province_id,a.city_id,a.area_id,a.address,a.intro,a.mobile,a.status,a.is_check,a.addtime,ifnull(b.mobile,"管理员")  as salename FROM ycbb_merchant as a LEFT JOIN ycbb_merchant as b on a.check_by = b.id  ORDER BY addtime desc LIMIT 0,10   [ RunTime:0.000103s ]
INFO: [ view_parse ] --START--
INFO: [ template_filter ] --START--
INFO: Run Behavior\ContentReplaceBehavior [ RunTime:0.000070s ]
INFO: [ template_filter ] --END-- [ RunTime:0.000129s ]
NOTIC: [8] Undefined index: _order /var/www/html/ycbb/Runtime/Cache/Admin/d278e6bf5e2b672db9da7a76be6ae9fd.php 第 4 行.
NOTIC: [8] Undefined index: listRows /var/www/html/ycbb/Runtime/Cache/Admin/d278e6bf5e2b672db9da7a76be6ae9fd.php 第 6 行.
NOTIC: [8] Undefined variable: furl /var/www/html/ycbb/Runtime/Cache/Admin/d278e6bf5e2b672db9da7a76be6ae9fd.php 第 77 行.
NOTIC: [8] Undefined index: baidumap /var/www/html/ycbb/Runtime/Cache/Admin/d278e6bf5e2b672db9da7a76be6ae9fd.php 第 92 行.
NOTIC: [8] Undefined variable: furl /var/www/html/ycbb/Runtime/Cache/Admin/d278e6bf5e2b672db9da7a76be6ae9fd.php 第 77 行.
SQL: SHOW COLUMNS FROM `ycbb_city` [ RunTime:0.000902s ]
SQL: SELECT * FROM `ycbb_city` WHERE `id` = 1328 LIMIT 1   [ RunTime:0.000080s ]
SQL: SELECT * FROM `ycbb_city` WHERE `id` = 1326 LIMIT 1   [ RunTime:0.000073s ]
SQL: SELECT * FROM `ycbb_city` WHERE `id` = 1310 LIMIT 1   [ RunTime:0.000077s ]
NOTIC: [8] Undefined index: baidumap /var/www/html/ycbb/Runtime/Cache/Admin/d278e6bf5e2b672db9da7a76be6ae9fd.php 第 92 行.
NOTIC: [8] Undefined variable: furl /var/www/html/ycbb/Runtime/Cache/Admin/d278e6bf5e2b672db9da7a76be6ae9fd.php 第 77 行.
SQL: SELECT * FROM `ycbb_city` WHERE `id` = 1328 LIMIT 1   [ RunTime:0.000071s ]
SQL: SELECT * FROM `ycbb_city` WHERE `id` = 1326 LIMIT 1   [ RunTime:0.000069s ]
SQL: SELECT * FROM `ycbb_city` WHERE `id` = 1310 LIMIT 1   [ RunTime:0.000086s ]
NOTIC: [8] Undefined index: baidumap /var/www/html/ycbb/Runtime/Cache/Admin/d278e6bf5e2b672db9da7a76be6ae9fd.php 第 92 行.
NOTIC: [8] Undefined variable: furl /var/www/html/ycbb/Runtime/Cache/Admin/d278e6bf5e2b672db9da7a76be6ae9fd.php 第 77 行.
NOTIC: [8] Undefined index: baidumap /var/www/html/ycbb/Runtime/Cache/Admin/d278e6bf5e2b672db9da7a76be6ae9fd.php 第 92 行.
NOTIC: [8] Undefined variable: furl /var/www/html/ycbb/Runtime/Cache/Admin/d278e6bf5e2b672db9da7a76be6ae9fd.php 第 77 行.
NOTIC: [8] Undefined index: baidumap /var/www/html/ycbb/Runtime/Cache/Admin/d278e6bf5e2b672db9da7a76be6ae9fd.php 第 92 行.
NOTIC: [8] Undefined variable: furl /var/www/html/ycbb/Runtime/Cache/Admin/d278e6bf5e2b672db9da7a76be6ae9fd.php 第 77 行.
SQL: SELECT * FROM `ycbb_city` WHERE `id` = 1328 LIMIT 1   [ RunTime:0.000070s ]
SQL: SELECT * FROM `ycbb_city` WHERE `id` = 1326 LIMIT 1   [ RunTime:0.000068s ]
SQL: SELECT * FROM `ycbb_city` WHERE `id` = 1310 LIMIT 1   [ RunTime:0.000069s ]
NOTIC: [8] Undefined index: baidumap /var/www/html/ycbb/Runtime/Cache/Admin/d278e6bf5e2b672db9da7a76be6ae9fd.php 第 92 行.
NOTIC: [8] Undefined variable: furl /var/www/html/ycbb/Runtime/Cache/Admin/d278e6bf5e2b672db9da7a76be6ae9fd.php 第 77 行.
NOTIC: [8] Undefined index: baidumap /var/www/html/ycbb/Runtime/Cache/Admin/d278e6bf5e2b672db9da7a76be6ae9fd.php 第 92 行.
NOTIC: [8] Undefined variable: furl /var/www/html/ycbb/Runtime/Cache/Admin/d278e6bf5e2b672db9da7a76be6ae9fd.php 第 77 行.
NOTIC: [8] Undefined index: baidumap /var/www/html/ycbb/Runtime/Cache/Admin/d278e6bf5e2b672db9da7a76be6ae9fd.php 第 92 行.
NOTIC: [8] Undefined variable: furl /var/www/html/ycbb/Runtime/Cache/Admin/d278e6bf5e2b672db9da7a76be6ae9fd.php 第 77 行.
NOTIC: [8] Undefined index: baidumap /var/www/html/ycbb/Runtime/Cache/Admin/d278e6bf5e2b672db9da7a76be6ae9fd.php 第 92 行.
NOTIC: [8] Undefined variable: furl /var/www/html/ycbb/Runtime/Cache/Admin/d278e6bf5e2b672db9da7a76be6ae9fd.php 第 77 行.
NOTIC: [8] Undefined index: baidumap /var/www/html/ycbb/Runtime/Cache/Admin/d278e6bf5e2b672db9da7a76be6ae9fd.php 第 92 行.
INFO: Run Behavior\ParseTemplateBehavior [ RunTime:0.012020s ]
INFO: [ view_parse ] --END-- [ RunTime:0.012066s ]
INFO: [ view_filter ] --START--
INFO: Run Behavior\WriteHtmlCacheBehavior [ RunTime:0.000065s ]
INFO: [ view_filter ] --END-- [ RunTime:0.000100s ]
INFO: [ app_end ] --START--
INFO: Run Behavior\ShowPageTraceBehavior [ RunTime:0.000049s ]
INFO: [ app_end ] --END-- [ RunTime:0.000089s ]

[ 2015-04-03T23:10:08+08:00 ] 110.80.63.113 /index.php/Admin/Merchant
INFO: [ app_init ] --START--
INFO: Run Behavior\BuildLiteBehavior [ RunTime:0.000021s ]
INFO: [ app_init ] --END-- [ RunTime:0.000184s ]
INFO: [ app_begin ] --START--
INFO: Run Behavior\ReadHtmlCacheBehavior [ RunTime:0.000054s ]
INFO: [ app_begin ] --END-- [ RunTime:0.000114s ]
NOTIC: [2048] Declaration of MerchantController::insert() should be compatible with CommonController::insert($dwz_db_name = '') /var/www/html/ycbb/Application/Admin/Controller/MerchantController.class.php 第 3 行.
NOTIC: [2048] Declaration of MerchantController::edit() should be compatible with CommonController::edit($dwz_db_name = '') /var/www/html/ycbb/Application/Admin/Controller/MerchantController.class.php 第 3 行.
NOTIC: [2048] Declaration of MerchantController::update() should be compatible with CommonController::update($dwz_db_name = '') /var/www/html/ycbb/Application/Admin/Controller/MerchantController.class.php 第 3 行.
NOTIC: [8] Undefined index: administrator /var/www/html/ycbb/Application/Admin/Controller/CommonController.class.php 第 22 行.
SQL: SHOW COLUMNS FROM `ycbb_auth_group_access` [ RunTime:0.000851s ]
SQL: SELECT `rules` FROM ycbb_auth_group_access a INNER JOIN ycbb_auth_group g on a.group_id=g.id  WHERE ( a.uid='53' and g.status='1' )  [ RunTime:0.000111s ]
SQL: SHOW COLUMNS FROM `ycbb_auth_rule` [ RunTime:0.000817s ]
SQL: SELECT `condition`,`name` FROM `ycbb_auth_rule` WHERE `id` IN ('16','20','32','35','9','11','13','36','37','14','39','40','18','19','21') AND `type` = 1 AND `status` = 1  [ RunTime:0.000188s ]
SQL: SHOW COLUMNS FROM `ycbb_city` [ RunTime:0.000850s ]
SQL: SELECT `id`,`name` FROM `ycbb_city` WHERE ( pid=0 )  [ RunTime:0.000097s ]
SQL: SHOW COLUMNS FROM `ycbb_merchant` [ RunTime:0.001193s ]
SQL: SELECT COUNT(*) AS tp_count FROM `ycbb_merchant` LIMIT 1   [ RunTime:0.000089s ]
SQL: SHOW COLUMNS FROM `ycbb_merchant` [ RunTime:0.001285s ]
SQL: SELECT a.id,a.merchant_name,a.manager,a.tel,a.province_id,a.city_id,a.area_id,a.address,a.intro,a.mobile,a.status,a.is_check,a.addtime,ifnull(b.mobile,"管理员")  as salename FROM ycbb_merchant as a LEFT JOIN ycbb_merchant as b on a.check_by = b.id  ORDER BY addtime desc LIMIT 40,10   [ RunTime:0.000978s ]
INFO: [ view_parse ] --START--
INFO: [ template_filter ] --START--
INFO: Run Behavior\ContentReplaceBehavior [ RunTime:0.000239s ]
INFO: [ template_filter ] --END-- [ RunTime:0.000314s ]
NOTIC: [8] Undefined variable: furl /var/www/html/ycbb/Runtime/Cache/Admin/d278e6bf5e2b672db9da7a76be6ae9fd.php 第 77 行.
SQL: SHOW COLUMNS FROM `ycbb_city` [ RunTime:0.000803s ]
SQL: SELECT * FROM `ycbb_city` WHERE `id` = 1330 LIMIT 1   [ RunTime:0.000097s ]
SQL: SELECT * FROM `ycbb_city` WHERE `id` = 1326 LIMIT 1   [ RunTime:0.000076s ]
SQL: SELECT * FROM `ycbb_city` WHERE `id` = 1310 LIMIT 1   [ RunTime:0.000124s ]
NOTIC: [8] Undefined index: baidumap /var/www/html/ycbb/Runtime/Cache/Admin/d278e6bf5e2b672db9da7a76be6ae9fd.php 第 92 行.
NOTIC: [8] Undefined variable: furl /var/www/html/ycbb/Runtime/Cache/Admin/d278e6bf5e2b672db9da7a76be6ae9fd.php 第 77 行.
SQL: SELECT * FROM `ycbb_city` WHERE `id` = 1330 LIMIT 1   [ RunTime:0.000101s ]
SQL: SELECT * FROM `ycbb_city` WHERE `id` = 1326 LIMIT 1   [ RunTime:0.000088s ]
SQL: SELECT * FROM `ycbb_city` WHERE `id` = 1310 LIMIT 1   [ RunTime:0.000121s ]
NOTIC: [8] Undefined index: baidumap /var/www/html/ycbb/Runtime/Cache/Admin/d278e6bf5e2b672db9da7a76be6ae9fd.php 第 92 行.
NOTIC: [8] Undefined variable: furl /var/www/html/ycbb/Runtime/Cache/Admin/d278e6bf5e2b672db9da7a76be6ae9fd.php 第 77 行.
SQL: SELECT * FROM `ycbb_city` WHERE `id` = 1330 LIMIT 1   [ RunTime:0.000155s ]
SQL: SELECT * FROM `ycbb_city` WHERE `id` = 1326 LIMIT 1   [ RunTime:0.000073s ]
SQL: SELECT * FROM `ycbb_city` WHERE `id` = 1310 LIMIT 1   [ RunTime:0.000075s ]
NOTIC: [8] Undefined index: baidumap /var/www/html/ycbb/Runtime/Cache/Admin/d278e6bf5e2b672db9da7a76be6ae9fd.php 第 92 行.
NOTIC: [8] Undefined variable: furl /var/www/html/ycbb/Runtime/Cache/Admin/d278e6bf5e2b672db9da7a76be6ae9fd.php 第 77 行.
SQL: SELECT * FROM `ycbb_city` WHERE `id` = 1328 LIMIT 1   [ RunTime:0.000072s ]
SQL: SELECT * FROM `ycbb_city` WHERE `id` = 1326 LIMIT 1   [ RunTime:0.000070s ]
SQL: SELECT * FROM `ycbb_city` WHERE `id` = 1310 LIMIT 1   [ RunTime:0.000071s ]
NOTIC: [8] Undefined index: baidumap /var/www/html/ycbb/Runtime/Cache/Admin/d278e6bf5e2b672db9da7a76be6ae9fd.php 第 92 行.
NOTIC: [8] Undefined variable: furl /var/www/html/ycbb/Runtime/Cache/Admin/d278e6bf5e2b672db9da7a76be6ae9fd.php 第 77 行.
NOTIC: [8] Undefined index: baidumap /var/www/html/ycbb/Runtime/Cache/Admin/d278e6bf5e2b672db9da7a76be6ae9fd.php 第 92 行.
NOTIC: [8] Undefined variable: furl /var/www/html/ycbb/Runtime/Cache/Admin/d278e6bf5e2b672db9da7a76be6ae9fd.php 第 77 行.
SQL: SELECT * FROM `ycbb_city` WHERE `id` = 1330 LIMIT 1   [ RunTime:0.000070s ]
SQL: SELECT * FROM `ycbb_city` WHERE `id` = 1326 LIMIT 1   [ RunTime:0.000072s ]
SQL: SELECT * FROM `ycbb_city` WHERE `id` = 1310 LIMIT 1   [ RunTime:0.000070s ]
NOTIC: [8] Undefined index: baidumap /var/www/html/ycbb/Runtime/Cache/Admin/d278e6bf5e2b672db9da7a76be6ae9fd.php 第 92 行.
NOTIC: [8] Undefined variable: furl /var/www/html/ycbb/Runtime/Cache/Admin/d278e6bf5e2b672db9da7a76be6ae9fd.php 第 77 行.
SQL: SELECT * FROM `ycbb_city` WHERE `id` = 1328 LIMIT 1   [ RunTime:0.000069s ]
SQL: SELECT * FROM `ycbb_city` WHERE `id` = 1326 LIMIT 1   [ RunTime:0.000068s ]
SQL: SELECT * FROM `ycbb_city` WHERE `id` = 1310 LIMIT 1   [ RunTime:0.000069s ]
NOTIC: [8] Undefined index: baidumap /var/www/html/ycbb/Runtime/Cache/Admin/d278e6bf5e2b672db9da7a76be6ae9fd.php 第 92 行.
NOTIC: [8] Undefined variable: furl /var/www/html/ycbb/Runtime/Cache/Admin/d278e6bf5e2b672db9da7a76be6ae9fd.php 第 77 行.
SQL: SELECT * FROM `ycbb_city` WHERE `id` = 1330 LIMIT 1   [ RunTime:0.000068s ]
SQL: SELECT * FROM `ycbb_city` WHERE `id` = 1326 LIMIT 1   [ RunTime:0.000067s ]
SQL: SELECT * FROM `ycbb_city` WHERE `id` = 1310 LIMIT 1   [ RunTime:0.000068s ]
NOTIC: [8] Undefined index: baidumap /var/www/html/ycbb/Runtime/Cache/Admin/d278e6bf5e2b672db9da7a76be6ae9fd.php 第 92 行.
NOTIC: [8] Undefined variable: furl /var/www/html/ycbb/Runtime/Cache/Admin/d278e6bf5e2b672db9da7a76be6ae9fd.php 第 77 行.
SQL: SELECT * FROM `ycbb_city` WHERE `id` = 1328 LIMIT 1   [ RunTime:0.000086s ]
SQL: SELECT * FROM `ycbb_city` WHERE `id` = 1326 LIMIT 1   [ RunTime:0.000068s ]
SQL: SELECT * FROM `ycbb_city` WHERE `id` = 1310 LIMIT 1   [ RunTime:0.000070s ]
NOTIC: [8] Undefined index: baidumap /var/www/html/ycbb/Runtime/Cache/Admin/d278e6bf5e2b672db9da7a76be6ae9fd.php 第 92 行.
NOTIC: [8] Undefined variable: furl /var/www/html/ycbb/Runtime/Cache/Admin/d278e6bf5e2b672db9da7a76be6ae9fd.php 第 77 行.
SQL: SELECT * FROM `ycbb_city` WHERE `id` = 1330 LIMIT 1   [ RunTime:0.000176s ]
SQL: SELECT * FROM `ycbb_city` WHERE `id` = 1326 LIMIT 1   [ RunTime:0.000087s ]
SQL: SELECT * FROM `ycbb_city` WHERE `id` = 1310 LIMIT 1   [ RunTime:0.000076s ]
NOTIC: [8] Undefined index: baidumap /var/www/html/ycbb/Runtime/Cache/Admin/d278e6bf5e2b672db9da7a76be6ae9fd.php 第 92 行.
INFO: Run Behavior\ParseTemplateBehavior [ RunTime:0.017028s ]
INFO: [ view_parse ] --END-- [ RunTime:0.017079s ]
INFO: [ view_filter ] --START--
INFO: Run Behavior\WriteHtmlCacheBehavior [ RunTime:0.000080s ]
INFO: [ view_filter ] --END-- [ RunTime:0.000115s ]
INFO: [ app_end ] --START--
INFO: Run Behavior\ShowPageTraceBehavior [ RunTime:0.000051s ]
INFO: [ app_end ] --END-- [ RunTime:0.000096s ]

[ 2015-04-03T23:10:10+08:00 ] 110.80.63.113 /index.php/Admin/Merchant/edit/id/255/furl/?_=1428073760696
INFO: [ app_init ] --START--
INFO: Run Behavior\BuildLiteBehavior [ RunTime:0.000014s ]
INFO: [ app_init ] --END-- [ RunTime:0.000104s ]
INFO: [ app_begin ] --START--
INFO: Run Behavior\ReadHtmlCacheBehavior [ RunTime:0.000045s ]
INFO: [ app_begin ] --END-- [ RunTime:0.000087s ]
NOTIC: [2048] Declaration of MerchantController::insert() should be compatible with CommonController::insert($dwz_db_name = '') /var/www/html/ycbb/Application/Admin/Controller/MerchantController.class.php 第 3 行.
NOTIC: [2048] Declaration of MerchantController::edit() should be compatible with CommonController::edit($dwz_db_name = '') /var/www/html/ycbb/Application/Admin/Controller/MerchantController.class.php 第 3 行.
NOTIC: [2048] Declaration of MerchantController::update() should be compatible with CommonController::update($dwz_db_name = '') /var/www/html/ycbb/Application/Admin/Controller/MerchantController.class.php 第 3 行.
NOTIC: [8] Undefined index: administrator /var/www/html/ycbb/Application/Admin/Controller/CommonController.class.php 第 22 行.
SQL: SHOW COLUMNS FROM `ycbb_auth_group_access` [ RunTime:0.000773s ]
SQL: SELECT `rules` FROM ycbb_auth_group_access a INNER JOIN ycbb_auth_group g on a.group_id=g.id  WHERE ( a.uid='53' and g.status='1' )  [ RunTime:0.000088s ]
SQL: SHOW COLUMNS FROM `ycbb_auth_rule` [ RunTime:0.000582s ]
SQL: SELECT `condition`,`name` FROM `ycbb_auth_rule` WHERE `id` IN ('16','20','32','35','9','11','13','36','37','14','39','40','18','19','21') AND `type` = 1 AND `status` = 1  [ RunTime:0.000088s ]
SQL: SHOW COLUMNS FROM `ycbb_city` [ RunTime:0.000526s ]
SQL: SELECT `id`,`name` FROM `ycbb_city` WHERE ( pid=0 )  [ RunTime:0.000100s ]
SQL: SHOW COLUMNS FROM `ycbb_merchant` [ RunTime:0.001094s ]
SQL: SELECT * FROM `ycbb_merchant` WHERE `id` = 255 LIMIT 1   [ RunTime:0.000317s ]
SQL: SELECT `id`,`name` FROM `ycbb_city` WHERE ( pid=1310 )  [ RunTime:0.000083s ]
SQL: SELECT `id`,`name` FROM `ycbb_city` WHERE ( pid=1326 )  [ RunTime:0.000083s ]
SQL: SHOW COLUMNS FROM `ycbb_category` [ RunTime:0.000639s ]
SQL: SELECT `id`,`name` FROM `ycbb_category` WHERE ( pid=0 )  [ RunTime:0.000086s ]
NOTIC: [2] in_array() expects parameter 2 to be array, integer given /var/www/html/ycbb/Application/Admin/Controller/MerchantController.class.php 第 144 行.
NOTIC: [2] in_array() expects parameter 2 to be array, integer given /var/www/html/ycbb/Application/Admin/Controller/MerchantController.class.php 第 144 行.
NOTIC: [2] in_array() expects parameter 2 to be array, integer given /var/www/html/ycbb/Application/Admin/Controller/MerchantController.class.php 第 144 行.
NOTIC: [2] in_array() expects parameter 2 to be array, integer given /var/www/html/ycbb/Application/Admin/Controller/MerchantController.class.php 第 144 行.
INFO: [ view_parse ] --START--
INFO: [ template_filter ] --START--
INFO: Run Behavior\ContentReplaceBehavior [ RunTime:0.000073s ]
INFO: [ template_filter ] --END-- [ RunTime:0.000134s ]
INFO: Run Behavior\ParseTemplateBehavior [ RunTime:0.004625s ]
INFO: [ view_parse ] --END-- [ RunTime:0.004670s ]
INFO: [ view_filter ] --START--
INFO: Run Behavior\WriteHtmlCacheBehavior [ RunTime:0.000058s ]
INFO: [ view_filter ] --END-- [ RunTime:0.000104s ]
INFO: [ app_end ] --START--
INFO: Run Behavior\ShowPageTraceBehavior [ RunTime:0.000045s ]
INFO: [ app_end ] --END-- [ RunTime:0.000084s ]

[ 2015-04-03T23:10:16+08:00 ] 110.80.63.113 /index.php/Admin/Merchant/index?_=1428073766271
INFO: [ app_init ] --START--
INFO: Run Behavior\BuildLiteBehavior [ RunTime:0.000014s ]
INFO: [ app_init ] --END-- [ RunTime:0.000108s ]
INFO: [ app_begin ] --START--
INFO: Run Behavior\ReadHtmlCacheBehavior [ RunTime:0.000045s ]
INFO: [ app_begin ] --END-- [ RunTime:0.000082s ]
NOTIC: [2048] Declaration of MerchantController::insert() should be compatible with CommonController::insert($dwz_db_name = '') /var/www/html/ycbb/Application/Admin/Controller/MerchantController.class.php 第 3 行.
NOTIC: [2048] Declaration of MerchantController::edit() should be compatible with CommonController::edit($dwz_db_name = '') /var/www/html/ycbb/Application/Admin/Controller/MerchantController.class.php 第 3 行.
NOTIC: [2048] Declaration of MerchantController::update() should be compatible with CommonController::update($dwz_db_name = '') /var/www/html/ycbb/Application/Admin/Controller/MerchantController.class.php 第 3 行.
NOTIC: [8] Undefined index: administrator /var/www/html/ycbb/Application/Admin/Controller/CommonController.class.php 第 22 行.
SQL: SHOW COLUMNS FROM `ycbb_auth_group_access` [ RunTime:0.000788s ]
SQL: SELECT `rules` FROM ycbb_auth_group_access a INNER JOIN ycbb_auth_group g on a.group_id=g.id  WHERE ( a.uid='53' and g.status='1' )  [ RunTime:0.000087s ]
SQL: SHOW COLUMNS FROM `ycbb_auth_rule` [ RunTime:0.000546s ]
SQL: SELECT `condition`,`name` FROM `ycbb_auth_rule` WHERE `id` IN ('16','20','32','35','9','11','13','36','37','14','39','40','18','19','21') AND `type` = 1 AND `status` = 1  [ RunTime:0.000088s ]
SQL: SHOW COLUMNS FROM `ycbb_city` [ RunTime:0.000517s ]
SQL: SELECT `id`,`name` FROM `ycbb_city` WHERE ( pid=0 )  [ RunTime:0.000104s ]
SQL: SHOW COLUMNS FROM `ycbb_merchant` [ RunTime:0.001006s ]
SQL: SELECT COUNT(*) AS tp_count FROM `ycbb_merchant` LIMIT 1   [ RunTime:0.000082s ]
SQL: SHOW COLUMNS FROM `ycbb_merchant` [ RunTime:0.000937s ]
SQL: SELECT a.id,a.merchant_name,a.manager,a.tel,a.province_id,a.city_id,a.area_id,a.address,a.intro,a.mobile,a.status,a.is_check,a.addtime,ifnull(b.mobile,"管理员")  as salename FROM ycbb_merchant as a LEFT JOIN ycbb_merchant as b on a.check_by = b.id  ORDER BY addtime desc LIMIT 0,10   [ RunTime:0.000095s ]
INFO: [ view_parse ] --START--
INFO: [ template_filter ] --START--
INFO: Run Behavior\ContentReplaceBehavior [ RunTime:0.000078s ]
INFO: [ template_filter ] --END-- [ RunTime:0.000148s ]
NOTIC: [8] Undefined index: _order /var/www/html/ycbb/Runtime/Cache/Admin/d278e6bf5e2b672db9da7a76be6ae9fd.php 第 4 行.
NOTIC: [8] Undefined index: listRows /var/www/html/ycbb/Runtime/Cache/Admin/d278e6bf5e2b672db9da7a76be6ae9fd.php 第 6 行.
NOTIC: [8] Undefined variable: furl /var/www/html/ycbb/Runtime/Cache/Admin/d278e6bf5e2b672db9da7a76be6ae9fd.php 第 77 行.
NOTIC: [8] Undefined index: baidumap /var/www/html/ycbb/Runtime/Cache/Admin/d278e6bf5e2b672db9da7a76be6ae9fd.php 第 92 行.
NOTIC: [8] Undefined variable: furl /var/www/html/ycbb/Runtime/Cache/Admin/d278e6bf5e2b672db9da7a76be6ae9fd.php 第 77 行.
SQL: SHOW COLUMNS FROM `ycbb_city` [ RunTime:0.000794s ]
SQL: SELECT * FROM `ycbb_city` WHERE `id` = 1328 LIMIT 1   [ RunTime:0.000090s ]
SQL: SELECT * FROM `ycbb_city` WHERE `id` = 1326 LIMIT 1   [ RunTime:0.000111s ]
SQL: SELECT * FROM `ycbb_city` WHERE `id` = 1310 LIMIT 1   [ RunTime:0.000100s ]
NOTIC: [8] Undefined index: baidumap /var/www/html/ycbb/Runtime/Cache/Admin/d278e6bf5e2b672db9da7a76be6ae9fd.php 第 92 行.
NOTIC: [8] Undefined variable: furl /var/www/html/ycbb/Runtime/Cache/Admin/d278e6bf5e2b672db9da7a76be6ae9fd.php 第 77 行.
SQL: SELECT * FROM `ycbb_city` WHERE `id` = 1328 LIMIT 1   [ RunTime:0.000085s ]
SQL: SELECT * FROM `ycbb_city` WHERE `id` = 1326 LIMIT 1   [ RunTime:0.000084s ]
SQL: SELECT * FROM `ycbb_city` WHERE `id` = 1310 LIMIT 1   [ RunTime:0.000082s ]
NOTIC: [8] Undefined index: baidumap /var/www/html/ycbb/Runtime/Cache/Admin/d278e6bf5e2b672db9da7a76be6ae9fd.php 第 92 行.
NOTIC: [8] Undefined variable: furl /var/www/html/ycbb/Runtime/Cache/Admin/d278e6bf5e2b672db9da7a76be6ae9fd.php 第 77 行.
NOTIC: [8] Undefined index: baidumap /var/www/html/ycbb/Runtime/Cache/Admin/d278e6bf5e2b672db9da7a76be6ae9fd.php 第 92 行.
NOTIC: [8] Undefined variable: furl /var/www/html/ycbb/Runtime/Cache/Admin/d278e6bf5e2b672db9da7a76be6ae9fd.php 第 77 行.
NOTIC: [8] Undefined index: baidumap /var/www/html/ycbb/Runtime/Cache/Admin/d278e6bf5e2b672db9da7a76be6ae9fd.php 第 92 行.
NOTIC: [8] Undefined variable: furl /var/www/html/ycbb/Runtime/Cache/Admin/d278e6bf5e2b672db9da7a76be6ae9fd.php 第 77 行.
SQL: SELECT * FROM `ycbb_city` WHERE `id` = 1328 LIMIT 1   [ RunTime:0.000085s ]
SQL: SELECT * FROM `ycbb_city` WHERE `id` = 1326 LIMIT 1   [ RunTime:0.000079s ]
SQL: SELECT * FROM `ycbb_city` WHERE `id` = 1310 LIMIT 1   [ RunTime:0.000083s ]
NOTIC: [8] Undefined index: baidumap /var/www/html/ycbb/Runtime/Cache/Admin/d278e6bf5e2b672db9da7a76be6ae9fd.php 第 92 行.
NOTIC: [8] Undefined variable: furl /var/www/html/ycbb/Runtime/Cache/Admin/d278e6bf5e2b672db9da7a76be6ae9fd.php 第 77 行.
NOTIC: [8] Undefined index: baidumap /var/www/html/ycbb/Runtime/Cache/Admin/d278e6bf5e2b672db9da7a76be6ae9fd.php 第 92 行.
NOTIC: [8] Undefined variable: furl /var/www/html/ycbb/Runtime/Cache/Admin/d278e6bf5e2b672db9da7a76be6ae9fd.php 第 77 行.
NOTIC: [8] Undefined index: baidumap /var/www/html/ycbb/Runtime/Cache/Admin/d278e6bf5e2b672db9da7a76be6ae9fd.php 第 92 行.
NOTIC: [8] Undefined variable: furl /var/www/html/ycbb/Runtime/Cache/Admin/d278e6bf5e2b672db9da7a76be6ae9fd.php 第 77 行.
NOTIC: [8] Undefined index: baidumap /var/www/html/ycbb/Runtime/Cache/Admin/d278e6bf5e2b672db9da7a76be6ae9fd.php 第 92 行.
NOTIC: [8] Undefined variable: furl /var/www/html/ycbb/Runtime/Cache/Admin/d278e6bf5e2b672db9da7a76be6ae9fd.php 第 77 行.
NOTIC: [8] Undefined index: baidumap /var/www/html/ycbb/Runtime/Cache/Admin/d278e6bf5e2b672db9da7a76be6ae9fd.php 第 92 行.
INFO: Run Behavior\ParseTemplateBehavior [ RunTime:0.010889s ]
INFO: [ view_parse ] --END-- [ RunTime:0.010929s ]
INFO: [ view_filter ] --START--
INFO: Run Behavior\WriteHtmlCacheBehavior [ RunTime:0.000083s ]
INFO: [ view_filter ] --END-- [ RunTime:0.000114s ]
INFO: [ app_end ] --START--
INFO: Run Behavior\ShowPageTraceBehavior [ RunTime:0.000044s ]
INFO: [ app_end ] --END-- [ RunTime:0.000082s ]

[ 2015-04-03T23:10:20+08:00 ] 110.80.63.113 /index.php/Admin/Merchant
INFO: [ app_init ] --START--
INFO: Run Behavior\BuildLiteBehavior [ RunTime:0.000023s ]
INFO: [ app_init ] --END-- [ RunTime:0.000163s ]
INFO: [ app_begin ] --START--
INFO: Run Behavior\ReadHtmlCacheBehavior [ RunTime:0.000043s ]
INFO: [ app_begin ] --END-- [ RunTime:0.000082s ]
NOTIC: [2048] Declaration of MerchantController::insert() should be compatible with CommonController::insert($dwz_db_name = '') /var/www/html/ycbb/Application/Admin/Controller/MerchantController.class.php 第 3 行.
NOTIC: [2048] Declaration of MerchantController::edit() should be compatible with CommonController::edit($dwz_db_name = '') /var/www/html/ycbb/Application/Admin/Controller/MerchantController.class.php 第 3 行.
NOTIC: [2048] Declaration of MerchantController::update() should be compatible with CommonController::update($dwz_db_name = '') /var/www/html/ycbb/Application/Admin/Controller/MerchantController.class.php 第 3 行.
NOTIC: [8] Undefined index: administrator /var/www/html/ycbb/Application/Admin/Controller/CommonController.class.php 第 22 行.
SQL: SHOW COLUMNS FROM `ycbb_auth_group_access` [ RunTime:0.000655s ]
SQL: SELECT `rules` FROM ycbb_auth_group_access a INNER JOIN ycbb_auth_group g on a.group_id=g.id  WHERE ( a.uid='53' and g.status='1' )  [ RunTime:0.000070s ]
SQL: SHOW COLUMNS FROM `ycbb_auth_rule` [ RunTime:0.000621s ]
SQL: SELECT `condition`,`name` FROM `ycbb_auth_rule` WHERE `id` IN ('16','20','32','35','9','11','13','36','37','14','39','40','18','19','21') AND `type` = 1 AND `status` = 1  [ RunTime:0.000071s ]
SQL: SHOW COLUMNS FROM `ycbb_city` [ RunTime:0.000564s ]
SQL: SELECT `id`,`name` FROM `ycbb_city` WHERE ( pid=0 )  [ RunTime:0.000088s ]
SQL: SHOW COLUMNS FROM `ycbb_merchant` [ RunTime:0.001120s ]
SQL: SELECT COUNT(*) AS tp_count FROM `ycbb_merchant` LIMIT 1   [ RunTime:0.000070s ]
SQL: SHOW COLUMNS FROM `ycbb_merchant` [ RunTime:0.000947s ]
SQL: SELECT a.id,a.merchant_name,a.manager,a.tel,a.province_id,a.city_id,a.area_id,a.address,a.intro,a.mobile,a.status,a.is_check,a.addtime,ifnull(b.mobile,"管理员")  as salename FROM ycbb_merchant as a LEFT JOIN ycbb_merchant as b on a.check_by = b.id  ORDER BY addtime desc LIMIT 30,10   [ RunTime:0.000086s ]
INFO: [ view_parse ] --START--
INFO: [ template_filter ] --START--
INFO: Run Behavior\ContentReplaceBehavior [ RunTime:0.000096s ]
INFO: [ template_filter ] --END-- [ RunTime:0.000176s ]
NOTIC: [8] Undefined variable: furl /var/www/html/ycbb/Runtime/Cache/Admin/d278e6bf5e2b672db9da7a76be6ae9fd.php 第 77 行.
SQL: SHOW COLUMNS FROM `ycbb_city` [ RunTime:0.001335s ]
SQL: SELECT * FROM `ycbb_city` WHERE `id` = 1330 LIMIT 1   [ RunTime:0.000086s ]
SQL: SELECT * FROM `ycbb_city` WHERE `id` = 1326 LIMIT 1   [ RunTime:0.000072s ]
SQL: SELECT * FROM `ycbb_city` WHERE `id` = 1310 LIMIT 1   [ RunTime:0.000073s ]
NOTIC: [8] Undefined index: baidumap /var/www/html/ycbb/Runtime/Cache/Admin/d278e6bf5e2b672db9da7a76be6ae9fd.php 第 92 行.
NOTIC: [8] Undefined variable: furl /var/www/html/ycbb/Runtime/Cache/Admin/d278e6bf5e2b672db9da7a76be6ae9fd.php 第 77 行.
SQL: SELECT * FROM `ycbb_city` WHERE `id` = 1328 LIMIT 1   [ RunTime:0.000073s ]
SQL: SELECT * FROM `ycbb_city` WHERE `id` = 1326 LIMIT 1   [ RunTime:0.000068s ]
SQL: SELECT * FROM `ycbb_city` WHERE `id` = 1310 LIMIT 1   [ RunTime:0.000085s ]
NOTIC: [8] Undefined index: baidumap /var/www/html/ycbb/Runtime/Cache/Admin/d278e6bf5e2b672db9da7a76be6ae9fd.php 第 92 行.
NOTIC: [8] Undefined variable: furl /var/www/html/ycbb/Runtime/Cache/Admin/d278e6bf5e2b672db9da7a76be6ae9fd.php 第 77 行.
SQL: SELECT * FROM `ycbb_city` WHERE `id` = 1330 LIMIT 1   [ RunTime:0.000069s ]
SQL: SELECT * FROM `ycbb_city` WHERE `id` = 1326 LIMIT 1   [ RunTime:0.000067s ]
SQL: SELECT * FROM `ycbb_city` WHERE `id` = 1310 LIMIT 1   [ RunTime:0.000068s ]
NOTIC: [8] Undefined index: baidumap /var/www/html/ycbb/Runtime/Cache/Admin/d278e6bf5e2b672db9da7a76be6ae9fd.php 第 92 行.
NOTIC: [8] Undefined variable: furl /var/www/html/ycbb/Runtime/Cache/Admin/d278e6bf5e2b672db9da7a76be6ae9fd.php 第 77 行.
SQL: SELECT * FROM `ycbb_city` WHERE `id` = 1328 LIMIT 1   [ RunTime:0.000068s ]
SQL: SELECT * FROM `ycbb_city` WHERE `id` = 1326 LIMIT 1   [ RunTime:0.000086s ]
SQL: SELECT * FROM `ycbb_city` WHERE `id` = 1310 LIMIT 1   [ RunTime:0.000069s ]
NOTIC: [8] Undefined index: baidumap /var/www/html/ycbb/Runtime/Cache/Admin/d278e6bf5e2b672db9da7a76be6ae9fd.php 第 92 行.
NOTIC: [8] Undefined variable: furl /var/www/html/ycbb/Runtime/Cache/Admin/d278e6bf5e2b672db9da7a76be6ae9fd.php 第 77 行.
SQL: SELECT * FROM `ycbb_city` WHERE `id` = 1330 LIMIT 1   [ RunTime:0.000067s ]
SQL: SELECT * FROM `ycbb_city` WHERE `id` = 1326 LIMIT 1   [ RunTime:0.000069s ]
SQL: SELECT * FROM `ycbb_city` WHERE `id` = 1310 LIMIT 1   [ RunTime:0.000098s ]
NOTIC: [8] Undefined index: baidumap /var/www/html/ycbb/Runtime/Cache/Admin/d278e6bf5e2b672db9da7a76be6ae9fd.php 第 92 行.
NOTIC: [8] Undefined variable: furl /var/www/html/ycbb/Runtime/Cache/Admin/d278e6bf5e2b672db9da7a76be6ae9fd.php 第 77 行.
SQL: SELECT * FROM `ycbb_city` WHERE `id` = 1330 LIMIT 1   [ RunTime:0.000068s ]
SQL: SELECT * FROM `ycbb_city` WHERE `id` = 1326 LIMIT 1   [ RunTime:0.000066s ]
SQL: SELECT * FROM `ycbb_city` WHERE `id` = 1310 LIMIT 1   [ RunTime:0.000095s ]
NOTIC: [8] Undefined index: baidumap /var/www/html/ycbb/Runtime/Cache/Admin/d278e6bf5e2b672db9da7a76be6ae9fd.php 第 92 行.
NOTIC: [8] Undefined variable: furl /var/www/html/ycbb/Runtime/Cache/Admin/d278e6bf5e2b672db9da7a76be6ae9fd.php 第 77 行.
NOTIC: [8] Undefined index: baidumap /var/www/html/ycbb/Runtime/Cache/Admin/d278e6bf5e2b672db9da7a76be6ae9fd.php 第 92 行.
NOTIC: [8] Undefined variable: furl /var/www/html/ycbb/Runtime/Cache/Admin/d278e6bf5e2b672db9da7a76be6ae9fd.php 第 77 行.
SQL: SELECT * FROM `ycbb_city` WHERE `id` = 1330 LIMIT 1   [ RunTime:0.000071s ]
SQL: SELECT * FROM `ycbb_city` WHERE `id` = 1326 LIMIT 1   [ RunTime:0.000066s ]
SQL: SELECT * FROM `ycbb_city` WHERE `id` = 1310 LIMIT 1   [ RunTime:0.000068s ]
NOTIC: [8] Undefined index: baidumap /var/www/html/ycbb/Runtime/Cache/Admin/d278e6bf5e2b672db9da7a76be6ae9fd.php 第 92 行.
NOTIC: [8] Undefined variable: furl /var/www/html/ycbb/Runtime/Cache/Admin/d278e6bf5e2b672db9da7a76be6ae9fd.php 第 77 行.
NOTIC: [8] Undefined index: baidumap /var/www/html/ycbb/Runtime/Cache/Admin/d278e6bf5e2b672db9da7a76be6ae9fd.php 第 92 行.
NOTIC: [8] Undefined variable: furl /var/www/html/ycbb/Runtime/Cache/Admin/d278e6bf5e2b672db9da7a76be6ae9fd.php 第 77 行.
SQL: SELECT * FROM `ycbb_city` WHERE `id` = 1330 LIMIT 1   [ RunTime:0.000079s ]
SQL: SELECT * FROM `ycbb_city` WHERE `id` = 1326 LIMIT 1   [ RunTime:0.000073s ]
SQL: SELECT * FROM `ycbb_city` WHERE `id` = 1310 LIMIT 1   [ RunTime:0.000071s ]
NOTIC: [8] Undefined index: baidumap /var/www/html/ycbb/Runtime/Cache/Admin/d278e6bf5e2b672db9da7a76be6ae9fd.php 第 92 行.
INFO: Run Behavior\ParseTemplateBehavior [ RunTime:0.014638s ]
INFO: [ view_parse ] --END-- [ RunTime:0.014695s ]
INFO: [ view_filter ] --START--
INFO: Run Behavior\WriteHtmlCacheBehavior [ RunTime:0.000102s ]
INFO: [ view_filter ] --END-- [ RunTime:0.000149s ]
INFO: [ app_end ] --START--
INFO: Run Behavior\ShowPageTraceBehavior [ RunTime:0.000064s ]
INFO: [ app_end ] --END-- [ RunTime:0.000120s ]

[ 2015-04-03T23:10:22+08:00 ] 110.80.63.113 /index.php/Admin/Merchant/edit/id/263/furl/?_=1428073772673
INFO: [ app_init ] --START--
INFO: Run Behavior\BuildLiteBehavior [ RunTime:0.000019s ]
INFO: [ app_init ] --END-- [ RunTime:0.000142s ]
INFO: [ app_begin ] --START--
INFO: Run Behavior\ReadHtmlCacheBehavior [ RunTime:0.000063s ]
INFO: [ app_begin ] --END-- [ RunTime:0.000113s ]
NOTIC: [2048] Declaration of MerchantController::insert() should be compatible with CommonController::insert($dwz_db_name = '') /var/www/html/ycbb/Application/Admin/Controller/MerchantController.class.php 第 3 行.
NOTIC: [2048] Declaration of MerchantController::edit() should be compatible with CommonController::edit($dwz_db_name = '') /var/www/html/ycbb/Application/Admin/Controller/MerchantController.class.php 第 3 行.
NOTIC: [2048] Declaration of MerchantController::update() should be compatible with CommonController::update($dwz_db_name = '') /var/www/html/ycbb/Application/Admin/Controller/MerchantController.class.php 第 3 行.
NOTIC: [8] Undefined index: administrator /var/www/html/ycbb/Application/Admin/Controller/CommonController.class.php 第 22 行.
SQL: SHOW COLUMNS FROM `ycbb_auth_group_access` [ RunTime:0.004188s ]
SQL: SELECT `rules` FROM ycbb_auth_group_access a INNER JOIN ycbb_auth_group g on a.group_id=g.id  WHERE ( a.uid='53' and g.status='1' )  [ RunTime:0.000096s ]
SQL: SHOW COLUMNS FROM `ycbb_auth_rule` [ RunTime:0.000578s ]
SQL: SELECT `condition`,`name` FROM `ycbb_auth_rule` WHERE `id` IN ('16','20','32','35','9','11','13','36','37','14','39','40','18','19','21') AND `type` = 1 AND `status` = 1  [ RunTime:0.000092s ]
SQL: SHOW COLUMNS FROM `ycbb_city` [ RunTime:0.000628s ]
SQL: SELECT `id`,`name` FROM `ycbb_city` WHERE ( pid=0 )  [ RunTime:0.000100s ]
SQL: SHOW COLUMNS FROM `ycbb_merchant` [ RunTime:0.001073s ]
SQL: SELECT * FROM `ycbb_merchant` WHERE `id` = 263 LIMIT 1   [ RunTime:0.000100s ]
SQL: SELECT `id`,`name` FROM `ycbb_city` WHERE ( pid=1310 )  [ RunTime:0.000080s ]
SQL: SELECT `id`,`name` FROM `ycbb_city` WHERE ( pid=1326 )  [ RunTime:0.000080s ]
SQL: SHOW COLUMNS FROM `ycbb_category` [ RunTime:0.000659s ]
SQL: SELECT `id`,`name` FROM `ycbb_category` WHERE ( pid=0 )  [ RunTime:0.000137s ]
NOTIC: [2] in_array() expects parameter 2 to be array, integer given /var/www/html/ycbb/Application/Admin/Controller/MerchantController.class.php 第 144 行.
NOTIC: [2] in_array() expects parameter 2 to be array, integer given /var/www/html/ycbb/Application/Admin/Controller/MerchantController.class.php 第 144 行.
NOTIC: [2] in_array() expects parameter 2 to be array, integer given /var/www/html/ycbb/Application/Admin/Controller/MerchantController.class.php 第 144 行.
NOTIC: [2] in_array() expects parameter 2 to be array, integer given /var/www/html/ycbb/Application/Admin/Controller/MerchantController.class.php 第 144 行.
INFO: [ view_parse ] --START--
INFO: [ template_filter ] --START--
INFO: Run Behavior\ContentReplaceBehavior [ RunTime:0.000074s ]
INFO: [ template_filter ] --END-- [ RunTime:0.000139s ]
INFO: Run Behavior\ParseTemplateBehavior [ RunTime:0.004965s ]
INFO: [ view_parse ] --END-- [ RunTime:0.005009s ]
INFO: [ view_filter ] --START--
INFO: Run Behavior\WriteHtmlCacheBehavior [ RunTime:0.000083s ]
INFO: [ view_filter ] --END-- [ RunTime:0.000130s ]
INFO: [ app_end ] --START--
INFO: Run Behavior\ShowPageTraceBehavior [ RunTime:0.000067s ]
INFO: [ app_end ] --END-- [ RunTime:0.000119s ]

[ 2015-04-03T23:10:25+08:00 ] 110.80.63.113 /index.php/Admin/Merchant/index?_=1428073775538
INFO: [ app_init ] --START--
INFO: Run Behavior\BuildLiteBehavior [ RunTime:0.000015s ]
INFO: [ app_init ] --END-- [ RunTime:0.000192s ]
INFO: [ app_begin ] --START--
INFO: Run Behavior\ReadHtmlCacheBehavior [ RunTime:0.000043s ]
INFO: [ app_begin ] --END-- [ RunTime:0.000081s ]
NOTIC: [2048] Declaration of MerchantController::insert() should be compatible with CommonController::insert($dwz_db_name = '') /var/www/html/ycbb/Application/Admin/Controller/MerchantController.class.php 第 3 行.
NOTIC: [2048] Declaration of MerchantController::edit() should be compatible with CommonController::edit($dwz_db_name = '') /var/www/html/ycbb/Application/Admin/Controller/MerchantController.class.php 第 3 行.
NOTIC: [2048] Declaration of MerchantController::update() should be compatible with CommonController::update($dwz_db_name = '') /var/www/html/ycbb/Application/Admin/Controller/MerchantController.class.php 第 3 行.
NOTIC: [8] Undefined index: administrator /var/www/html/ycbb/Application/Admin/Controller/CommonController.class.php 第 22 行.
SQL: SHOW COLUMNS FROM `ycbb_auth_group_access` [ RunTime:0.000707s ]
SQL: SELECT `rules` FROM ycbb_auth_group_access a INNER JOIN ycbb_auth_group g on a.group_id=g.id  WHERE ( a.uid='53' and g.status='1' )  [ RunTime:0.000087s ]
SQL: SHOW COLUMNS FROM `ycbb_auth_rule` [ RunTime:0.000589s ]
SQL: SELECT `condition`,`name` FROM `ycbb_auth_rule` WHERE `id` IN ('16','20','32','35','9','11','13','36','37','14','39','40','18','19','21') AND `type` = 1 AND `status` = 1  [ RunTime:0.000086s ]
SQL: SHOW COLUMNS FROM `ycbb_city` [ RunTime:0.000524s ]
SQL: SELECT `id`,`name` FROM `ycbb_city` WHERE ( pid=0 )  [ RunTime:0.000100s ]
SQL: SHOW COLUMNS FROM `ycbb_merchant` [ RunTime:0.001109s ]
SQL: SELECT COUNT(*) AS tp_count FROM `ycbb_merchant` LIMIT 1   [ RunTime:0.000084s ]
SQL: SHOW COLUMNS FROM `ycbb_merchant` [ RunTime:0.001087s ]
SQL: SELECT a.id,a.merchant_name,a.manager,a.tel,a.province_id,a.city_id,a.area_id,a.address,a.intro,a.mobile,a.status,a.is_check,a.addtime,ifnull(b.mobile,"管理员")  as salename FROM ycbb_merchant as a LEFT JOIN ycbb_merchant as b on a.check_by = b.id  ORDER BY addtime desc LIMIT 0,10   [ RunTime:0.000095s ]
INFO: [ view_parse ] --START--
INFO: [ template_filter ] --START--
INFO: Run Behavior\ContentReplaceBehavior [ RunTime:0.000070s ]
INFO: [ template_filter ] --END-- [ RunTime:0.000137s ]
NOTIC: [8] Undefined index: _order /var/www/html/ycbb/Runtime/Cache/Admin/d278e6bf5e2b672db9da7a76be6ae9fd.php 第 4 行.
NOTIC: [8] Undefined index: listRows /var/www/html/ycbb/Runtime/Cache/Admin/d278e6bf5e2b672db9da7a76be6ae9fd.php 第 6 行.
NOTIC: [8] Undefined variable: furl /var/www/html/ycbb/Runtime/Cache/Admin/d278e6bf5e2b672db9da7a76be6ae9fd.php 第 77 行.
NOTIC: [8] Undefined index: baidumap /var/www/html/ycbb/Runtime/Cache/Admin/d278e6bf5e2b672db9da7a76be6ae9fd.php 第 92 行.
NOTIC: [8] Undefined variable: furl /var/www/html/ycbb/Runtime/Cache/Admin/d278e6bf5e2b672db9da7a76be6ae9fd.php 第 77 行.
SQL: SHOW COLUMNS FROM `ycbb_city` [ RunTime:0.000990s ]
SQL: SELECT * FROM `ycbb_city` WHERE `id` = 1328 LIMIT 1   [ RunTime:0.000106s ]
SQL: SELECT * FROM `ycbb_city` WHERE `id` = 1326 LIMIT 1   [ RunTime:0.000096s ]
SQL: SELECT * FROM `ycbb_city` WHERE `id` = 1310 LIMIT 1   [ RunTime:0.000096s ]
NOTIC: [8] Undefined index: baidumap /var/www/html/ycbb/Runtime/Cache/Admin/d278e6bf5e2b672db9da7a76be6ae9fd.php 第 92 行.
NOTIC: [8] Undefined variable: furl /var/www/html/ycbb/Runtime/Cache/Admin/d278e6bf5e2b672db9da7a76be6ae9fd.php 第 77 行.
SQL: SELECT * FROM `ycbb_city` WHERE `id` = 1328 LIMIT 1   [ RunTime:0.000093s ]
SQL: SELECT * FROM `ycbb_city` WHERE `id` = 1326 LIMIT 1   [ RunTime:0.000099s ]
SQL: SELECT * FROM `ycbb_city` WHERE `id` = 1310 LIMIT 1   [ RunTime:0.000093s ]
NOTIC: [8] Undefined index: baidumap /var/www/html/ycbb/Runtime/Cache/Admin/d278e6bf5e2b672db9da7a76be6ae9fd.php 第 92 行.
NOTIC: [8] Undefined variable: furl /var/www/html/ycbb/Runtime/Cache/Admin/d278e6bf5e2b672db9da7a76be6ae9fd.php 第 77 行.
NOTIC: [8] Undefined index: baidumap /var/www/html/ycbb/Runtime/Cache/Admin/d278e6bf5e2b672db9da7a76be6ae9fd.php 第 92 行.
NOTIC: [8] Undefined variable: furl /var/www/html/ycbb/Runtime/Cache/Admin/d278e6bf5e2b672db9da7a76be6ae9fd.php 第 77 行.
NOTIC: [8] Undefined index: baidumap /var/www/html/ycbb/Runtime/Cache/Admin/d278e6bf5e2b672db9da7a76be6ae9fd.php 第 92 行.
NOTIC: [8] Undefined variable: furl /var/www/html/ycbb/Runtime/Cache/Admin/d278e6bf5e2b672db9da7a76be6ae9fd.php 第 77 行.
SQL: SELECT * FROM `ycbb_city` WHERE `id` = 1328 LIMIT 1   [ RunTime:0.000097s ]
SQL: SELECT * FROM `ycbb_city` WHERE `id` = 1326 LIMIT 1   [ RunTime:0.000092s ]
SQL: SELECT * FROM `ycbb_city` WHERE `id` = 1310 LIMIT 1   [ RunTime:0.000093s ]
NOTIC: [8] Undefined index: baidumap /var/www/html/ycbb/Runtime/Cache/Admin/d278e6bf5e2b672db9da7a76be6ae9fd.php 第 92 行.
NOTIC: [8] Undefined variable: furl /var/www/html/ycbb/Runtime/Cache/Admin/d278e6bf5e2b672db9da7a76be6ae9fd.php 第 77 行.
NOTIC: [8] Undefined index: baidumap /var/www/html/ycbb/Runtime/Cache/Admin/d278e6bf5e2b672db9da7a76be6ae9fd.php 第 92 行.
NOTIC: [8] Undefined variable: furl /var/www/html/ycbb/Runtime/Cache/Admin/d278e6bf5e2b672db9da7a76be6ae9fd.php 第 77 行.
NOTIC: [8] Undefined index: baidumap /var/www/html/ycbb/Runtime/Cache/Admin/d278e6bf5e2b672db9da7a76be6ae9fd.php 第 92 行.
NOTIC: [8] Undefined variable: furl /var/www/html/ycbb/Runtime/Cache/Admin/d278e6bf5e2b672db9da7a76be6ae9fd.php 第 77 行.
NOTIC: [8] Undefined index: baidumap /var/www/html/ycbb/Runtime/Cache/Admin/d278e6bf5e2b672db9da7a76be6ae9fd.php 第 92 行.
NOTIC: [8] Undefined variable: furl /var/www/html/ycbb/Runtime/Cache/Admin/d278e6bf5e2b672db9da7a76be6ae9fd.php 第 77 行.
NOTIC: [8] Undefined index: baidumap /var/www/html/ycbb/Runtime/Cache/Admin/d278e6bf5e2b672db9da7a76be6ae9fd.php 第 92 行.
INFO: Run Behavior\ParseTemplateBehavior [ RunTime:0.012229s ]
INFO: [ view_parse ] --END-- [ RunTime:0.012279s ]
INFO: [ view_filter ] --START--
INFO: Run Behavior\WriteHtmlCacheBehavior [ RunTime:0.000106s ]
INFO: [ view_filter ] --END-- [ RunTime:0.000150s ]
INFO: [ app_end ] --START--
INFO: Run Behavior\ShowPageTraceBehavior [ RunTime:0.000054s ]
INFO: [ app_end ] --END-- [ RunTime:0.000102s ]

[ 2015-04-03T23:10:30+08:00 ] 110.80.63.113 /index.php/Admin/Merchant
INFO: [ app_init ] --START--
INFO: Run Behavior\BuildLiteBehavior [ RunTime:0.000022s ]
INFO: [ app_init ] --END-- [ RunTime:0.000158s ]
INFO: [ app_begin ] --START--
INFO: Run Behavior\ReadHtmlCacheBehavior [ RunTime:0.000066s ]
INFO: [ app_begin ] --END-- [ RunTime:0.000131s ]
NOTIC: [2048] Declaration of MerchantController::insert() should be compatible with CommonController::insert($dwz_db_name = '') /var/www/html/ycbb/Application/Admin/Controller/MerchantController.class.php 第 3 行.
NOTIC: [2048] Declaration of MerchantController::edit() should be compatible with CommonController::edit($dwz_db_name = '') /var/www/html/ycbb/Application/Admin/Controller/MerchantController.class.php 第 3 行.
NOTIC: [2048] Declaration of MerchantController::update() should be compatible with CommonController::update($dwz_db_name = '') /var/www/html/ycbb/Application/Admin/Controller/MerchantController.class.php 第 3 行.
NOTIC: [8] Undefined index: administrator /var/www/html/ycbb/Application/Admin/Controller/CommonController.class.php 第 22 行.
SQL: SHOW COLUMNS FROM `ycbb_auth_group_access` [ RunTime:0.001313s ]
SQL: SELECT `rules` FROM ycbb_auth_group_access a INNER JOIN ycbb_auth_group g on a.group_id=g.id  WHERE ( a.uid='53' and g.status='1' )  [ RunTime:0.000092s ]
SQL: SHOW COLUMNS FROM `ycbb_auth_rule` [ RunTime:0.000531s ]
SQL: SELECT `condition`,`name` FROM `ycbb_auth_rule` WHERE `id` IN ('16','20','32','35','9','11','13','36','37','14','39','40','18','19','21') AND `type` = 1 AND `status` = 1  [ RunTime:0.000070s ]
SQL: SHOW COLUMNS FROM `ycbb_city` [ RunTime:0.000611s ]
SQL: SELECT `id`,`name` FROM `ycbb_city` WHERE ( pid=0 )  [ RunTime:0.000111s ]
SQL: SHOW COLUMNS FROM `ycbb_merchant` [ RunTime:0.001033s ]
SQL: SELECT COUNT(*) AS tp_count FROM `ycbb_merchant` LIMIT 1   [ RunTime:0.000067s ]
SQL: SHOW COLUMNS FROM `ycbb_merchant` [ RunTime:0.000915s ]
SQL: SELECT a.id,a.merchant_name,a.manager,a.tel,a.province_id,a.city_id,a.area_id,a.address,a.intro,a.mobile,a.status,a.is_check,a.addtime,ifnull(b.mobile,"管理员")  as salename FROM ycbb_merchant as a LEFT JOIN ycbb_merchant as b on a.check_by = b.id  ORDER BY addtime desc LIMIT 50,10   [ RunTime:0.001037s ]
INFO: [ view_parse ] --START--
INFO: [ template_filter ] --START--
INFO: Run Behavior\ContentReplaceBehavior [ RunTime:0.000081s ]
INFO: [ template_filter ] --END-- [ RunTime:0.000145s ]
NOTIC: [8] Undefined variable: furl /var/www/html/ycbb/Runtime/Cache/Admin/d278e6bf5e2b672db9da7a76be6ae9fd.php 第 77 行.
NOTIC: [8] Undefined index: baidumap /var/www/html/ycbb/Runtime/Cache/Admin/d278e6bf5e2b672db9da7a76be6ae9fd.php 第 92 行.
NOTIC: [8] Undefined variable: furl /var/www/html/ycbb/Runtime/Cache/Admin/d278e6bf5e2b672db9da7a76be6ae9fd.php 第 77 行.
SQL: SHOW COLUMNS FROM `ycbb_city` [ RunTime:0.001479s ]
SQL: SELECT * FROM `ycbb_city` WHERE `id` = 1328 LIMIT 1   [ RunTime:0.000107s ]
SQL: SELECT * FROM `ycbb_city` WHERE `id` = 1326 LIMIT 1   [ RunTime:0.000076s ]
SQL: SELECT * FROM `ycbb_city` WHERE `id` = 1310 LIMIT 1   [ RunTime:0.000132s ]
NOTIC: [8] Undefined index: baidumap /var/www/html/ycbb/Runtime/Cache/Admin/d278e6bf5e2b672db9da7a76be6ae9fd.php 第 92 行.
NOTIC: [8] Undefined variable: furl /var/www/html/ycbb/Runtime/Cache/Admin/d278e6bf5e2b672db9da7a76be6ae9fd.php 第 77 行.
SQL: SELECT * FROM `ycbb_city` WHERE `id` = 1328 LIMIT 1   [ RunTime:0.000161s ]
SQL: SELECT * FROM `ycbb_city` WHERE `id` = 1326 LIMIT 1   [ RunTime:0.000101s ]
SQL: SELECT * FROM `ycbb_city` WHERE `id` = 1310 LIMIT 1   [ RunTime:0.000122s ]
NOTIC: [8] Undefined index: baidumap /var/www/html/ycbb/Runtime/Cache/Admin/d278e6bf5e2b672db9da7a76be6ae9fd.php 第 92 行.
NOTIC: [8] Undefined variable: furl /var/www/html/ycbb/Runtime/Cache/Admin/d278e6bf5e2b672db9da7a76be6ae9fd.php 第 77 行.
SQL: SELECT * FROM `ycbb_city` WHERE `id` = 1330 LIMIT 1   [ RunTime:0.000115s ]
SQL: SELECT * FROM `ycbb_city` WHERE `id` = 1326 LIMIT 1   [ RunTime:0.000153s ]
SQL: SELECT * FROM `ycbb_city` WHERE `id` = 1310 LIMIT 1   [ RunTime:0.000103s ]
NOTIC: [8] Undefined index: baidumap /var/www/html/ycbb/Runtime/Cache/Admin/d278e6bf5e2b672db9da7a76be6ae9fd.php 第 92 行.
NOTIC: [8] Undefined variable: furl /var/www/html/ycbb/Runtime/Cache/Admin/d278e6bf5e2b672db9da7a76be6ae9fd.php 第 77 行.
SQL: SELECT * FROM `ycbb_city` WHERE `id` = 1330 LIMIT 1   [ RunTime:0.000095s ]
SQL: SELECT * FROM `ycbb_city` WHERE `id` = 1326 LIMIT 1   [ RunTime:0.000100s ]
SQL: SELECT * FROM `ycbb_city` WHERE `id` = 1310 LIMIT 1   [ RunTime:0.000099s ]
NOTIC: [8] Undefined index: baidumap /var/www/html/ycbb/Runtime/Cache/Admin/d278e6bf5e2b672db9da7a76be6ae9fd.php 第 92 行.
NOTIC: [8] Undefined variable: furl /var/www/html/ycbb/Runtime/Cache/Admin/d278e6bf5e2b672db9da7a76be6ae9fd.php 第 77 行.
SQL: SELECT * FROM `ycbb_city` WHERE `id` = 1328 LIMIT 1   [ RunTime:0.000092s ]
SQL: SELECT * FROM `ycbb_city` WHERE `id` = 1326 LIMIT 1   [ RunTime:0.000070s ]
SQL: SELECT * FROM `ycbb_city` WHERE `id` = 1310 LIMIT 1   [ RunTime:0.000069s ]
NOTIC: [8] Undefined index: baidumap /var/www/html/ycbb/Runtime/Cache/Admin/d278e6bf5e2b672db9da7a76be6ae9fd.php 第 92 行.
NOTIC: [8] Undefined variable: furl /var/www/html/ycbb/Runtime/Cache/Admin/d278e6bf5e2b672db9da7a76be6ae9fd.php 第 77 行.
SQL: SELECT * FROM `ycbb_city` WHERE `id` = 1330 LIMIT 1   [ RunTime:0.000069s ]
SQL: SELECT * FROM `ycbb_city` WHERE `id` = 1326 LIMIT 1   [ RunTime:0.000068s ]
SQL: SELECT * FROM `ycbb_city` WHERE `id` = 1310 LIMIT 1   [ RunTime:0.000069s ]
NOTIC: [8] Undefined index: baidumap /var/www/html/ycbb/Runtime/Cache/Admin/d278e6bf5e2b672db9da7a76be6ae9fd.php 第 92 行.
NOTIC: [8] Undefined variable: furl /var/www/html/ycbb/Runtime/Cache/Admin/d278e6bf5e2b672db9da7a76be6ae9fd.php 第 77 行.
SQL: SELECT * FROM `ycbb_city` WHERE `id` = 1328 LIMIT 1   [ RunTime:0.000068s ]
SQL: SELECT * FROM `ycbb_city` WHERE `id` = 1326 LIMIT 1   [ RunTime:0.000067s ]
SQL: SELECT * FROM `ycbb_city` WHERE `id` = 1310 LIMIT 1   [ RunTime:0.000069s ]
NOTIC: [8] Undefined index: baidumap /var/www/html/ycbb/Runtime/Cache/Admin/d278e6bf5e2b672db9da7a76be6ae9fd.php 第 92 行.
NOTIC: [8] Undefined variable: furl /var/www/html/ycbb/Runtime/Cache/Admin/d278e6bf5e2b672db9da7a76be6ae9fd.php 第 77 行.
SQL: SELECT * FROM `ycbb_city` WHERE `id` = 1328 LIMIT 1   [ RunTime:0.000095s ]
SQL: SELECT * FROM `ycbb_city` WHERE `id` = 1326 LIMIT 1   [ RunTime:0.000071s ]
SQL: SELECT * FROM `ycbb_city` WHERE `id` = 1310 LIMIT 1   [ RunTime:0.000069s ]
NOTIC: [8] Undefined index: baidumap /var/www/html/ycbb/Runtime/Cache/Admin/d278e6bf5e2b672db9da7a76be6ae9fd.php 第 92 行.
NOTIC: [8] Undefined variable: furl /var/www/html/ycbb/Runtime/Cache/Admin/d278e6bf5e2b672db9da7a76be6ae9fd.php 第 77 行.
SQL: SELECT * FROM `ycbb_city` WHERE `id` = 1328 LIMIT 1   [ RunTime:0.000068s ]
SQL: SELECT * FROM `ycbb_city` WHERE `id` = 1326 LIMIT 1   [ RunTime:0.000070s ]
SQL: SELECT * FROM `ycbb_city` WHERE `id` = 1310 LIMIT 1   [ RunTime:0.000072s ]
NOTIC: [8] Undefined index: baidumap /var/www/html/ycbb/Runtime/Cache/Admin/d278e6bf5e2b672db9da7a76be6ae9fd.php 第 92 行.
INFO: Run Behavior\ParseTemplateBehavior [ RunTime:0.018518s ]
INFO: [ view_parse ] --END-- [ RunTime:0.018559s ]
INFO: [ view_filter ] --START--
INFO: Run Behavior\WriteHtmlCacheBehavior [ RunTime:0.000095s ]
INFO: [ view_filter ] --END-- [ RunTime:0.000137s ]
INFO: [ app_end ] --START--
INFO: Run Behavior\ShowPageTraceBehavior [ RunTime:0.000104s ]
INFO: [ app_end ] --END-- [ RunTime:0.000168s ]

[ 2015-04-03T23:10:33+08:00 ] 110.80.63.113 /index.php/Admin/Merchant/edit/id/249/furl/?_=1428073783337
INFO: [ app_init ] --START--
INFO: Run Behavior\BuildLiteBehavior [ RunTime:0.000014s ]
INFO: [ app_init ] --END-- [ RunTime:0.000100s ]
INFO: [ app_begin ] --START--
INFO: Run Behavior\ReadHtmlCacheBehavior [ RunTime:0.000045s ]
INFO: [ app_begin ] --END-- [ RunTime:0.000084s ]
NOTIC: [2048] Declaration of MerchantController::insert() should be compatible with CommonController::insert($dwz_db_name = '') /var/www/html/ycbb/Application/Admin/Controller/MerchantController.class.php 第 3 行.
NOTIC: [2048] Declaration of MerchantController::edit() should be compatible with CommonController::edit($dwz_db_name = '') /var/www/html/ycbb/Application/Admin/Controller/MerchantController.class.php 第 3 行.
NOTIC: [2048] Declaration of MerchantController::update() should be compatible with CommonController::update($dwz_db_name = '') /var/www/html/ycbb/Application/Admin/Controller/MerchantController.class.php 第 3 行.
NOTIC: [8] Undefined index: administrator /var/www/html/ycbb/Application/Admin/Controller/CommonController.class.php 第 22 行.
SQL: SHOW COLUMNS FROM `ycbb_auth_group_access` [ RunTime:0.000678s ]
SQL: SELECT `rules` FROM ycbb_auth_group_access a INNER JOIN ycbb_auth_group g on a.group_id=g.id  WHERE ( a.uid='53' and g.status='1' )  [ RunTime:0.000083s ]
SQL: SHOW COLUMNS FROM `ycbb_auth_rule` [ RunTime:0.000553s ]
SQL: SELECT `condition`,`name` FROM `ycbb_auth_rule` WHERE `id` IN ('16','20','32','35','9','11','13','36','37','14','39','40','18','19','21') AND `type` = 1 AND `status` = 1  [ RunTime:0.000087s ]
SQL: SHOW COLUMNS FROM `ycbb_city` [ RunTime:0.000557s ]
SQL: SELECT `id`,`name` FROM `ycbb_city` WHERE ( pid=0 )  [ RunTime:0.000130s ]
SQL: SHOW COLUMNS FROM `ycbb_merchant` [ RunTime:0.001028s ]
SQL: SELECT * FROM `ycbb_merchant` WHERE `id` = 249 LIMIT 1   [ RunTime:0.000320s ]
SQL: SELECT `id`,`name` FROM `ycbb_city` WHERE ( pid=1310 )  [ RunTime:0.000106s ]
SQL: SELECT `id`,`name` FROM `ycbb_city` WHERE ( pid=1326 )  [ RunTime:0.000100s ]
SQL: SHOW COLUMNS FROM `ycbb_category` [ RunTime:0.000576s ]
SQL: SELECT `id`,`name` FROM `ycbb_category` WHERE ( pid=0 )  [ RunTime:0.000080s ]
NOTIC: [2] in_array() expects parameter 2 to be array, integer given /var/www/html/ycbb/Application/Admin/Controller/MerchantController.class.php 第 144 行.
NOTIC: [2] in_array() expects parameter 2 to be array, integer given /var/www/html/ycbb/Application/Admin/Controller/MerchantController.class.php 第 144 行.
NOTIC: [2] in_array() expects parameter 2 to be array, integer given /var/www/html/ycbb/Application/Admin/Controller/MerchantController.class.php 第 144 行.
NOTIC: [2] in_array() expects parameter 2 to be array, integer given /var/www/html/ycbb/Application/Admin/Controller/MerchantController.class.php 第 144 行.
INFO: [ view_parse ] --START--
INFO: [ template_filter ] --START--
INFO: Run Behavior\ContentReplaceBehavior [ RunTime:0.000104s ]
INFO: [ template_filter ] --END-- [ RunTime:0.000186s ]
INFO: Run Behavior\ParseTemplateBehavior [ RunTime:0.004843s ]
INFO: [ view_parse ] --END-- [ RunTime:0.004890s ]
INFO: [ view_filter ] --START--
INFO: Run Behavior\WriteHtmlCacheBehavior [ RunTime:0.000053s ]
INFO: [ view_filter ] --END-- [ RunTime:0.000087s ]
INFO: [ app_end ] --START--
INFO: Run Behavior\ShowPageTraceBehavior [ RunTime:0.000045s ]
INFO: [ app_end ] --END-- [ RunTime:0.000088s ]

[ 2015-04-03T23:10:48+08:00 ] 110.80.63.113 /index.php/Admin/Merchant/index?_=1428073799033
INFO: [ app_init ] --START--
INFO: Run Behavior\BuildLiteBehavior [ RunTime:0.000015s ]
INFO: [ app_init ] --END-- [ RunTime:0.000094s ]
INFO: [ app_begin ] --START--
INFO: Run Behavior\ReadHtmlCacheBehavior [ RunTime:0.000037s ]
INFO: [ app_begin ] --END-- [ RunTime:0.000075s ]
NOTIC: [2048] Declaration of MerchantController::insert() should be compatible with CommonController::insert($dwz_db_name = '') /var/www/html/ycbb/Application/Admin/Controller/MerchantController.class.php 第 3 行.
NOTIC: [2048] Declaration of MerchantController::edit() should be compatible with CommonController::edit($dwz_db_name = '') /var/www/html/ycbb/Application/Admin/Controller/MerchantController.class.php 第 3 行.
NOTIC: [2048] Declaration of MerchantController::update() should be compatible with CommonController::update($dwz_db_name = '') /var/www/html/ycbb/Application/Admin/Controller/MerchantController.class.php 第 3 行.
NOTIC: [8] Undefined index: administrator /var/www/html/ycbb/Application/Admin/Controller/CommonController.class.php 第 22 行.
SQL: SHOW COLUMNS FROM `ycbb_auth_group_access` [ RunTime:0.000713s ]
SQL: SELECT `rules` FROM ycbb_auth_group_access a INNER JOIN ycbb_auth_group g on a.group_id=g.id  WHERE ( a.uid='53' and g.status='1' )  [ RunTime:0.000079s ]
SQL: SHOW COLUMNS FROM `ycbb_auth_rule` [ RunTime:0.000652s ]
SQL: SELECT `condition`,`name` FROM `ycbb_auth_rule` WHERE `id` IN ('16','20','32','35','9','11','13','36','37','14','39','40','18','19','21') AND `type` = 1 AND `status` = 1  [ RunTime:0.000077s ]
SQL: SHOW COLUMNS FROM `ycbb_city` [ RunTime:0.000484s ]
SQL: SELECT `id`,`name` FROM `ycbb_city` WHERE ( pid=0 )  [ RunTime:0.000114s ]
SQL: SHOW COLUMNS FROM `ycbb_merchant` [ RunTime:0.001040s ]
SQL: SELECT COUNT(*) AS tp_count FROM `ycbb_merchant` LIMIT 1   [ RunTime:0.000090s ]
SQL: SHOW COLUMNS FROM `ycbb_merchant` [ RunTime:0.001393s ]
SQL: SELECT a.id,a.merchant_name,a.manager,a.tel,a.province_id,a.city_id,a.area_id,a.address,a.intro,a.mobile,a.status,a.is_check,a.addtime,ifnull(b.mobile,"管理员")  as salename FROM ycbb_merchant as a LEFT JOIN ycbb_merchant as b on a.check_by = b.id  ORDER BY addtime desc LIMIT 0,10   [ RunTime:0.000109s ]
INFO: [ view_parse ] --START--
INFO: [ template_filter ] --START--
INFO: Run Behavior\ContentReplaceBehavior [ RunTime:0.000069s ]
INFO: [ template_filter ] --END-- [ RunTime:0.000133s ]
NOTIC: [8] Undefined index: _order /var/www/html/ycbb/Runtime/Cache/Admin/d278e6bf5e2b672db9da7a76be6ae9fd.php 第 4 行.
NOTIC: [8] Undefined index: listRows /var/www/html/ycbb/Runtime/Cache/Admin/d278e6bf5e2b672db9da7a76be6ae9fd.php 第 6 行.
NOTIC: [8] Undefined variable: furl /var/www/html/ycbb/Runtime/Cache/Admin/d278e6bf5e2b672db9da7a76be6ae9fd.php 第 77 行.
NOTIC: [8] Undefined index: baidumap /var/www/html/ycbb/Runtime/Cache/Admin/d278e6bf5e2b672db9da7a76be6ae9fd.php 第 92 行.
NOTIC: [8] Undefined variable: furl /var/www/html/ycbb/Runtime/Cache/Admin/d278e6bf5e2b672db9da7a76be6ae9fd.php 第 77 行.
SQL: SHOW COLUMNS FROM `ycbb_city` [ RunTime:0.000874s ]
SQL: SELECT * FROM `ycbb_city` WHERE `id` = 1328 LIMIT 1   [ RunTime:0.000081s ]
SQL: SELECT * FROM `ycbb_city` WHERE `id` = 1326 LIMIT 1   [ RunTime:0.000079s ]
SQL: SELECT * FROM `ycbb_city` WHERE `id` = 1310 LIMIT 1   [ RunTime:0.000074s ]
NOTIC: [8] Undefined index: baidumap /var/www/html/ycbb/Runtime/Cache/Admin/d278e6bf5e2b672db9da7a76be6ae9fd.php 第 92 行.
NOTIC: [8] Undefined variable: furl /var/www/html/ycbb/Runtime/Cache/Admin/d278e6bf5e2b672db9da7a76be6ae9fd.php 第 77 行.
SQL: SELECT * FROM `ycbb_city` WHERE `id` = 1328 LIMIT 1   [ RunTime:0.000070s ]
SQL: SELECT * FROM `ycbb_city` WHERE `id` = 1326 LIMIT 1   [ RunTime:0.000068s ]
SQL: SELECT * FROM `ycbb_city` WHERE `id` = 1310 LIMIT 1   [ RunTime:0.000070s ]
NOTIC: [8] Undefined index: baidumap /var/www/html/ycbb/Runtime/Cache/Admin/d278e6bf5e2b672db9da7a76be6ae9fd.php 第 92 行.
NOTIC: [8] Undefined variable: furl /var/www/html/ycbb/Runtime/Cache/Admin/d278e6bf5e2b672db9da7a76be6ae9fd.php 第 77 行.
NOTIC: [8] Undefined index: baidumap /var/www/html/ycbb/Runtime/Cache/Admin/d278e6bf5e2b672db9da7a76be6ae9fd.php 第 92 行.
NOTIC: [8] Undefined variable: furl /var/www/html/ycbb/Runtime/Cache/Admin/d278e6bf5e2b672db9da7a76be6ae9fd.php 第 77 行.
NOTIC: [8] Undefined index: baidumap /var/www/html/ycbb/Runtime/Cache/Admin/d278e6bf5e2b672db9da7a76be6ae9fd.php 第 92 行.
NOTIC: [8] Undefined variable: furl /var/www/html/ycbb/Runtime/Cache/Admin/d278e6bf5e2b672db9da7a76be6ae9fd.php 第 77 行.
SQL: SELECT * FROM `ycbb_city` WHERE `id` = 1328 LIMIT 1   [ RunTime:0.000071s ]
SQL: SELECT * FROM `ycbb_city` WHERE `id` = 1326 LIMIT 1   [ RunTime:0.000069s ]
SQL: SELECT * FROM `ycbb_city` WHERE `id` = 1310 LIMIT 1   [ RunTime:0.000068s ]
NOTIC: [8] Undefined index: baidumap /var/www/html/ycbb/Runtime/Cache/Admin/d278e6bf5e2b672db9da7a76be6ae9fd.php 第 92 行.
NOTIC: [8] Undefined variable: furl /var/www/html/ycbb/Runtime/Cache/Admin/d278e6bf5e2b672db9da7a76be6ae9fd.php 第 77 行.
NOTIC: [8] Undefined index: baidumap /var/www/html/ycbb/Runtime/Cache/Admin/d278e6bf5e2b672db9da7a76be6ae9fd.php 第 92 行.
NOTIC: [8] Undefined variable: furl /var/www/html/ycbb/Runtime/Cache/Admin/d278e6bf5e2b672db9da7a76be6ae9fd.php 第 77 行.
NOTIC: [8] Undefined index: baidumap /var/www/html/ycbb/Runtime/Cache/Admin/d278e6bf5e2b672db9da7a76be6ae9fd.php 第 92 行.
NOTIC: [8] Undefined variable: furl /var/www/html/ycbb/Runtime/Cache/Admin/d278e6bf5e2b672db9da7a76be6ae9fd.php 第 77 行.
NOTIC: [8] Undefined index: baidumap /var/www/html/ycbb/Runtime/Cache/Admin/d278e6bf5e2b672db9da7a76be6ae9fd.php 第 92 行.
NOTIC: [8] Undefined variable: furl /var/www/html/ycbb/Runtime/Cache/Admin/d278e6bf5e2b672db9da7a76be6ae9fd.php 第 77 行.
NOTIC: [8] Undefined index: baidumap /var/www/html/ycbb/Runtime/Cache/Admin/d278e6bf5e2b672db9da7a76be6ae9fd.php 第 92 行.
INFO: Run Behavior\ParseTemplateBehavior [ RunTime:0.012085s ]
INFO: [ view_parse ] --END-- [ RunTime:0.012137s ]
INFO: [ view_filter ] --START--
INFO: Run Behavior\WriteHtmlCacheBehavior [ RunTime:0.000072s ]
INFO: [ view_filter ] --END-- [ RunTime:0.000113s ]
INFO: [ app_end ] --START--
INFO: Run Behavior\ShowPageTraceBehavior [ RunTime:0.000045s ]
INFO: [ app_end ] --END-- [ RunTime:0.000086s ]

[ 2015-04-03T23:12:01+08:00 ] 121.40.92.53 /index.php/Admin/Cron/recent_reply
INFO: [ app_init ] --START--
INFO: Run Behavior\BuildLiteBehavior [ RunTime:0.000015s ]
INFO: [ app_init ] --END-- [ RunTime:0.000095s ]

[ 2015-04-03T23:12:01+08:00 ] 121.40.92.53 /index.php/Admin/Cron/answer_reply
INFO: [ app_init ] --START--
INFO: Run Behavior\BuildLiteBehavior [ RunTime:0.000023s ]
INFO: [ app_init ] --END-- [ RunTime:0.000163s ]

[ 2015-04-03T23:14:01+08:00 ] 121.40.92.53 /index.php/Admin/Cron/recent_reply
INFO: [ app_init ] --START--
INFO: Run Behavior\BuildLiteBehavior [ RunTime:0.000029s ]
INFO: [ app_init ] --END-- [ RunTime:0.000187s ]

[ 2015-04-03T23:14:02+08:00 ] 121.40.92.53 /index.php/Admin/Cron/answer_reply
INFO: [ app_init ] --START--
INFO: Run Behavior\BuildLiteBehavior [ RunTime:0.000014s ]
INFO: [ app_init ] --END-- [ RunTime:0.000086s ]

[ 2015-04-03T23:16:01+08:00 ] 121.40.92.53 /index.php/Admin/Cron/recent_reply
INFO: [ app_init ] --START--
INFO: Run Behavior\BuildLiteBehavior [ RunTime:0.000015s ]
INFO: [ app_init ] --END-- [ RunTime:0.000104s ]

[ 2015-04-03T23:16:01+08:00 ] 121.40.92.53 /index.php/Admin/Cron/answer_reply
INFO: [ app_init ] --START--
INFO: Run Behavior\BuildLiteBehavior [ RunTime:0.000019s ]
INFO: [ app_init ] --END-- [ RunTime:0.000118s ]

[ 2015-04-03T23:18:01+08:00 ] 121.40.92.53 /index.php/Admin/Cron/recent_reply
INFO: [ app_init ] --START--
INFO: Run Behavior\BuildLiteBehavior [ RunTime:0.000015s ]
INFO: [ app_init ] --END-- [ RunTime:0.000110s ]

[ 2015-04-03T23:18:01+08:00 ] 121.40.92.53 /index.php/Admin/Cron/answer_reply
INFO: [ app_init ] --START--
INFO: Run Behavior\BuildLiteBehavior [ RunTime:0.000017s ]
INFO: [ app_init ] --END-- [ RunTime:0.000104s ]

[ 2015-04-03T23:20:01+08:00 ] 121.40.92.53 /index.php/Admin/Cron/answer_reply
INFO: [ app_init ] --START--
INFO: Run Behavior\BuildLiteBehavior [ RunTime:0.000015s ]
INFO: [ app_init ] --END-- [ RunTime:0.000103s ]

[ 2015-04-03T23:20:01+08:00 ] 121.40.92.53 /index.php/Admin/Cron/recent_reply
INFO: [ app_init ] --START--
INFO: Run Behavior\BuildLiteBehavior [ RunTime:0.000013s ]
INFO: [ app_init ] --END-- [ RunTime:0.000087s ]

[ 2015-04-03T23:22:01+08:00 ] 121.40.92.53 /index.php/Admin/Cron/recent_reply
INFO: [ app_init ] --START--
INFO: Run Behavior\BuildLiteBehavior [ RunTime:0.000015s ]
INFO: [ app_init ] --END-- [ RunTime:0.000110s ]

[ 2015-04-03T23:22:01+08:00 ] 121.40.92.53 /index.php/Admin/Cron/answer_reply
INFO: [ app_init ] --START--
INFO: Run Behavior\BuildLiteBehavior [ RunTime:0.000038s ]
INFO: [ app_init ] --END-- [ RunTime:0.000264s ]

[ 2015-04-03T23:24:01+08:00 ] 121.40.92.53 /index.php/Admin/Cron/recent_reply
INFO: [ app_init ] --START--
INFO: Run Behavior\BuildLiteBehavior [ RunTime:0.000020s ]
INFO: [ app_init ] --END-- [ RunTime:0.000127s ]

[ 2015-04-03T23:24:01+08:00 ] 121.40.92.53 /index.php/Admin/Cron/answer_reply
INFO: [ app_init ] --START--
INFO: Run Behavior\BuildLiteBehavior [ RunTime:0.000016s ]
INFO: [ app_init ] --END-- [ RunTime:0.000119s ]

[ 2015-04-03T23:26:01+08:00 ] 121.40.92.53 /index.php/Admin/Cron/recent_reply
INFO: [ app_init ] --START--
INFO: Run Behavior\BuildLiteBehavior [ RunTime:0.000014s ]
INFO: [ app_init ] --END-- [ RunTime:0.000090s ]

[ 2015-04-03T23:26:01+08:00 ] 121.40.92.53 /index.php/Admin/Cron/answer_reply
INFO: [ app_init ] --START--
INFO: Run Behavior\BuildLiteBehavior [ RunTime:0.000015s ]
INFO: [ app_init ] --END-- [ RunTime:0.000093s ]

[ 2015-04-03T23:28:01+08:00 ] 121.40.92.53 /index.php/Admin/Cron/recent_reply
INFO: [ app_init ] --START--
INFO: Run Behavior\BuildLiteBehavior [ RunTime:0.000014s ]
INFO: [ app_init ] --END-- [ RunTime:0.000106s ]

[ 2015-04-03T23:28:01+08:00 ] 121.40.92.53 /index.php/Admin/Cron/answer_reply
INFO: [ app_init ] --START--
INFO: Run Behavior\BuildLiteBehavior [ RunTime:0.000020s ]
INFO: [ app_init ] --END-- [ RunTime:0.000125s ]

[ 2015-04-03T23:30:01+08:00 ] 121.40.92.53 /index.php/Admin/Cron/recent_reply
INFO: [ app_init ] --START--
INFO: Run Behavior\BuildLiteBehavior [ RunTime:0.000015s ]
INFO: [ app_init ] --END-- [ RunTime:0.000102s ]

[ 2015-04-03T23:30:01+08:00 ] 121.40.92.53 /index.php/Admin/Cron/answer_reply
INFO: [ app_init ] --START--
INFO: Run Behavior\BuildLiteBehavior [ RunTime:0.000021s ]
INFO: [ app_init ] --END-- [ RunTime:0.000134s ]

[ 2015-04-03T23:32:01+08:00 ] 121.40.92.53 /index.php/Admin/Cron/recent_reply
INFO: [ app_init ] --START--
INFO: Run Behavior\BuildLiteBehavior [ RunTime:0.000016s ]
INFO: [ app_init ] --END-- [ RunTime:0.000131s ]

[ 2015-04-03T23:32:01+08:00 ] 121.40.92.53 /index.php/Admin/Cron/answer_reply
INFO: [ app_init ] --START--
INFO: Run Behavior\BuildLiteBehavior [ RunTime:0.000015s ]
INFO: [ app_init ] --END-- [ RunTime:0.000093s ]

[ 2015-04-03T23:34:01+08:00 ] 121.40.92.53 /index.php/Admin/Cron/recent_reply
INFO: [ app_init ] --START--
INFO: Run Behavior\BuildLiteBehavior [ RunTime:0.000023s ]
INFO: [ app_init ] --END-- [ RunTime:0.000158s ]

[ 2015-04-03T23:34:01+08:00 ] 121.40.92.53 /index.php/Admin/Cron/answer_reply
INFO: [ app_init ] --START--
INFO: Run Behavior\BuildLiteBehavior [ RunTime:0.000021s ]
INFO: [ app_init ] --END-- [ RunTime:0.000127s ]

[ 2015-04-03T23:36:01+08:00 ] 121.40.92.53 /index.php/Admin/Cron/recent_reply
INFO: [ app_init ] --START--
INFO: Run Behavior\BuildLiteBehavior [ RunTime:0.000023s ]
INFO: [ app_init ] --END-- [ RunTime:0.000157s ]

[ 2015-04-03T23:36:01+08:00 ] 121.40.92.53 /index.php/Admin/Cron/answer_reply
INFO: [ app_init ] --START--
INFO: Run Behavior\BuildLiteBehavior [ RunTime:0.000039s ]
INFO: [ app_init ] --END-- [ RunTime:0.000190s ]

[ 2015-04-03T23:38:01+08:00 ] 121.40.92.53 /index.php/Admin/Cron/recent_reply
INFO: [ app_init ] --START--
INFO: Run Behavior\BuildLiteBehavior [ RunTime:0.000037s ]
INFO: [ app_init ] --END-- [ RunTime:0.000238s ]

[ 2015-04-03T23:38:01+08:00 ] 121.40.92.53 /index.php/Admin/Cron/answer_reply
INFO: [ app_init ] --START--
INFO: Run Behavior\BuildLiteBehavior [ RunTime:0.000042s ]
INFO: [ app_init ] --END-- [ RunTime:0.000285s ]

[ 2015-04-03T23:40:01+08:00 ] 121.40.92.53 /index.php/Admin/Cron/recent_reply
INFO: [ app_init ] --START--
INFO: Run Behavior\BuildLiteBehavior [ RunTime:0.000015s ]
INFO: [ app_init ] --END-- [ RunTime:0.000119s ]

[ 2015-04-03T23:40:01+08:00 ] 121.40.92.53 /index.php/Admin/Cron/answer_reply
INFO: [ app_init ] --START--
INFO: Run Behavior\BuildLiteBehavior [ RunTime:0.000013s ]
INFO: [ app_init ] --END-- [ RunTime:0.000093s ]

[ 2015-04-03T23:42:02+08:00 ] 121.40.92.53 /index.php/Admin/Cron/recent_reply
INFO: [ app_init ] --START--
INFO: Run Behavior\BuildLiteBehavior [ RunTime:0.000019s ]
INFO: [ app_init ] --END-- [ RunTime:0.000136s ]

[ 2015-04-03T23:42:02+08:00 ] 121.40.92.53 /index.php/Admin/Cron/answer_reply
INFO: [ app_init ] --START--
INFO: Run Behavior\BuildLiteBehavior [ RunTime:0.000019s ]
INFO: [ app_init ] --END-- [ RunTime:0.000136s ]

[ 2015-04-03T23:44:01+08:00 ] 121.40.92.53 /index.php/Admin/Cron/recent_reply
INFO: [ app_init ] --START--
INFO: Run Behavior\BuildLiteBehavior [ RunTime:0.000025s ]
INFO: [ app_init ] --END-- [ RunTime:0.000224s ]

[ 2015-04-03T23:44:01+08:00 ] 121.40.92.53 /index.php/Admin/Cron/answer_reply
INFO: [ app_init ] --START--
INFO: Run Behavior\BuildLiteBehavior [ RunTime:0.000018s ]
INFO: [ app_init ] --END-- [ RunTime:0.000130s ]

[ 2015-04-03T23:46:01+08:00 ] 121.40.92.53 /index.php/Admin/Cron/recent_reply
INFO: [ app_init ] --START--
INFO: Run Behavior\BuildLiteBehavior [ RunTime:0.000020s ]
INFO: [ app_init ] --END-- [ RunTime:0.000136s ]

[ 2015-04-03T23:46:01+08:00 ] 121.40.92.53 /index.php/Admin/Cron/answer_reply
INFO: [ app_init ] --START--
INFO: Run Behavior\BuildLiteBehavior [ RunTime:0.000015s ]
INFO: [ app_init ] --END-- [ RunTime:0.000102s ]

[ 2015-04-03T23:48:01+08:00 ] 121.40.92.53 /index.php/Admin/Cron/recent_reply
INFO: [ app_init ] --START--
INFO: Run Behavior\BuildLiteBehavior [ RunTime:0.000019s ]
INFO: [ app_init ] --END-- [ RunTime:0.000124s ]

[ 2015-04-03T23:48:01+08:00 ] 121.40.92.53 /index.php/Admin/Cron/answer_reply
INFO: [ app_init ] --START--
INFO: Run Behavior\BuildLiteBehavior [ RunTime:0.000016s ]
INFO: [ app_init ] --END-- [ RunTime:0.000111s ]

[ 2015-04-03T23:50:01+08:00 ] 121.40.92.53 /index.php/Admin/Cron/recent_reply
INFO: [ app_init ] --START--
INFO: Run Behavior\BuildLiteBehavior [ RunTime:0.000016s ]
INFO: [ app_init ] --END-- [ RunTime:0.000130s ]

[ 2015-04-03T23:50:01+08:00 ] 121.40.92.53 /index.php/Admin/Cron/answer_reply
INFO: [ app_init ] --START--
INFO: Run Behavior\BuildLiteBehavior [ RunTime:0.000017s ]
INFO: [ app_init ] --END-- [ RunTime:0.000101s ]

[ 2015-04-03T23:52:01+08:00 ] 121.40.92.53 /index.php/Admin/Cron/answer_reply
INFO: [ app_init ] --START--
INFO: Run Behavior\BuildLiteBehavior [ RunTime:0.000015s ]
INFO: [ app_init ] --END-- [ RunTime:0.000115s ]

[ 2015-04-03T23:52:01+08:00 ] 121.40.92.53 /index.php/Admin/Cron/recent_reply
INFO: [ app_init ] --START--
INFO: Run Behavior\BuildLiteBehavior [ RunTime:0.000035s ]
INFO: [ app_init ] --END-- [ RunTime:0.000268s ]

[ 2015-04-03T23:54:01+08:00 ] 121.40.92.53 /index.php/Admin/Cron/answer_reply
INFO: [ app_init ] --START--
INFO: Run Behavior\BuildLiteBehavior [ RunTime:0.000027s ]
INFO: [ app_init ] --END-- [ RunTime:0.000165s ]

[ 2015-04-03T23:54:01+08:00 ] 121.40.92.53 /index.php/Admin/Cron/recent_reply
INFO: [ app_init ] --START--
INFO: Run Behavior\BuildLiteBehavior [ RunTime:0.000040s ]
INFO: [ app_init ] --END-- [ RunTime:0.000333s ]

[ 2015-04-03T23:56:01+08:00 ] 121.40.92.53 /index.php/Admin/Cron/recent_reply
INFO: [ app_init ] --START--
INFO: Run Behavior\BuildLiteBehavior [ RunTime:0.000018s ]
INFO: [ app_init ] --END-- [ RunTime:0.000096s ]

[ 2015-04-03T23:56:01+08:00 ] 121.40.92.53 /index.php/Admin/Cron/answer_reply
INFO: [ app_init ] --START--
INFO: Run Behavior\BuildLiteBehavior [ RunTime:0.000014s ]
INFO: [ app_init ] --END-- [ RunTime:0.000108s ]

[ 2015-04-03T23:58:01+08:00 ] 121.40.92.53 /index.php/Admin/Cron/recent_reply
INFO: [ app_init ] --START--
INFO: Run Behavior\BuildLiteBehavior [ RunTime:0.000015s ]
INFO: [ app_init ] --END-- [ RunTime:0.000106s ]

[ 2015-04-03T23:58:02+08:00 ] 121.40.92.53 /index.php/Admin/Cron/answer_reply
INFO: [ app_init ] --START--
INFO: Run Behavior\BuildLiteBehavior [ RunTime:0.000014s ]
INFO: [ app_init ] --END-- [ RunTime:0.000082s ]

