[ 2015-03-26T22:12:06+08:00 ] 117.30.32.212 /index.php/Admin/AuthService/index?pageNum=1&numPerPage=&_order=&_sort=1&listRows=&_=1427379376748
INFO: [ app_init ] --START--
INFO: Run Behavior\BuildLiteBehavior [ RunTime:0.000015s ]
INFO: [ app_init ] --END-- [ RunTime:0.000094s ]
INFO: [ app_begin ] --START--
INFO: Run Behavior\ReadHtmlCacheBehavior [ RunTime:0.000037s ]
INFO: [ app_begin ] --END-- [ RunTime:0.000075s ]
SQL: SHOW COLUMNS FROM `ycbb_service` [ RunTime:0.001802s ]
SQL: SELECT a.id,a.name,b.merchant_name,a.price,a.timeout,a.addtime,a.intro FROM ycbb_service as a INNER JOIN ycbb_merchant as b on b.id = a.merchant_id  WHERE a.effect = 0 ORDER BY a.addtime desc  [ RunTime:0.002339s ]
SQL: SHOW COLUMNS FROM `ycbb_service` [ RunTime:0.001120s ]
SQL: SELECT COUNT(*) AS tp_count FROM `ycbb_service` WHERE a.effect = 0 LIMIT 1   [ RunTime:0.000287s ]
ERR: 1054:Unknown column 'a.effect' in 'where clause'
 [ SQL语句 ] : SELECT COUNT(*) AS tp_count FROM `ycbb_service` WHERE a.effect = 0 LIMIT 1  
INFO: [ view_parse ] --START--
INFO: [ template_filter ] --START--
INFO: Run Behavior\ContentReplaceBehavior [ RunTime:0.000070s ]
INFO: [ template_filter ] --END-- [ RunTime:0.000135s ]
NOTIC: [8] Undefined variable: numPerPage /var/www/html/ycbb/Runtime/Cache/Admin/8938d03f837823ebd39fc625ac4d1207.php 第 3 行.
NOTIC: [8] Undefined variable: map /var/www/html/ycbb/Runtime/Cache/Admin/8938d03f837823ebd39fc625ac4d1207.php 第 7 行.
NOTIC: [8] Undefined index: name /var/www/html/ycbb/Runtime/Cache/Admin/8938d03f837823ebd39fc625ac4d1207.php 第 18 行.
NOTIC: [8] Undefined variable: numPerPage /var/www/html/ycbb/Runtime/Cache/Admin/8938d03f837823ebd39fc625ac4d1207.php 第 74 行.
NOTIC: [8] Undefined variable: numPerPage /var/www/html/ycbb/Runtime/Cache/Admin/8938d03f837823ebd39fc625ac4d1207.php 第 75 行.
NOTIC: [8] Undefined variable: numPerPage /var/www/html/ycbb/Runtime/Cache/Admin/8938d03f837823ebd39fc625ac4d1207.php 第 76 行.
NOTIC: [8] Undefined variable: numPerPage /var/www/html/ycbb/Runtime/Cache/Admin/8938d03f837823ebd39fc625ac4d1207.php 第 77 行.
NOTIC: [8] Undefined variable: totalCount /var/www/html/ycbb/Runtime/Cache/Admin/8938d03f837823ebd39fc625ac4d1207.php 第 79 行.
NOTIC: [8] Undefined variable: totalCount /var/www/html/ycbb/Runtime/Cache/Admin/8938d03f837823ebd39fc625ac4d1207.php 第 82 行.
NOTIC: [8] Undefined variable: numPerPage /var/www/html/ycbb/Runtime/Cache/Admin/8938d03f837823ebd39fc625ac4d1207.php 第 82 行.
NOTIC: [8] Undefined variable: currentPage /var/www/html/ycbb/Runtime/Cache/Admin/8938d03f837823ebd39fc625ac4d1207.php 第 82 行.
INFO: Run Behavior\ParseTemplateBehavior [ RunTime:0.006221s ]
INFO: [ view_parse ] --END-- [ RunTime:0.006270s ]
INFO: [ view_filter ] --START--
INFO: Run Behavior\WriteHtmlCacheBehavior [ RunTime:0.000070s ]
INFO: [ view_filter ] --END-- [ RunTime:0.000104s ]
INFO: [ app_end ] --START--
INFO: Run Behavior\ShowPageTraceBehavior [ RunTime:0.000042s ]
INFO: [ app_end ] --END-- [ RunTime:0.000081s ]

[ 2015-03-26T22:12:09+08:00 ] 117.30.32.212 /index.php/Admin/AuthService/execAction/id/238/navTabId/AuthService.index
INFO: [ app_init ] --START--
INFO: Run Behavior\BuildLiteBehavior [ RunTime:0.000015s ]
INFO: [ app_init ] --END-- [ RunTime:0.000100s ]
INFO: [ app_begin ] --START--
INFO: Run Behavior\ReadHtmlCacheBehavior [ RunTime:0.000065s ]
INFO: [ app_begin ] --END-- [ RunTime:0.000125s ]
SQL: SHOW COLUMNS FROM `ycbb_service` [ RunTime:0.001001s ]
SQL: UPDATE `ycbb_service` SET `effect`=1 WHERE `id` = 238 [ RunTime:0.009577s ]

[ 2015-03-26T22:12:09+08:00 ] 117.30.32.212 /index.php/Admin/AuthService/index?pageNum=1&numPerPage=&_order=&_sort=1&listRows=&_=1427379379758
INFO: [ app_init ] --START--
INFO: Run Behavior\BuildLiteBehavior [ RunTime:0.000015s ]
INFO: [ app_init ] --END-- [ RunTime:0.000094s ]
INFO: [ app_begin ] --START--
INFO: Run Behavior\ReadHtmlCacheBehavior [ RunTime:0.000039s ]
INFO: [ app_begin ] --END-- [ RunTime:0.000076s ]
SQL: SHOW COLUMNS FROM `ycbb_service` [ RunTime:0.000969s ]
SQL: SELECT a.id,a.name,b.merchant_name,a.price,a.timeout,a.addtime,a.intro FROM ycbb_service as a INNER JOIN ycbb_merchant as b on b.id = a.merchant_id  WHERE a.effect = 0 ORDER BY a.addtime desc  [ RunTime:0.001922s ]
SQL: SHOW COLUMNS FROM `ycbb_service` [ RunTime:0.000769s ]
SQL: SELECT COUNT(*) AS tp_count FROM `ycbb_service` WHERE a.effect = 0 LIMIT 1   [ RunTime:0.000175s ]
ERR: 1054:Unknown column 'a.effect' in 'where clause'
 [ SQL语句 ] : SELECT COUNT(*) AS tp_count FROM `ycbb_service` WHERE a.effect = 0 LIMIT 1  
INFO: [ view_parse ] --START--
INFO: [ template_filter ] --START--
INFO: Run Behavior\ContentReplaceBehavior [ RunTime:0.000064s ]
INFO: [ template_filter ] --END-- [ RunTime:0.000116s ]
NOTIC: [8] Undefined variable: numPerPage /var/www/html/ycbb/Runtime/Cache/Admin/8938d03f837823ebd39fc625ac4d1207.php 第 3 行.
NOTIC: [8] Undefined variable: map /var/www/html/ycbb/Runtime/Cache/Admin/8938d03f837823ebd39fc625ac4d1207.php 第 7 行.
NOTIC: [8] Undefined index: name /var/www/html/ycbb/Runtime/Cache/Admin/8938d03f837823ebd39fc625ac4d1207.php 第 18 行.
NOTIC: [8] Undefined variable: numPerPage /var/www/html/ycbb/Runtime/Cache/Admin/8938d03f837823ebd39fc625ac4d1207.php 第 74 行.
NOTIC: [8] Undefined variable: numPerPage /var/www/html/ycbb/Runtime/Cache/Admin/8938d03f837823ebd39fc625ac4d1207.php 第 75 行.
NOTIC: [8] Undefined variable: numPerPage /var/www/html/ycbb/Runtime/Cache/Admin/8938d03f837823ebd39fc625ac4d1207.php 第 76 行.
NOTIC: [8] Undefined variable: numPerPage /var/www/html/ycbb/Runtime/Cache/Admin/8938d03f837823ebd39fc625ac4d1207.php 第 77 行.
NOTIC: [8] Undefined variable: totalCount /var/www/html/ycbb/Runtime/Cache/Admin/8938d03f837823ebd39fc625ac4d1207.php 第 79 行.
NOTIC: [8] Undefined variable: totalCount /var/www/html/ycbb/Runtime/Cache/Admin/8938d03f837823ebd39fc625ac4d1207.php 第 82 行.
NOTIC: [8] Undefined variable: numPerPage /var/www/html/ycbb/Runtime/Cache/Admin/8938d03f837823ebd39fc625ac4d1207.php 第 82 行.
NOTIC: [8] Undefined variable: currentPage /var/www/html/ycbb/Runtime/Cache/Admin/8938d03f837823ebd39fc625ac4d1207.php 第 82 行.
INFO: Run Behavior\ParseTemplateBehavior [ RunTime:0.005864s ]
INFO: [ view_parse ] --END-- [ RunTime:0.005904s ]
INFO: [ view_filter ] --START--
INFO: Run Behavior\WriteHtmlCacheBehavior [ RunTime:0.000110s ]
INFO: [ view_filter ] --END-- [ RunTime:0.000212s ]
INFO: [ app_end ] --START--
INFO: Run Behavior\ShowPageTraceBehavior [ RunTime:0.000048s ]
INFO: [ app_end ] --END-- [ RunTime:0.000088s ]

[ 2015-03-26T22:12:12+08:00 ] 117.30.32.212 /index.php/Admin/AuthService/execAction/id/237/navTabId/AuthService.index
INFO: [ app_init ] --START--
INFO: Run Behavior\BuildLiteBehavior [ RunTime:0.000015s ]
INFO: [ app_init ] --END-- [ RunTime:0.000157s ]
INFO: [ app_begin ] --START--
INFO: Run Behavior\ReadHtmlCacheBehavior [ RunTime:0.000039s ]
INFO: [ app_begin ] --END-- [ RunTime:0.000077s ]
SQL: SHOW COLUMNS FROM `ycbb_service` [ RunTime:0.000902s ]
SQL: UPDATE `ycbb_service` SET `effect`=1 WHERE `id` = 237 [ RunTime:0.008157s ]

[ 2015-03-26T22:12:12+08:00 ] 117.30.32.212 /index.php/Admin/AuthService/index?pageNum=1&numPerPage=&_order=&_sort=1&listRows=&_=1427379383541
INFO: [ app_init ] --START--
INFO: Run Behavior\BuildLiteBehavior [ RunTime:0.000014s ]
INFO: [ app_init ] --END-- [ RunTime:0.000093s ]
INFO: [ app_begin ] --START--
INFO: Run Behavior\ReadHtmlCacheBehavior [ RunTime:0.000040s ]
INFO: [ app_begin ] --END-- [ RunTime:0.000077s ]
SQL: SHOW COLUMNS FROM `ycbb_service` [ RunTime:0.000975s ]
SQL: SELECT a.id,a.name,b.merchant_name,a.price,a.timeout,a.addtime,a.intro FROM ycbb_service as a INNER JOIN ycbb_merchant as b on b.id = a.merchant_id  WHERE a.effect = 0 ORDER BY a.addtime desc  [ RunTime:0.001761s ]
SQL: SHOW COLUMNS FROM `ycbb_service` [ RunTime:0.000634s ]
SQL: SELECT COUNT(*) AS tp_count FROM `ycbb_service` WHERE a.effect = 0 LIMIT 1   [ RunTime:0.000154s ]
ERR: 1054:Unknown column 'a.effect' in 'where clause'
 [ SQL语句 ] : SELECT COUNT(*) AS tp_count FROM `ycbb_service` WHERE a.effect = 0 LIMIT 1  
INFO: [ view_parse ] --START--
INFO: [ template_filter ] --START--
INFO: Run Behavior\ContentReplaceBehavior [ RunTime:0.000057s ]
INFO: [ template_filter ] --END-- [ RunTime:0.000096s ]
NOTIC: [8] Undefined variable: numPerPage /var/www/html/ycbb/Runtime/Cache/Admin/8938d03f837823ebd39fc625ac4d1207.php 第 3 行.
NOTIC: [8] Undefined variable: map /var/www/html/ycbb/Runtime/Cache/Admin/8938d03f837823ebd39fc625ac4d1207.php 第 7 行.
NOTIC: [8] Undefined index: name /var/www/html/ycbb/Runtime/Cache/Admin/8938d03f837823ebd39fc625ac4d1207.php 第 18 行.
NOTIC: [8] Undefined variable: numPerPage /var/www/html/ycbb/Runtime/Cache/Admin/8938d03f837823ebd39fc625ac4d1207.php 第 74 行.
NOTIC: [8] Undefined variable: numPerPage /var/www/html/ycbb/Runtime/Cache/Admin/8938d03f837823ebd39fc625ac4d1207.php 第 75 行.
NOTIC: [8] Undefined variable: numPerPage /var/www/html/ycbb/Runtime/Cache/Admin/8938d03f837823ebd39fc625ac4d1207.php 第 76 行.
NOTIC: [8] Undefined variable: numPerPage /var/www/html/ycbb/Runtime/Cache/Admin/8938d03f837823ebd39fc625ac4d1207.php 第 77 行.
NOTIC: [8] Undefined variable: totalCount /var/www/html/ycbb/Runtime/Cache/Admin/8938d03f837823ebd39fc625ac4d1207.php 第 79 行.
NOTIC: [8] Undefined variable: totalCount /var/www/html/ycbb/Runtime/Cache/Admin/8938d03f837823ebd39fc625ac4d1207.php 第 82 行.
NOTIC: [8] Undefined variable: numPerPage /var/www/html/ycbb/Runtime/Cache/Admin/8938d03f837823ebd39fc625ac4d1207.php 第 82 行.
NOTIC: [8] Undefined variable: currentPage /var/www/html/ycbb/Runtime/Cache/Admin/8938d03f837823ebd39fc625ac4d1207.php 第 82 行.
INFO: Run Behavior\ParseTemplateBehavior [ RunTime:0.005638s ]
INFO: [ view_parse ] --END-- [ RunTime:0.005683s ]
INFO: [ view_filter ] --START--
INFO: Run Behavior\WriteHtmlCacheBehavior [ RunTime:0.000046s ]
INFO: [ view_filter ] --END-- [ RunTime:0.000076s ]
INFO: [ app_end ] --START--
INFO: Run Behavior\ShowPageTraceBehavior [ RunTime:0.000043s ]
INFO: [ app_end ] --END-- [ RunTime:0.000082s ]

[ 2015-03-26T22:12:20+08:00 ] 117.30.32.212 /index.php/Admin/AuthService/execAction/id/244/navTabId/AuthService.index
INFO: [ app_init ] --START--
INFO: Run Behavior\BuildLiteBehavior [ RunTime:0.000021s ]
INFO: [ app_init ] --END-- [ RunTime:0.000135s ]
INFO: [ app_begin ] --START--
INFO: Run Behavior\ReadHtmlCacheBehavior [ RunTime:0.000041s ]
INFO: [ app_begin ] --END-- [ RunTime:0.000079s ]
SQL: SHOW COLUMNS FROM `ycbb_service` [ RunTime:0.000878s ]
SQL: UPDATE `ycbb_service` SET `effect`=1 WHERE `id` = 244 [ RunTime:0.006976s ]

[ 2015-03-26T22:12:20+08:00 ] 117.30.32.212 /index.php/Admin/AuthService/index?pageNum=1&numPerPage=&_order=&_sort=1&listRows=&_=1427379391457
INFO: [ app_init ] --START--
INFO: Run Behavior\BuildLiteBehavior [ RunTime:0.000013s ]
INFO: [ app_init ] --END-- [ RunTime:0.000091s ]
INFO: [ app_begin ] --START--
INFO: Run Behavior\ReadHtmlCacheBehavior [ RunTime:0.000047s ]
INFO: [ app_begin ] --END-- [ RunTime:0.000094s ]
SQL: SHOW COLUMNS FROM `ycbb_service` [ RunTime:0.000922s ]
SQL: SELECT a.id,a.name,b.merchant_name,a.price,a.timeout,a.addtime,a.intro FROM ycbb_service as a INNER JOIN ycbb_merchant as b on b.id = a.merchant_id  WHERE a.effect = 0 ORDER BY a.addtime desc  [ RunTime:0.000728s ]
SQL: SHOW COLUMNS FROM `ycbb_service` [ RunTime:0.000645s ]
SQL: SELECT COUNT(*) AS tp_count FROM `ycbb_service` WHERE a.effect = 0 LIMIT 1   [ RunTime:0.000156s ]
ERR: 1054:Unknown column 'a.effect' in 'where clause'
 [ SQL语句 ] : SELECT COUNT(*) AS tp_count FROM `ycbb_service` WHERE a.effect = 0 LIMIT 1  
INFO: [ view_parse ] --START--
INFO: [ template_filter ] --START--
INFO: Run Behavior\ContentReplaceBehavior [ RunTime:0.000062s ]
INFO: [ template_filter ] --END-- [ RunTime:0.000110s ]
NOTIC: [8] Undefined variable: numPerPage /var/www/html/ycbb/Runtime/Cache/Admin/8938d03f837823ebd39fc625ac4d1207.php 第 3 行.
NOTIC: [8] Undefined variable: map /var/www/html/ycbb/Runtime/Cache/Admin/8938d03f837823ebd39fc625ac4d1207.php 第 7 行.
NOTIC: [8] Undefined index: name /var/www/html/ycbb/Runtime/Cache/Admin/8938d03f837823ebd39fc625ac4d1207.php 第 18 行.
NOTIC: [8] Undefined variable: numPerPage /var/www/html/ycbb/Runtime/Cache/Admin/8938d03f837823ebd39fc625ac4d1207.php 第 74 行.
NOTIC: [8] Undefined variable: numPerPage /var/www/html/ycbb/Runtime/Cache/Admin/8938d03f837823ebd39fc625ac4d1207.php 第 75 行.
NOTIC: [8] Undefined variable: numPerPage /var/www/html/ycbb/Runtime/Cache/Admin/8938d03f837823ebd39fc625ac4d1207.php 第 76 行.
NOTIC: [8] Undefined variable: numPerPage /var/www/html/ycbb/Runtime/Cache/Admin/8938d03f837823ebd39fc625ac4d1207.php 第 77 行.
NOTIC: [8] Undefined variable: totalCount /var/www/html/ycbb/Runtime/Cache/Admin/8938d03f837823ebd39fc625ac4d1207.php 第 79 行.
NOTIC: [8] Undefined variable: totalCount /var/www/html/ycbb/Runtime/Cache/Admin/8938d03f837823ebd39fc625ac4d1207.php 第 82 行.
NOTIC: [8] Undefined variable: numPerPage /var/www/html/ycbb/Runtime/Cache/Admin/8938d03f837823ebd39fc625ac4d1207.php 第 82 行.
NOTIC: [8] Undefined variable: currentPage /var/www/html/ycbb/Runtime/Cache/Admin/8938d03f837823ebd39fc625ac4d1207.php 第 82 行.
INFO: Run Behavior\ParseTemplateBehavior [ RunTime:0.007047s ]
INFO: [ view_parse ] --END-- [ RunTime:0.007090s ]
INFO: [ view_filter ] --START--
INFO: Run Behavior\WriteHtmlCacheBehavior [ RunTime:0.000057s ]
INFO: [ view_filter ] --END-- [ RunTime:0.000089s ]
INFO: [ app_end ] --START--
INFO: Run Behavior\ShowPageTraceBehavior [ RunTime:0.000043s ]
INFO: [ app_end ] --END-- [ RunTime:0.000084s ]

[ 2015-03-26T22:12:24+08:00 ] 117.30.32.212 /index.php/Admin/AuthService/execAction/id/243/navTabId/AuthService.index
INFO: [ app_init ] --START--
INFO: Run Behavior\BuildLiteBehavior [ RunTime:0.000015s ]
INFO: [ app_init ] --END-- [ RunTime:0.000107s ]
INFO: [ app_begin ] --START--
INFO: Run Behavior\ReadHtmlCacheBehavior [ RunTime:0.000043s ]
INFO: [ app_begin ] --END-- [ RunTime:0.000081s ]
SQL: SHOW COLUMNS FROM `ycbb_service` [ RunTime:0.000933s ]
SQL: UPDATE `ycbb_service` SET `effect`=1 WHERE `id` = 243 [ RunTime:0.007366s ]

[ 2015-03-26T22:12:24+08:00 ] 117.30.32.212 /index.php/Admin/AuthService/index?pageNum=1&numPerPage=&_order=&_sort=1&listRows=&_=1427379395615
INFO: [ app_init ] --START--
INFO: Run Behavior\BuildLiteBehavior [ RunTime:0.000014s ]
INFO: [ app_init ] --END-- [ RunTime:0.000092s ]
INFO: [ app_begin ] --START--
INFO: Run Behavior\ReadHtmlCacheBehavior [ RunTime:0.000039s ]
INFO: [ app_begin ] --END-- [ RunTime:0.000076s ]
SQL: SHOW COLUMNS FROM `ycbb_service` [ RunTime:0.001026s ]
SQL: SELECT a.id,a.name,b.merchant_name,a.price,a.timeout,a.addtime,a.intro FROM ycbb_service as a INNER JOIN ycbb_merchant as b on b.id = a.merchant_id  WHERE a.effect = 0 ORDER BY a.addtime desc  [ RunTime:0.000737s ]
SQL: SHOW COLUMNS FROM `ycbb_service` [ RunTime:0.000674s ]
SQL: SELECT COUNT(*) AS tp_count FROM `ycbb_service` WHERE a.effect = 0 LIMIT 1   [ RunTime:0.000164s ]
ERR: 1054:Unknown column 'a.effect' in 'where clause'
 [ SQL语句 ] : SELECT COUNT(*) AS tp_count FROM `ycbb_service` WHERE a.effect = 0 LIMIT 1  
INFO: [ view_parse ] --START--
INFO: [ template_filter ] --START--
INFO: Run Behavior\ContentReplaceBehavior [ RunTime:0.000059s ]
INFO: [ template_filter ] --END-- [ RunTime:0.000100s ]
NOTIC: [8] Undefined variable: numPerPage /var/www/html/ycbb/Runtime/Cache/Admin/8938d03f837823ebd39fc625ac4d1207.php 第 3 行.
NOTIC: [8] Undefined variable: map /var/www/html/ycbb/Runtime/Cache/Admin/8938d03f837823ebd39fc625ac4d1207.php 第 7 行.
NOTIC: [8] Undefined index: name /var/www/html/ycbb/Runtime/Cache/Admin/8938d03f837823ebd39fc625ac4d1207.php 第 18 行.
NOTIC: [8] Undefined variable: numPerPage /var/www/html/ycbb/Runtime/Cache/Admin/8938d03f837823ebd39fc625ac4d1207.php 第 74 行.
NOTIC: [8] Undefined variable: numPerPage /var/www/html/ycbb/Runtime/Cache/Admin/8938d03f837823ebd39fc625ac4d1207.php 第 75 行.
NOTIC: [8] Undefined variable: numPerPage /var/www/html/ycbb/Runtime/Cache/Admin/8938d03f837823ebd39fc625ac4d1207.php 第 76 行.
NOTIC: [8] Undefined variable: numPerPage /var/www/html/ycbb/Runtime/Cache/Admin/8938d03f837823ebd39fc625ac4d1207.php 第 77 行.
NOTIC: [8] Undefined variable: totalCount /var/www/html/ycbb/Runtime/Cache/Admin/8938d03f837823ebd39fc625ac4d1207.php 第 79 行.
NOTIC: [8] Undefined variable: totalCount /var/www/html/ycbb/Runtime/Cache/Admin/8938d03f837823ebd39fc625ac4d1207.php 第 82 行.
NOTIC: [8] Undefined variable: numPerPage /var/www/html/ycbb/Runtime/Cache/Admin/8938d03f837823ebd39fc625ac4d1207.php 第 82 行.
NOTIC: [8] Undefined variable: currentPage /var/www/html/ycbb/Runtime/Cache/Admin/8938d03f837823ebd39fc625ac4d1207.php 第 82 行.
INFO: Run Behavior\ParseTemplateBehavior [ RunTime:0.006083s ]
INFO: [ view_parse ] --END-- [ RunTime:0.006123s ]
INFO: [ view_filter ] --START--
INFO: Run Behavior\WriteHtmlCacheBehavior [ RunTime:0.000052s ]
INFO: [ view_filter ] --END-- [ RunTime:0.000083s ]
INFO: [ app_end ] --START--
INFO: Run Behavior\ShowPageTraceBehavior [ RunTime:0.000070s ]
INFO: [ app_end ] --END-- [ RunTime:0.000121s ]

[ 2015-03-26T22:12:28+08:00 ] 117.30.32.212 /index.php/Admin/AuthService/execAction/id/242/navTabId/AuthService.index
INFO: [ app_init ] --START--
INFO: Run Behavior\BuildLiteBehavior [ RunTime:0.000014s ]
INFO: [ app_init ] --END-- [ RunTime:0.000098s ]
INFO: [ app_begin ] --START--
INFO: Run Behavior\ReadHtmlCacheBehavior [ RunTime:0.000035s ]
INFO: [ app_begin ] --END-- [ RunTime:0.000073s ]
SQL: SHOW COLUMNS FROM `ycbb_service` [ RunTime:0.000899s ]
SQL: UPDATE `ycbb_service` SET `effect`=1 WHERE `id` = 242 [ RunTime:0.007877s ]

[ 2015-03-26T22:12:28+08:00 ] 117.30.32.212 /index.php/Admin/AuthService/index?pageNum=1&numPerPage=&_order=&_sort=1&listRows=&_=1427379398992
INFO: [ app_init ] --START--
INFO: Run Behavior\BuildLiteBehavior [ RunTime:0.000014s ]
INFO: [ app_init ] --END-- [ RunTime:0.000090s ]
INFO: [ app_begin ] --START--
INFO: Run Behavior\ReadHtmlCacheBehavior [ RunTime:0.000050s ]
INFO: [ app_begin ] --END-- [ RunTime:0.000090s ]
SQL: SHOW COLUMNS FROM `ycbb_service` [ RunTime:0.000984s ]
SQL: SELECT a.id,a.name,b.merchant_name,a.price,a.timeout,a.addtime,a.intro FROM ycbb_service as a INNER JOIN ycbb_merchant as b on b.id = a.merchant_id  WHERE a.effect = 0 ORDER BY a.addtime desc  [ RunTime:0.000729s ]
SQL: SHOW COLUMNS FROM `ycbb_service` [ RunTime:0.000657s ]
SQL: SELECT COUNT(*) AS tp_count FROM `ycbb_service` WHERE a.effect = 0 LIMIT 1   [ RunTime:0.000163s ]
ERR: 1054:Unknown column 'a.effect' in 'where clause'
 [ SQL语句 ] : SELECT COUNT(*) AS tp_count FROM `ycbb_service` WHERE a.effect = 0 LIMIT 1  
INFO: [ view_parse ] --START--
INFO: [ template_filter ] --START--
INFO: Run Behavior\ContentReplaceBehavior [ RunTime:0.000069s ]
INFO: [ template_filter ] --END-- [ RunTime:0.000112s ]
NOTIC: [8] Undefined variable: numPerPage /var/www/html/ycbb/Runtime/Cache/Admin/8938d03f837823ebd39fc625ac4d1207.php 第 3 行.
NOTIC: [8] Undefined variable: map /var/www/html/ycbb/Runtime/Cache/Admin/8938d03f837823ebd39fc625ac4d1207.php 第 7 行.
NOTIC: [8] Undefined index: name /var/www/html/ycbb/Runtime/Cache/Admin/8938d03f837823ebd39fc625ac4d1207.php 第 18 行.
NOTIC: [8] Undefined variable: numPerPage /var/www/html/ycbb/Runtime/Cache/Admin/8938d03f837823ebd39fc625ac4d1207.php 第 74 行.
NOTIC: [8] Undefined variable: numPerPage /var/www/html/ycbb/Runtime/Cache/Admin/8938d03f837823ebd39fc625ac4d1207.php 第 75 行.
NOTIC: [8] Undefined variable: numPerPage /var/www/html/ycbb/Runtime/Cache/Admin/8938d03f837823ebd39fc625ac4d1207.php 第 76 行.
NOTIC: [8] Undefined variable: numPerPage /var/www/html/ycbb/Runtime/Cache/Admin/8938d03f837823ebd39fc625ac4d1207.php 第 77 行.
NOTIC: [8] Undefined variable: totalCount /var/www/html/ycbb/Runtime/Cache/Admin/8938d03f837823ebd39fc625ac4d1207.php 第 79 行.
NOTIC: [8] Undefined variable: totalCount /var/www/html/ycbb/Runtime/Cache/Admin/8938d03f837823ebd39fc625ac4d1207.php 第 82 行.
NOTIC: [8] Undefined variable: numPerPage /var/www/html/ycbb/Runtime/Cache/Admin/8938d03f837823ebd39fc625ac4d1207.php 第 82 行.
NOTIC: [8] Undefined variable: currentPage /var/www/html/ycbb/Runtime/Cache/Admin/8938d03f837823ebd39fc625ac4d1207.php 第 82 行.
INFO: Run Behavior\ParseTemplateBehavior [ RunTime:0.005618s ]
INFO: [ view_parse ] --END-- [ RunTime:0.005657s ]
INFO: [ view_filter ] --START--
INFO: Run Behavior\WriteHtmlCacheBehavior [ RunTime:0.000053s ]
INFO: [ view_filter ] --END-- [ RunTime:0.000090s ]
INFO: [ app_end ] --START--
INFO: Run Behavior\ShowPageTraceBehavior [ RunTime:0.000039s ]
INFO: [ app_end ] --END-- [ RunTime:0.000084s ]

[ 2015-03-26T22:12:47+08:00 ] 117.30.32.212 /index.php/Admin/Auth/index?_=1427379418551
INFO: [ app_init ] --START--
INFO: Run Behavior\BuildLiteBehavior [ RunTime:0.000016s ]
INFO: [ app_init ] --END-- [ RunTime:0.000102s ]
INFO: [ app_begin ] --START--
INFO: Run Behavior\ReadHtmlCacheBehavior [ RunTime:0.000042s ]
INFO: [ app_begin ] --END-- [ RunTime:0.000080s ]
SQL: SHOW COLUMNS FROM `ycbb_auth` [ RunTime:0.000907s ]
SQL: SELECT * FROM `ycbb_auth` WHERE `status` = 0  [ RunTime:0.000090s ]
INFO: [ view_parse ] --START--
INFO: [ template_filter ] --START--
INFO: Run Behavior\ContentReplaceBehavior [ RunTime:0.000063s ]
INFO: [ template_filter ] --END-- [ RunTime:0.000107s ]
NOTIC: [8] Undefined variable: numPerPage /var/www/html/ycbb/Runtime/Cache/Admin/7037a8d5a64fd30b57d5fa54024ea286.php 第 3 行.
NOTIC: [8] Undefined index: _order /var/www/html/ycbb/Runtime/Cache/Admin/7037a8d5a64fd30b57d5fa54024ea286.php 第 4 行.
NOTIC: [8] Undefined index: listRows /var/www/html/ycbb/Runtime/Cache/Admin/7037a8d5a64fd30b57d5fa54024ea286.php 第 6 行.
NOTIC: [8] Undefined variable: map /var/www/html/ycbb/Runtime/Cache/Admin/7037a8d5a64fd30b57d5fa54024ea286.php 第 7 行.
NOTIC: [8] Undefined index: name /var/www/html/ycbb/Runtime/Cache/Admin/7037a8d5a64fd30b57d5fa54024ea286.php 第 18 行.
NOTIC: [8] Undefined index: salesman /var/www/html/ycbb/Runtime/Cache/Admin/7037a8d5a64fd30b57d5fa54024ea286.php 第 67 行.
SQL: SHOW COLUMNS FROM `ycbb_merchant` [ RunTime:0.001072s ]
SQL: SELECT * FROM `ycbb_merchant` WHERE `id` = 182 LIMIT 1   [ RunTime:0.000085s ]
SQL: SELECT * FROM `ycbb_merchant` WHERE `id` = 181 LIMIT 1   [ RunTime:0.000085s ]
SQL: SELECT * FROM `ycbb_merchant` WHERE `id` = 181 LIMIT 1   [ RunTime:0.000124s ]
NOTIC: [8] Undefined variable: numPerPage /var/www/html/ycbb/Runtime/Cache/Admin/7037a8d5a64fd30b57d5fa54024ea286.php 第 81 行.
NOTIC: [8] Undefined variable: numPerPage /var/www/html/ycbb/Runtime/Cache/Admin/7037a8d5a64fd30b57d5fa54024ea286.php 第 82 行.
NOTIC: [8] Undefined variable: numPerPage /var/www/html/ycbb/Runtime/Cache/Admin/7037a8d5a64fd30b57d5fa54024ea286.php 第 83 行.
NOTIC: [8] Undefined variable: numPerPage /var/www/html/ycbb/Runtime/Cache/Admin/7037a8d5a64fd30b57d5fa54024ea286.php 第 84 行.
NOTIC: [8] Undefined variable: totalCount /var/www/html/ycbb/Runtime/Cache/Admin/7037a8d5a64fd30b57d5fa54024ea286.php 第 86 行.
NOTIC: [8] Undefined variable: totalCount /var/www/html/ycbb/Runtime/Cache/Admin/7037a8d5a64fd30b57d5fa54024ea286.php 第 89 行.
NOTIC: [8] Undefined variable: numPerPage /var/www/html/ycbb/Runtime/Cache/Admin/7037a8d5a64fd30b57d5fa54024ea286.php 第 89 行.
NOTIC: [8] Undefined variable: currentPage /var/www/html/ycbb/Runtime/Cache/Admin/7037a8d5a64fd30b57d5fa54024ea286.php 第 89 行.
INFO: Run Behavior\ParseTemplateBehavior [ RunTime:0.008643s ]
INFO: [ view_parse ] --END-- [ RunTime:0.008697s ]
INFO: [ view_filter ] --START--
INFO: Run Behavior\WriteHtmlCacheBehavior [ RunTime:0.000077s ]
INFO: [ view_filter ] --END-- [ RunTime:0.000132s ]
INFO: [ app_end ] --START--
INFO: Run Behavior\ShowPageTraceBehavior [ RunTime:0.000065s ]
INFO: [ app_end ] --END-- [ RunTime:0.000122s ]

[ 2015-03-26T22:14:01+08:00 ] 121.40.92.53 /index.php/Admin/Cron/recent_reply
INFO: [ app_init ] --START--
INFO: Run Behavior\BuildLiteBehavior [ RunTime:0.000012s ]
INFO: [ app_init ] --END-- [ RunTime:0.000074s ]

[ 2015-03-26T22:14:01+08:00 ] 121.40.92.53 /index.php/Admin/Cron/answer_reply
INFO: [ app_init ] --START--
INFO: Run Behavior\BuildLiteBehavior [ RunTime:0.000015s ]
INFO: [ app_init ] --END-- [ RunTime:0.000105s ]

[ 2015-03-26T22:16:01+08:00 ] 121.40.92.53 /index.php/Admin/Cron/recent_reply
INFO: [ app_init ] --START--
INFO: Run Behavior\BuildLiteBehavior [ RunTime:0.000015s ]
INFO: [ app_init ] --END-- [ RunTime:0.000107s ]

[ 2015-03-26T22:16:01+08:00 ] 121.40.92.53 /index.php/Admin/Cron/answer_reply
INFO: [ app_init ] --START--
INFO: Run Behavior\BuildLiteBehavior [ RunTime:0.000014s ]
INFO: [ app_init ] --END-- [ RunTime:0.000083s ]

[ 2015-03-26T22:18:01+08:00 ] 121.40.92.53 /index.php/Admin/Cron/recent_reply
INFO: [ app_init ] --START--
INFO: Run Behavior\BuildLiteBehavior [ RunTime:0.000014s ]
INFO: [ app_init ] --END-- [ RunTime:0.000116s ]

[ 2015-03-26T22:18:01+08:00 ] 121.40.92.53 /index.php/Admin/Cron/answer_reply
INFO: [ app_init ] --START--
INFO: Run Behavior\BuildLiteBehavior [ RunTime:0.000019s ]
INFO: [ app_init ] --END-- [ RunTime:0.000118s ]

[ 2015-03-26T22:20:01+08:00 ] 121.40.92.53 /index.php/Admin/Cron/recent_reply
INFO: [ app_init ] --START--
INFO: Run Behavior\BuildLiteBehavior [ RunTime:0.000020s ]
INFO: [ app_init ] --END-- [ RunTime:0.000115s ]

[ 2015-03-26T22:20:01+08:00 ] 121.40.92.53 /index.php/Admin/Cron/answer_reply
INFO: [ app_init ] --START--
INFO: Run Behavior\BuildLiteBehavior [ RunTime:0.000013s ]
INFO: [ app_init ] --END-- [ RunTime:0.000075s ]

[ 2015-03-26T22:20:19+08:00 ] 117.30.32.212 /index.php/Admin/Auth/index?_=1427379870229
INFO: [ app_init ] --START--
INFO: Run Behavior\BuildLiteBehavior [ RunTime:0.000016s ]
INFO: [ app_init ] --END-- [ RunTime:0.000172s ]
INFO: [ app_begin ] --START--
INFO: Run Behavior\ReadHtmlCacheBehavior [ RunTime:0.000045s ]
INFO: [ app_begin ] --END-- [ RunTime:0.000084s ]
SQL: SHOW COLUMNS FROM `ycbb_auth` [ RunTime:0.000945s ]
SQL: SELECT * FROM `ycbb_auth` WHERE `status` = 0  [ RunTime:0.000495s ]
INFO: [ view_parse ] --START--
INFO: [ template_filter ] --START--
INFO: Run Behavior\ContentReplaceBehavior [ RunTime:0.000065s ]
INFO: [ template_filter ] --END-- [ RunTime:0.000116s ]
NOTIC: [8] Undefined variable: numPerPage /var/www/html/ycbb/Runtime/Cache/Admin/7037a8d5a64fd30b57d5fa54024ea286.php 第 3 行.
NOTIC: [8] Undefined index: _order /var/www/html/ycbb/Runtime/Cache/Admin/7037a8d5a64fd30b57d5fa54024ea286.php 第 4 行.
NOTIC: [8] Undefined index: listRows /var/www/html/ycbb/Runtime/Cache/Admin/7037a8d5a64fd30b57d5fa54024ea286.php 第 6 行.
NOTIC: [8] Undefined variable: map /var/www/html/ycbb/Runtime/Cache/Admin/7037a8d5a64fd30b57d5fa54024ea286.php 第 7 行.
NOTIC: [8] Undefined index: name /var/www/html/ycbb/Runtime/Cache/Admin/7037a8d5a64fd30b57d5fa54024ea286.php 第 18 行.
NOTIC: [8] Undefined index: salesman /var/www/html/ycbb/Runtime/Cache/Admin/7037a8d5a64fd30b57d5fa54024ea286.php 第 67 行.
SQL: SHOW COLUMNS FROM `ycbb_merchant` [ RunTime:0.001264s ]
SQL: SELECT * FROM `ycbb_merchant` WHERE `id` = 182 LIMIT 1   [ RunTime:0.000128s ]
SQL: SELECT * FROM `ycbb_merchant` WHERE `id` = 181 LIMIT 1   [ RunTime:0.000114s ]
SQL: SELECT * FROM `ycbb_merchant` WHERE `id` = 181 LIMIT 1   [ RunTime:0.000089s ]
SQL: SELECT * FROM `ycbb_merchant` WHERE `id` = 179 LIMIT 1   [ RunTime:0.000300s ]
NOTIC: [8] Undefined variable: numPerPage /var/www/html/ycbb/Runtime/Cache/Admin/7037a8d5a64fd30b57d5fa54024ea286.php 第 81 行.
NOTIC: [8] Undefined variable: numPerPage /var/www/html/ycbb/Runtime/Cache/Admin/7037a8d5a64fd30b57d5fa54024ea286.php 第 82 行.
NOTIC: [8] Undefined variable: numPerPage /var/www/html/ycbb/Runtime/Cache/Admin/7037a8d5a64fd30b57d5fa54024ea286.php 第 83 行.
NOTIC: [8] Undefined variable: numPerPage /var/www/html/ycbb/Runtime/Cache/Admin/7037a8d5a64fd30b57d5fa54024ea286.php 第 84 行.
NOTIC: [8] Undefined variable: totalCount /var/www/html/ycbb/Runtime/Cache/Admin/7037a8d5a64fd30b57d5fa54024ea286.php 第 86 行.
NOTIC: [8] Undefined variable: totalCount /var/www/html/ycbb/Runtime/Cache/Admin/7037a8d5a64fd30b57d5fa54024ea286.php 第 89 行.
NOTIC: [8] Undefined variable: numPerPage /var/www/html/ycbb/Runtime/Cache/Admin/7037a8d5a64fd30b57d5fa54024ea286.php 第 89 行.
NOTIC: [8] Undefined variable: currentPage /var/www/html/ycbb/Runtime/Cache/Admin/7037a8d5a64fd30b57d5fa54024ea286.php 第 89 行.
INFO: Run Behavior\ParseTemplateBehavior [ RunTime:0.009814s ]
INFO: [ view_parse ] --END-- [ RunTime:0.009859s ]
INFO: [ view_filter ] --START--
INFO: Run Behavior\WriteHtmlCacheBehavior [ RunTime:0.000067s ]
INFO: [ view_filter ] --END-- [ RunTime:0.000111s ]
INFO: [ app_end ] --START--
INFO: Run Behavior\ShowPageTraceBehavior [ RunTime:0.000049s ]
INFO: [ app_end ] --END-- [ RunTime:0.000087s ]

[ 2015-03-26T22:20:21+08:00 ] 117.30.32.212 /index.php/Admin/Auth/edit/id/91/?_=1427379872539
INFO: [ app_init ] --START--
INFO: Run Behavior\BuildLiteBehavior [ RunTime:0.000014s ]
INFO: [ app_init ] --END-- [ RunTime:0.000101s ]
INFO: [ app_begin ] --START--
INFO: Run Behavior\ReadHtmlCacheBehavior [ RunTime:0.000066s ]
INFO: [ app_begin ] --END-- [ RunTime:0.000119s ]
SQL: SHOW COLUMNS FROM `ycbb_auth` [ RunTime:0.001033s ]
SQL: SELECT * FROM `ycbb_auth` WHERE `id` = 91 LIMIT 1   [ RunTime:0.000269s ]
INFO: [ view_parse ] --START--
INFO: [ template_filter ] --START--
INFO: Run Behavior\ContentReplaceBehavior [ RunTime:0.000076s ]
INFO: [ template_filter ] --END-- [ RunTime:0.000120s ]
INFO: Run Behavior\ParseTemplateBehavior [ RunTime:0.006497s ]
INFO: [ view_parse ] --END-- [ RunTime:0.006548s ]
INFO: [ view_filter ] --START--
INFO: Run Behavior\WriteHtmlCacheBehavior [ RunTime:0.000045s ]
INFO: [ view_filter ] --END-- [ RunTime:0.000077s ]
INFO: [ app_end ] --START--
INFO: Run Behavior\ShowPageTraceBehavior [ RunTime:0.000041s ]
INFO: [ app_end ] --END-- [ RunTime:0.000081s ]

[ 2015-03-26T22:20:54+08:00 ] 117.30.32.212 /index.php/Admin/Auth/update/navTabId/Auth.index
INFO: [ app_init ] --START--
INFO: Run Behavior\BuildLiteBehavior [ RunTime:0.000014s ]
INFO: [ app_init ] --END-- [ RunTime:0.000104s ]
INFO: [ app_begin ] --START--
INFO: Run Behavior\ReadHtmlCacheBehavior [ RunTime:0.000047s ]
INFO: [ app_begin ] --END-- [ RunTime:0.000085s ]
SQL: SHOW COLUMNS FROM `ycbb_auth` [ RunTime:0.001039s ]
SQL: SELECT * FROM `ycbb_auth` WHERE `id` = 91 LIMIT 1   [ RunTime:0.000138s ]
SQL: UPDATE `ycbb_auth` SET `check_data`='{\"header\":\"\\/Header\\/2015-03-26\\/5514159f830f1.jpg\",\"province_id\":\"1310\",\"city_id\":\"1326\",\"area_id\":\"1330\",\"business_time\":\"8:0-18:30\",\"merchant_name\":\"\\u53a6\\u95e8\\u70e8\\u6377\\u6c7d\\u8f66\\u670d\\u52a1\\u4e2d\\u5fc3\",\"address\":\"\\u5b89\\u515c\\u6751448\\u53f7\",\"manager\":\"\\u9ec4\\u5148\\u751f\",\"tel\":\"05926796899\",\"longitude\":\"118.139147\",\"latitude\":\"24.527459\"}' WHERE `id` = 91 [ RunTime:0.007626s ]
NOTIC: [8] Undefined index: status /var/www/html/ycbb/Application/Admin/Controller/CommonController.class.php 第 70 行.
NOTIC: [8] Undefined index: info /var/www/html/ycbb/Application/Admin/Controller/CommonController.class.php 第 72 行.

[ 2015-03-26T22:20:55+08:00 ] 117.30.32.212 /index.php/Admin/Auth/index?_=1427379906321
INFO: [ app_init ] --START--
INFO: Run Behavior\BuildLiteBehavior [ RunTime:0.000015s ]
INFO: [ app_init ] --END-- [ RunTime:0.000099s ]
INFO: [ app_begin ] --START--
INFO: Run Behavior\ReadHtmlCacheBehavior [ RunTime:0.000041s ]
INFO: [ app_begin ] --END-- [ RunTime:0.000086s ]
SQL: SHOW COLUMNS FROM `ycbb_auth` [ RunTime:0.000881s ]
SQL: SELECT * FROM `ycbb_auth` WHERE `status` = 0  [ RunTime:0.000381s ]
INFO: [ view_parse ] --START--
INFO: [ template_filter ] --START--
INFO: Run Behavior\ContentReplaceBehavior [ RunTime:0.000065s ]
INFO: [ template_filter ] --END-- [ RunTime:0.000122s ]
NOTIC: [8] Undefined variable: numPerPage /var/www/html/ycbb/Runtime/Cache/Admin/7037a8d5a64fd30b57d5fa54024ea286.php 第 3 行.
NOTIC: [8] Undefined index: _order /var/www/html/ycbb/Runtime/Cache/Admin/7037a8d5a64fd30b57d5fa54024ea286.php 第 4 行.
NOTIC: [8] Undefined index: listRows /var/www/html/ycbb/Runtime/Cache/Admin/7037a8d5a64fd30b57d5fa54024ea286.php 第 6 行.
NOTIC: [8] Undefined variable: map /var/www/html/ycbb/Runtime/Cache/Admin/7037a8d5a64fd30b57d5fa54024ea286.php 第 7 行.
NOTIC: [8] Undefined index: name /var/www/html/ycbb/Runtime/Cache/Admin/7037a8d5a64fd30b57d5fa54024ea286.php 第 18 行.
NOTIC: [8] Undefined index: salesman /var/www/html/ycbb/Runtime/Cache/Admin/7037a8d5a64fd30b57d5fa54024ea286.php 第 67 行.
SQL: SHOW COLUMNS FROM `ycbb_merchant` [ RunTime:0.001323s ]
SQL: SELECT * FROM `ycbb_merchant` WHERE `id` = 182 LIMIT 1   [ RunTime:0.000307s ]
SQL: SELECT * FROM `ycbb_merchant` WHERE `id` = 181 LIMIT 1   [ RunTime:0.000210s ]
SQL: SELECT * FROM `ycbb_merchant` WHERE `id` = 181 LIMIT 1   [ RunTime:0.000089s ]
NOTIC: [8] Undefined variable: numPerPage /var/www/html/ycbb/Runtime/Cache/Admin/7037a8d5a64fd30b57d5fa54024ea286.php 第 81 行.
NOTIC: [8] Undefined variable: numPerPage /var/www/html/ycbb/Runtime/Cache/Admin/7037a8d5a64fd30b57d5fa54024ea286.php 第 82 行.
NOTIC: [8] Undefined variable: numPerPage /var/www/html/ycbb/Runtime/Cache/Admin/7037a8d5a64fd30b57d5fa54024ea286.php 第 83 行.
NOTIC: [8] Undefined variable: numPerPage /var/www/html/ycbb/Runtime/Cache/Admin/7037a8d5a64fd30b57d5fa54024ea286.php 第 84 行.
NOTIC: [8] Undefined variable: totalCount /var/www/html/ycbb/Runtime/Cache/Admin/7037a8d5a64fd30b57d5fa54024ea286.php 第 86 行.
NOTIC: [8] Undefined variable: totalCount /var/www/html/ycbb/Runtime/Cache/Admin/7037a8d5a64fd30b57d5fa54024ea286.php 第 89 行.
NOTIC: [8] Undefined variable: numPerPage /var/www/html/ycbb/Runtime/Cache/Admin/7037a8d5a64fd30b57d5fa54024ea286.php 第 89 行.
NOTIC: [8] Undefined variable: currentPage /var/www/html/ycbb/Runtime/Cache/Admin/7037a8d5a64fd30b57d5fa54024ea286.php 第 89 行.
INFO: Run Behavior\ParseTemplateBehavior [ RunTime:0.009142s ]
INFO: [ view_parse ] --END-- [ RunTime:0.009183s ]
INFO: [ view_filter ] --START--
INFO: Run Behavior\WriteHtmlCacheBehavior [ RunTime:0.000066s ]
INFO: [ view_filter ] --END-- [ RunTime:0.000099s ]
INFO: [ app_end ] --START--
INFO: Run Behavior\ShowPageTraceBehavior [ RunTime:0.000042s ]
INFO: [ app_end ] --END-- [ RunTime:0.000074s ]

[ 2015-03-26T22:21:54+08:00 ] 117.30.32.212 /index.php/Admin/Auth/index?_=1427379964641
INFO: [ app_init ] --START--
INFO: Run Behavior\BuildLiteBehavior [ RunTime:0.000015s ]
INFO: [ app_init ] --END-- [ RunTime:0.000106s ]
INFO: [ app_begin ] --START--
INFO: Run Behavior\ReadHtmlCacheBehavior [ RunTime:0.000049s ]
INFO: [ app_begin ] --END-- [ RunTime:0.000087s ]
SQL: SHOW COLUMNS FROM `ycbb_auth` [ RunTime:0.000776s ]
SQL: SELECT * FROM `ycbb_auth` WHERE `status` = 0  [ RunTime:0.000421s ]
INFO: [ view_parse ] --START--
INFO: [ template_filter ] --START--
INFO: Run Behavior\ContentReplaceBehavior [ RunTime:0.000171s ]
INFO: [ template_filter ] --END-- [ RunTime:0.000237s ]
NOTIC: [8] Undefined variable: numPerPage /var/www/html/ycbb/Runtime/Cache/Admin/7037a8d5a64fd30b57d5fa54024ea286.php 第 3 行.
NOTIC: [8] Undefined index: _order /var/www/html/ycbb/Runtime/Cache/Admin/7037a8d5a64fd30b57d5fa54024ea286.php 第 4 行.
NOTIC: [8] Undefined index: listRows /var/www/html/ycbb/Runtime/Cache/Admin/7037a8d5a64fd30b57d5fa54024ea286.php 第 6 行.
NOTIC: [8] Undefined variable: map /var/www/html/ycbb/Runtime/Cache/Admin/7037a8d5a64fd30b57d5fa54024ea286.php 第 7 行.
NOTIC: [8] Undefined index: name /var/www/html/ycbb/Runtime/Cache/Admin/7037a8d5a64fd30b57d5fa54024ea286.php 第 18 行.
SQL: SHOW COLUMNS FROM `ycbb_merchant` [ RunTime:0.001273s ]
SQL: SELECT * FROM `ycbb_merchant` WHERE `id` = 179 LIMIT 1   [ RunTime:0.000310s ]
NOTIC: [8] Undefined index: salesman /var/www/html/ycbb/Runtime/Cache/Admin/7037a8d5a64fd30b57d5fa54024ea286.php 第 67 行.
SQL: SELECT * FROM `ycbb_merchant` WHERE `id` = 182 LIMIT 1   [ RunTime:0.000094s ]
SQL: SELECT * FROM `ycbb_merchant` WHERE `id` = 181 LIMIT 1   [ RunTime:0.000088s ]
SQL: SELECT * FROM `ycbb_merchant` WHERE `id` = 181 LIMIT 1   [ RunTime:0.000086s ]
NOTIC: [8] Undefined variable: numPerPage /var/www/html/ycbb/Runtime/Cache/Admin/7037a8d5a64fd30b57d5fa54024ea286.php 第 81 行.
NOTIC: [8] Undefined variable: numPerPage /var/www/html/ycbb/Runtime/Cache/Admin/7037a8d5a64fd30b57d5fa54024ea286.php 第 82 行.
NOTIC: [8] Undefined variable: numPerPage /var/www/html/ycbb/Runtime/Cache/Admin/7037a8d5a64fd30b57d5fa54024ea286.php 第 83 行.
NOTIC: [8] Undefined variable: numPerPage /var/www/html/ycbb/Runtime/Cache/Admin/7037a8d5a64fd30b57d5fa54024ea286.php 第 84 行.
NOTIC: [8] Undefined variable: totalCount /var/www/html/ycbb/Runtime/Cache/Admin/7037a8d5a64fd30b57d5fa54024ea286.php 第 86 行.
NOTIC: [8] Undefined variable: totalCount /var/www/html/ycbb/Runtime/Cache/Admin/7037a8d5a64fd30b57d5fa54024ea286.php 第 89 行.
NOTIC: [8] Undefined variable: numPerPage /var/www/html/ycbb/Runtime/Cache/Admin/7037a8d5a64fd30b57d5fa54024ea286.php 第 89 行.
NOTIC: [8] Undefined variable: currentPage /var/www/html/ycbb/Runtime/Cache/Admin/7037a8d5a64fd30b57d5fa54024ea286.php 第 89 行.
INFO: Run Behavior\ParseTemplateBehavior [ RunTime:0.009156s ]
INFO: [ view_parse ] --END-- [ RunTime:0.009194s ]
INFO: [ view_filter ] --START--
INFO: Run Behavior\WriteHtmlCacheBehavior [ RunTime:0.000061s ]
INFO: [ view_filter ] --END-- [ RunTime:0.000091s ]
INFO: [ app_end ] --START--
INFO: Run Behavior\ShowPageTraceBehavior [ RunTime:0.000045s ]
INFO: [ app_end ] --END-- [ RunTime:0.000079s ]

[ 2015-03-26T22:21:58+08:00 ] 117.30.32.212 /index.php/Admin/Auth/edit/id/56/?_=1427379969298
INFO: [ app_init ] --START--
INFO: Run Behavior\BuildLiteBehavior [ RunTime:0.000015s ]
INFO: [ app_init ] --END-- [ RunTime:0.000101s ]
INFO: [ app_begin ] --START--
INFO: Run Behavior\ReadHtmlCacheBehavior [ RunTime:0.000044s ]
INFO: [ app_begin ] --END-- [ RunTime:0.000081s ]
SQL: SHOW COLUMNS FROM `ycbb_auth` [ RunTime:0.000857s ]
SQL: SELECT * FROM `ycbb_auth` WHERE `id` = 56 LIMIT 1   [ RunTime:0.000258s ]
NOTIC: [8] Undefined index: header /var/www/html/ycbb/Application/Admin/Controller/AuthController.class.php 第 36 行.
INFO: [ view_parse ] --START--
INFO: [ template_filter ] --START--
INFO: Run Behavior\ContentReplaceBehavior [ RunTime:0.000074s ]
INFO: [ template_filter ] --END-- [ RunTime:0.000116s ]
NOTIC: [8] Undefined index: header /var/www/html/ycbb/Runtime/Cache/Admin/f6ab42e3af3d441c98ae4c750254e11d.php 第 10 行.
INFO: Run Behavior\ParseTemplateBehavior [ RunTime:0.006557s ]
INFO: [ view_parse ] --END-- [ RunTime:0.006604s ]
INFO: [ view_filter ] --START--
INFO: Run Behavior\WriteHtmlCacheBehavior [ RunTime:0.000048s ]
INFO: [ view_filter ] --END-- [ RunTime:0.000088s ]
INFO: [ app_end ] --START--
INFO: Run Behavior\ShowPageTraceBehavior [ RunTime:0.000051s ]
INFO: [ app_end ] --END-- [ RunTime:0.000101s ]

[ 2015-03-26T22:22:01+08:00 ] 121.40.92.53 /index.php/Admin/Cron/recent_reply
INFO: [ app_init ] --START--
INFO: Run Behavior\BuildLiteBehavior [ RunTime:0.000012s ]
INFO: [ app_init ] --END-- [ RunTime:0.000087s ]

[ 2015-03-26T22:22:01+08:00 ] 121.40.92.53 /index.php/Admin/Cron/answer_reply
INFO: [ app_init ] --START--
INFO: Run Behavior\BuildLiteBehavior [ RunTime:0.000016s ]
INFO: [ app_init ] --END-- [ RunTime:0.000102s ]

[ 2015-03-26T22:22:33+08:00 ] 117.30.32.212 /index.php/Admin/Auth/index?_=1427380004522
INFO: [ app_init ] --START--
INFO: Run Behavior\BuildLiteBehavior [ RunTime:0.000021s ]
INFO: [ app_init ] --END-- [ RunTime:0.000153s ]
INFO: [ app_begin ] --START--
INFO: Run Behavior\ReadHtmlCacheBehavior [ RunTime:0.000047s ]
INFO: [ app_begin ] --END-- [ RunTime:0.000086s ]
SQL: SHOW COLUMNS FROM `ycbb_auth` [ RunTime:0.000784s ]
SQL: SELECT * FROM `ycbb_auth` WHERE `status` = 0  [ RunTime:0.000387s ]
INFO: [ view_parse ] --START--
INFO: [ template_filter ] --START--
INFO: Run Behavior\ContentReplaceBehavior [ RunTime:0.000064s ]
INFO: [ template_filter ] --END-- [ RunTime:0.000114s ]
NOTIC: [8] Undefined variable: numPerPage /var/www/html/ycbb/Runtime/Cache/Admin/7037a8d5a64fd30b57d5fa54024ea286.php 第 3 行.
NOTIC: [8] Undefined index: _order /var/www/html/ycbb/Runtime/Cache/Admin/7037a8d5a64fd30b57d5fa54024ea286.php 第 4 行.
NOTIC: [8] Undefined index: listRows /var/www/html/ycbb/Runtime/Cache/Admin/7037a8d5a64fd30b57d5fa54024ea286.php 第 6 行.
NOTIC: [8] Undefined variable: map /var/www/html/ycbb/Runtime/Cache/Admin/7037a8d5a64fd30b57d5fa54024ea286.php 第 7 行.
NOTIC: [8] Undefined index: name /var/www/html/ycbb/Runtime/Cache/Admin/7037a8d5a64fd30b57d5fa54024ea286.php 第 18 行.
SQL: SHOW COLUMNS FROM `ycbb_merchant` [ RunTime:0.001246s ]
SQL: SELECT * FROM `ycbb_merchant` WHERE `id` = 179 LIMIT 1   [ RunTime:0.000105s ]
NOTIC: [8] Undefined index: salesman /var/www/html/ycbb/Runtime/Cache/Admin/7037a8d5a64fd30b57d5fa54024ea286.php 第 67 行.
SQL: SELECT * FROM `ycbb_merchant` WHERE `id` = 182 LIMIT 1   [ RunTime:0.000094s ]
SQL: SELECT * FROM `ycbb_merchant` WHERE `id` = 181 LIMIT 1   [ RunTime:0.000090s ]
SQL: SELECT * FROM `ycbb_merchant` WHERE `id` = 181 LIMIT 1   [ RunTime:0.000088s ]
NOTIC: [8] Undefined variable: numPerPage /var/www/html/ycbb/Runtime/Cache/Admin/7037a8d5a64fd30b57d5fa54024ea286.php 第 81 行.
NOTIC: [8] Undefined variable: numPerPage /var/www/html/ycbb/Runtime/Cache/Admin/7037a8d5a64fd30b57d5fa54024ea286.php 第 82 行.
NOTIC: [8] Undefined variable: numPerPage /var/www/html/ycbb/Runtime/Cache/Admin/7037a8d5a64fd30b57d5fa54024ea286.php 第 83 行.
NOTIC: [8] Undefined variable: numPerPage /var/www/html/ycbb/Runtime/Cache/Admin/7037a8d5a64fd30b57d5fa54024ea286.php 第 84 行.
NOTIC: [8] Undefined variable: totalCount /var/www/html/ycbb/Runtime/Cache/Admin/7037a8d5a64fd30b57d5fa54024ea286.php 第 86 行.
NOTIC: [8] Undefined variable: totalCount /var/www/html/ycbb/Runtime/Cache/Admin/7037a8d5a64fd30b57d5fa54024ea286.php 第 89 行.
NOTIC: [8] Undefined variable: numPerPage /var/www/html/ycbb/Runtime/Cache/Admin/7037a8d5a64fd30b57d5fa54024ea286.php 第 89 行.
NOTIC: [8] Undefined variable: currentPage /var/www/html/ycbb/Runtime/Cache/Admin/7037a8d5a64fd30b57d5fa54024ea286.php 第 89 行.
INFO: Run Behavior\ParseTemplateBehavior [ RunTime:0.008540s ]
INFO: [ view_parse ] --END-- [ RunTime:0.008587s ]
INFO: [ view_filter ] --START--
INFO: Run Behavior\WriteHtmlCacheBehavior [ RunTime:0.000068s ]
INFO: [ view_filter ] --END-- [ RunTime:0.000099s ]
INFO: [ app_end ] --START--
INFO: Run Behavior\ShowPageTraceBehavior [ RunTime:0.000044s ]
INFO: [ app_end ] --END-- [ RunTime:0.000077s ]

[ 2015-03-26T22:22:35+08:00 ] 117.30.32.212 /index.php/Admin/Auth/edit/id/56/?_=1427380006538
INFO: [ app_init ] --START--
INFO: Run Behavior\BuildLiteBehavior [ RunTime:0.000014s ]
INFO: [ app_init ] --END-- [ RunTime:0.000092s ]
INFO: [ app_begin ] --START--
INFO: Run Behavior\ReadHtmlCacheBehavior [ RunTime:0.000046s ]
INFO: [ app_begin ] --END-- [ RunTime:0.000084s ]
SQL: SHOW COLUMNS FROM `ycbb_auth` [ RunTime:0.000769s ]
SQL: SELECT * FROM `ycbb_auth` WHERE `id` = 56 LIMIT 1   [ RunTime:0.000261s ]
INFO: [ view_parse ] --START--
INFO: [ template_filter ] --START--
INFO: Run Behavior\ContentReplaceBehavior [ RunTime:0.000079s ]
INFO: [ template_filter ] --END-- [ RunTime:0.000136s ]
INFO: Run Behavior\ParseTemplateBehavior [ RunTime:0.007919s ]
INFO: [ view_parse ] --END-- [ RunTime:0.007978s ]
INFO: [ view_filter ] --START--
INFO: Run Behavior\WriteHtmlCacheBehavior [ RunTime:0.000047s ]
INFO: [ view_filter ] --END-- [ RunTime:0.000077s ]
INFO: [ app_end ] --START--
INFO: Run Behavior\ShowPageTraceBehavior [ RunTime:0.000037s ]
INFO: [ app_end ] --END-- [ RunTime:0.000074s ]

[ 2015-03-26T22:22:38+08:00 ] 117.30.32.212 /index.php/Admin/Auth/update/navTabId/Auth.index
INFO: [ app_init ] --START--
INFO: Run Behavior\BuildLiteBehavior [ RunTime:0.000016s ]
INFO: [ app_init ] --END-- [ RunTime:0.000103s ]
INFO: [ app_begin ] --START--
INFO: Run Behavior\ReadHtmlCacheBehavior [ RunTime:0.000041s ]
INFO: [ app_begin ] --END-- [ RunTime:0.000078s ]
SQL: SHOW COLUMNS FROM `ycbb_auth` [ RunTime:0.006390s ]
SQL: SELECT * FROM `ycbb_auth` WHERE `id` = 56 LIMIT 1   [ RunTime:0.000109s ]
SQL: UPDATE `ycbb_auth` SET `check_data`='{\"header\":\"\\/Header\\/2015-03-26\\/551416270f5f7.jpg\",\"province_id\":\"1310\",\"city_id\":\"1326\",\"area_id\":\"1328\",\"business_time\":\"8:0-19:0\",\"merchant_name\":\"\\u9a91\\u58eb\\u9a7f\\u7ad9\\u7f8e\\u5bb9\\u88c5\\u6f62\",\"address\":\"\\u601d\\u660e\\u533a\",\"manager\":\"\\u90d1\\u5148\\u751f\",\"tel\":\"05925818907\",\"longitude\":\"118.115175\",\"latitude\":\"24.470338\"}' WHERE `id` = 56 [ RunTime:0.006425s ]
NOTIC: [8] Undefined index: status /var/www/html/ycbb/Application/Admin/Controller/CommonController.class.php 第 70 行.
NOTIC: [8] Undefined index: info /var/www/html/ycbb/Application/Admin/Controller/CommonController.class.php 第 72 行.

[ 2015-03-26T22:24:01+08:00 ] 121.40.92.53 /index.php/Admin/Cron/recent_reply
INFO: [ app_init ] --START--
INFO: Run Behavior\BuildLiteBehavior [ RunTime:0.000019s ]
INFO: [ app_init ] --END-- [ RunTime:0.000122s ]

[ 2015-03-26T22:24:01+08:00 ] 121.40.92.53 /index.php/Admin/Cron/answer_reply
INFO: [ app_init ] --START--
INFO: Run Behavior\BuildLiteBehavior [ RunTime:0.000012s ]
INFO: [ app_init ] --END-- [ RunTime:0.000071s ]

[ 2015-03-26T22:26:01+08:00 ] 121.40.92.53 /index.php/Admin/Cron/answer_reply
INFO: [ app_init ] --START--
INFO: Run Behavior\BuildLiteBehavior [ RunTime:0.000021s ]
INFO: [ app_init ] --END-- [ RunTime:0.000131s ]

[ 2015-03-26T22:26:01+08:00 ] 121.40.92.53 /index.php/Admin/Cron/recent_reply
INFO: [ app_init ] --START--
INFO: Run Behavior\BuildLiteBehavior [ RunTime:0.000016s ]
INFO: [ app_init ] --END-- [ RunTime:0.000121s ]

[ 2015-03-26T22:28:01+08:00 ] 121.40.92.53 /index.php/Admin/Cron/recent_reply
INFO: [ app_init ] --START--
INFO: Run Behavior\BuildLiteBehavior [ RunTime:0.000016s ]
INFO: [ app_init ] --END-- [ RunTime:0.000174s ]

[ 2015-03-26T22:28:01+08:00 ] 121.40.92.53 /index.php/Admin/Cron/answer_reply
INFO: [ app_init ] --START--
INFO: Run Behavior\BuildLiteBehavior [ RunTime:0.000011s ]
INFO: [ app_init ] --END-- [ RunTime:0.000069s ]

[ 2015-03-26T22:30:01+08:00 ] 121.40.92.53 /index.php/Admin/Cron/recent_reply
INFO: [ app_init ] --START--
INFO: Run Behavior\BuildLiteBehavior [ RunTime:0.000021s ]
INFO: [ app_init ] --END-- [ RunTime:0.000145s ]

[ 2015-03-26T22:30:01+08:00 ] 121.40.92.53 /index.php/Admin/Cron/answer_reply
INFO: [ app_init ] --START--
INFO: Run Behavior\BuildLiteBehavior [ RunTime:0.000011s ]
INFO: [ app_init ] --END-- [ RunTime:0.000073s ]

[ 2015-03-26T22:32:01+08:00 ] 121.40.92.53 /index.php/Admin/Cron/recent_reply
INFO: [ app_init ] --START--
INFO: Run Behavior\BuildLiteBehavior [ RunTime:0.000014s ]
INFO: [ app_init ] --END-- [ RunTime:0.000100s ]

[ 2015-03-26T22:32:01+08:00 ] 121.40.92.53 /index.php/Admin/Cron/answer_reply
INFO: [ app_init ] --START--
INFO: Run Behavior\BuildLiteBehavior [ RunTime:0.000012s ]
INFO: [ app_init ] --END-- [ RunTime:0.000072s ]

[ 2015-03-26T22:34:01+08:00 ] 121.40.92.53 /index.php/Admin/Cron/answer_reply
INFO: [ app_init ] --START--
INFO: Run Behavior\BuildLiteBehavior [ RunTime:0.000014s ]
INFO: [ app_init ] --END-- [ RunTime:0.000098s ]

[ 2015-03-26T22:34:01+08:00 ] 121.40.92.53 /index.php/Admin/Cron/recent_reply
INFO: [ app_init ] --START--
INFO: Run Behavior\BuildLiteBehavior [ RunTime:0.000015s ]
INFO: [ app_init ] --END-- [ RunTime:0.000093s ]

[ 2015-03-26T22:36:01+08:00 ] 121.40.92.53 /index.php/Admin/Cron/recent_reply
INFO: [ app_init ] --START--
INFO: Run Behavior\BuildLiteBehavior [ RunTime:0.000023s ]
INFO: [ app_init ] --END-- [ RunTime:0.000161s ]

[ 2015-03-26T22:36:01+08:00 ] 121.40.92.53 /index.php/Admin/Cron/answer_reply
INFO: [ app_init ] --START--
INFO: Run Behavior\BuildLiteBehavior [ RunTime:0.000014s ]
INFO: [ app_init ] --END-- [ RunTime:0.000088s ]

[ 2015-03-26T22:38:01+08:00 ] 121.40.92.53 /index.php/Admin/Cron/recent_reply
INFO: [ app_init ] --START--
INFO: Run Behavior\BuildLiteBehavior [ RunTime:0.000011s ]
INFO: [ app_init ] --END-- [ RunTime:0.000071s ]

[ 2015-03-26T22:38:01+08:00 ] 121.40.92.53 /index.php/Admin/Cron/answer_reply
INFO: [ app_init ] --START--
INFO: Run Behavior\BuildLiteBehavior [ RunTime:0.000014s ]
INFO: [ app_init ] --END-- [ RunTime:0.000101s ]

[ 2015-03-26T22:40:01+08:00 ] 121.40.92.53 /index.php/Admin/Cron/recent_reply
INFO: [ app_init ] --START--
INFO: Run Behavior\BuildLiteBehavior [ RunTime:0.000014s ]
INFO: [ app_init ] --END-- [ RunTime:0.000091s ]

[ 2015-03-26T22:40:01+08:00 ] 121.40.92.53 /index.php/Admin/Cron/answer_reply
INFO: [ app_init ] --START--
INFO: Run Behavior\BuildLiteBehavior [ RunTime:0.000019s ]
INFO: [ app_init ] --END-- [ RunTime:0.000137s ]

[ 2015-03-26T22:42:01+08:00 ] 121.40.92.53 /index.php/Admin/Cron/recent_reply
INFO: [ app_init ] --START--
INFO: Run Behavior\BuildLiteBehavior [ RunTime:0.000014s ]
INFO: [ app_init ] --END-- [ RunTime:0.000093s ]

[ 2015-03-26T22:42:01+08:00 ] 121.40.92.53 /index.php/Admin/Cron/answer_reply
INFO: [ app_init ] --START--
INFO: Run Behavior\BuildLiteBehavior [ RunTime:0.000013s ]
INFO: [ app_init ] --END-- [ RunTime:0.000088s ]

[ 2015-03-26T22:44:01+08:00 ] 121.40.92.53 /index.php/Admin/Cron/recent_reply
INFO: [ app_init ] --START--
INFO: Run Behavior\BuildLiteBehavior [ RunTime:0.000014s ]
INFO: [ app_init ] --END-- [ RunTime:0.000100s ]

[ 2015-03-26T22:44:01+08:00 ] 121.40.92.53 /index.php/Admin/Cron/answer_reply
INFO: [ app_init ] --START--
INFO: Run Behavior\BuildLiteBehavior [ RunTime:0.000013s ]
INFO: [ app_init ] --END-- [ RunTime:0.000100s ]

[ 2015-03-26T22:46:01+08:00 ] 121.40.92.53 /index.php/Admin/Cron/recent_reply
INFO: [ app_init ] --START--
INFO: Run Behavior\BuildLiteBehavior [ RunTime:0.000013s ]
INFO: [ app_init ] --END-- [ RunTime:0.000086s ]

[ 2015-03-26T22:46:01+08:00 ] 121.40.92.53 /index.php/Admin/Cron/answer_reply
INFO: [ app_init ] --START--
INFO: Run Behavior\BuildLiteBehavior [ RunTime:0.000015s ]
INFO: [ app_init ] --END-- [ RunTime:0.000097s ]

[ 2015-03-26T22:48:01+08:00 ] 121.40.92.53 /index.php/Admin/Cron/recent_reply
INFO: [ app_init ] --START--
INFO: Run Behavior\BuildLiteBehavior [ RunTime:0.000011s ]
INFO: [ app_init ] --END-- [ RunTime:0.000070s ]

[ 2015-03-26T22:48:01+08:00 ] 121.40.92.53 /index.php/Admin/Cron/answer_reply
INFO: [ app_init ] --START--
INFO: Run Behavior\BuildLiteBehavior [ RunTime:0.000020s ]
INFO: [ app_init ] --END-- [ RunTime:0.000135s ]

[ 2015-03-26T22:50:01+08:00 ] 121.40.92.53 /index.php/Admin/Cron/recent_reply
INFO: [ app_init ] --START--
INFO: Run Behavior\BuildLiteBehavior [ RunTime:0.000015s ]
INFO: [ app_init ] --END-- [ RunTime:0.000099s ]

[ 2015-03-26T22:50:01+08:00 ] 121.40.92.53 /index.php/Admin/Cron/answer_reply
INFO: [ app_init ] --START--
INFO: Run Behavior\BuildLiteBehavior [ RunTime:0.000013s ]
INFO: [ app_init ] --END-- [ RunTime:0.000076s ]

[ 2015-03-26T22:52:01+08:00 ] 121.40.92.53 /index.php/Admin/Cron/recent_reply
INFO: [ app_init ] --START--
INFO: Run Behavior\BuildLiteBehavior [ RunTime:0.000015s ]
INFO: [ app_init ] --END-- [ RunTime:0.000094s ]

[ 2015-03-26T22:52:01+08:00 ] 121.40.92.53 /index.php/Admin/Cron/answer_reply
INFO: [ app_init ] --START--
INFO: Run Behavior\BuildLiteBehavior [ RunTime:0.000013s ]
INFO: [ app_init ] --END-- [ RunTime:0.000077s ]

[ 2015-03-26T22:54:02+08:00 ] 121.40.92.53 /index.php/Admin/Cron/recent_reply
INFO: [ app_init ] --START--
INFO: Run Behavior\BuildLiteBehavior [ RunTime:0.000011s ]
INFO: [ app_init ] --END-- [ RunTime:0.000068s ]

[ 2015-03-26T22:54:02+08:00 ] 121.40.92.53 /index.php/Admin/Cron/answer_reply
INFO: [ app_init ] --START--
INFO: Run Behavior\BuildLiteBehavior [ RunTime:0.000015s ]
INFO: [ app_init ] --END-- [ RunTime:0.000104s ]

[ 2015-03-26T22:56:01+08:00 ] 121.40.92.53 /index.php/Admin/Cron/recent_reply
INFO: [ app_init ] --START--
INFO: Run Behavior\BuildLiteBehavior [ RunTime:0.000014s ]
INFO: [ app_init ] --END-- [ RunTime:0.000088s ]

[ 2015-03-26T22:56:01+08:00 ] 121.40.92.53 /index.php/Admin/Cron/answer_reply
INFO: [ app_init ] --START--
INFO: Run Behavior\BuildLiteBehavior [ RunTime:0.000018s ]
INFO: [ app_init ] --END-- [ RunTime:0.000363s ]

[ 2015-03-26T22:58:01+08:00 ] 121.40.92.53 /index.php/Admin/Cron/recent_reply
INFO: [ app_init ] --START--
INFO: Run Behavior\BuildLiteBehavior [ RunTime:0.000020s ]
INFO: [ app_init ] --END-- [ RunTime:0.000146s ]

[ 2015-03-26T22:58:01+08:00 ] 121.40.92.53 /index.php/Admin/Cron/answer_reply
INFO: [ app_init ] --START--
INFO: Run Behavior\BuildLiteBehavior [ RunTime:0.000013s ]
INFO: [ app_init ] --END-- [ RunTime:0.000078s ]

[ 2015-03-26T23:00:01+08:00 ] 121.40.92.53 /index.php/Admin/Cron/recent_reply
INFO: [ app_init ] --START--
INFO: Run Behavior\BuildLiteBehavior [ RunTime:0.000019s ]
INFO: [ app_init ] --END-- [ RunTime:0.000124s ]

[ 2015-03-26T23:00:01+08:00 ] 121.40.92.53 /index.php/Admin/Cron/answer_reply
INFO: [ app_init ] --START--
INFO: Run Behavior\BuildLiteBehavior [ RunTime:0.000014s ]
INFO: [ app_init ] --END-- [ RunTime:0.000103s ]

[ 2015-03-26T23:02:01+08:00 ] 121.40.92.53 /index.php/Admin/Cron/recent_reply
INFO: [ app_init ] --START--
INFO: Run Behavior\BuildLiteBehavior [ RunTime:0.000012s ]
INFO: [ app_init ] --END-- [ RunTime:0.000067s ]

[ 2015-03-26T23:02:01+08:00 ] 121.40.92.53 /index.php/Admin/Cron/answer_reply
INFO: [ app_init ] --START--
INFO: Run Behavior\BuildLiteBehavior [ RunTime:0.000016s ]
INFO: [ app_init ] --END-- [ RunTime:0.000110s ]

[ 2015-03-26T23:04:01+08:00 ] 121.40.92.53 /index.php/Admin/Cron/answer_reply
INFO: [ app_init ] --START--
INFO: Run Behavior\BuildLiteBehavior [ RunTime:0.000015s ]
INFO: [ app_init ] --END-- [ RunTime:0.000101s ]

[ 2015-03-26T23:04:01+08:00 ] 121.40.92.53 /index.php/Admin/Cron/recent_reply
INFO: [ app_init ] --START--
INFO: Run Behavior\BuildLiteBehavior [ RunTime:0.000018s ]
INFO: [ app_init ] --END-- [ RunTime:0.000115s ]

[ 2015-03-26T23:06:01+08:00 ] 121.40.92.53 /index.php/Admin/Cron/recent_reply
INFO: [ app_init ] --START--
INFO: Run Behavior\BuildLiteBehavior [ RunTime:0.000012s ]
INFO: [ app_init ] --END-- [ RunTime:0.000068s ]

[ 2015-03-26T23:06:01+08:00 ] 121.40.92.53 /index.php/Admin/Cron/answer_reply
INFO: [ app_init ] --START--
INFO: Run Behavior\BuildLiteBehavior [ RunTime:0.000015s ]
INFO: [ app_init ] --END-- [ RunTime:0.000101s ]

[ 2015-03-26T23:08:01+08:00 ] 121.40.92.53 /index.php/Admin/Cron/recent_reply
INFO: [ app_init ] --START--
INFO: Run Behavior\BuildLiteBehavior [ RunTime:0.000014s ]
INFO: [ app_init ] --END-- [ RunTime:0.000096s ]

[ 2015-03-26T23:08:01+08:00 ] 121.40.92.53 /index.php/Admin/Cron/answer_reply
INFO: [ app_init ] --START--
INFO: Run Behavior\BuildLiteBehavior [ RunTime:0.000014s ]
INFO: [ app_init ] --END-- [ RunTime:0.000084s ]

[ 2015-03-26T23:10:01+08:00 ] 121.40.92.53 /index.php/Admin/Cron/recent_reply
INFO: [ app_init ] --START--
INFO: Run Behavior\BuildLiteBehavior [ RunTime:0.000016s ]
INFO: [ app_init ] --END-- [ RunTime:0.000108s ]

[ 2015-03-26T23:10:01+08:00 ] 121.40.92.53 /index.php/Admin/Cron/answer_reply
INFO: [ app_init ] --START--
INFO: Run Behavior\BuildLiteBehavior [ RunTime:0.000012s ]
INFO: [ app_init ] --END-- [ RunTime:0.000071s ]

[ 2015-03-26T23:12:01+08:00 ] 121.40.92.53 /index.php/Admin/Cron/recent_reply
INFO: [ app_init ] --START--
INFO: Run Behavior\BuildLiteBehavior [ RunTime:0.000016s ]
INFO: [ app_init ] --END-- [ RunTime:0.000109s ]

[ 2015-03-26T23:12:01+08:00 ] 121.40.92.53 /index.php/Admin/Cron/answer_reply
INFO: [ app_init ] --START--
INFO: Run Behavior\BuildLiteBehavior [ RunTime:0.000014s ]
INFO: [ app_init ] --END-- [ RunTime:0.000102s ]

[ 2015-03-26T23:14:01+08:00 ] 121.40.92.53 /index.php/Admin/Cron/recent_reply
INFO: [ app_init ] --START--
INFO: Run Behavior\BuildLiteBehavior [ RunTime:0.000014s ]
INFO: [ app_init ] --END-- [ RunTime:0.000088s ]

[ 2015-03-26T23:14:01+08:00 ] 121.40.92.53 /index.php/Admin/Cron/answer_reply
INFO: [ app_init ] --START--
INFO: Run Behavior\BuildLiteBehavior [ RunTime:0.000038s ]
INFO: [ app_init ] --END-- [ RunTime:0.000130s ]

[ 2015-03-26T23:16:01+08:00 ] 121.40.92.53 /index.php/Admin/Cron/recent_reply
INFO: [ app_init ] --START--
INFO: Run Behavior\BuildLiteBehavior [ RunTime:0.000013s ]
INFO: [ app_init ] --END-- [ RunTime:0.000073s ]

[ 2015-03-26T23:16:01+08:00 ] 121.40.92.53 /index.php/Admin/Cron/answer_reply
INFO: [ app_init ] --START--
INFO: Run Behavior\BuildLiteBehavior [ RunTime:0.000016s ]
INFO: [ app_init ] --END-- [ RunTime:0.000105s ]

[ 2015-03-26T23:18:01+08:00 ] 121.40.92.53 /index.php/Admin/Cron/recent_reply
INFO: [ app_init ] --START--
INFO: Run Behavior\BuildLiteBehavior [ RunTime:0.000011s ]
INFO: [ app_init ] --END-- [ RunTime:0.000079s ]

[ 2015-03-26T23:18:01+08:00 ] 121.40.92.53 /index.php/Admin/Cron/answer_reply
INFO: [ app_init ] --START--
INFO: Run Behavior\BuildLiteBehavior [ RunTime:0.000015s ]
INFO: [ app_init ] --END-- [ RunTime:0.000103s ]

[ 2015-03-26T23:20:01+08:00 ] 121.40.92.53 /index.php/Admin/Cron/recent_reply
INFO: [ app_init ] --START--
INFO: Run Behavior\BuildLiteBehavior [ RunTime:0.000015s ]
INFO: [ app_init ] --END-- [ RunTime:0.000089s ]

[ 2015-03-26T23:20:01+08:00 ] 121.40.92.53 /index.php/Admin/Cron/answer_reply
INFO: [ app_init ] --START--
INFO: Run Behavior\BuildLiteBehavior [ RunTime:0.000014s ]
INFO: [ app_init ] --END-- [ RunTime:0.000130s ]

[ 2015-03-26T23:22:01+08:00 ] 121.40.92.53 /index.php/Admin/Cron/recent_reply
INFO: [ app_init ] --START--
INFO: Run Behavior\BuildLiteBehavior [ RunTime:0.000012s ]
INFO: [ app_init ] --END-- [ RunTime:0.000071s ]

[ 2015-03-26T23:22:01+08:00 ] 121.40.92.53 /index.php/Admin/Cron/answer_reply
INFO: [ app_init ] --START--
INFO: Run Behavior\BuildLiteBehavior [ RunTime:0.000016s ]
INFO: [ app_init ] --END-- [ RunTime:0.000100s ]

[ 2015-03-26T23:24:01+08:00 ] 121.40.92.53 /index.php/Admin/Cron/recent_reply
INFO: [ app_init ] --START--
INFO: Run Behavior\BuildLiteBehavior [ RunTime:0.000014s ]
INFO: [ app_init ] --END-- [ RunTime:0.000101s ]

[ 2015-03-26T23:24:01+08:00 ] 121.40.92.53 /index.php/Admin/Cron/answer_reply
INFO: [ app_init ] --START--
INFO: Run Behavior\BuildLiteBehavior [ RunTime:0.000014s ]
INFO: [ app_init ] --END-- [ RunTime:0.000076s ]

[ 2015-03-26T23:26:01+08:00 ] 121.40.92.53 /index.php/Admin/Cron/answer_reply
INFO: [ app_init ] --START--
INFO: Run Behavior\BuildLiteBehavior [ RunTime:0.000014s ]
INFO: [ app_init ] --END-- [ RunTime:0.000096s ]

[ 2015-03-26T23:26:01+08:00 ] 121.40.92.53 /index.php/Admin/Cron/recent_reply
INFO: [ app_init ] --START--
INFO: Run Behavior\BuildLiteBehavior [ RunTime:0.000013s ]
INFO: [ app_init ] --END-- [ RunTime:0.000077s ]

[ 2015-03-26T23:28:01+08:00 ] 121.40.92.53 /index.php/Admin/Cron/recent_reply
INFO: [ app_init ] --START--
INFO: Run Behavior\BuildLiteBehavior [ RunTime:0.000015s ]
INFO: [ app_init ] --END-- [ RunTime:0.000115s ]

[ 2015-03-26T23:28:02+08:00 ] 121.40.92.53 /index.php/Admin/Cron/answer_reply
INFO: [ app_init ] --START--
INFO: Run Behavior\BuildLiteBehavior [ RunTime:0.000013s ]
INFO: [ app_init ] --END-- [ RunTime:0.000072s ]

[ 2015-03-26T23:30:01+08:00 ] 121.40.92.53 /index.php/Admin/Cron/recent_reply
INFO: [ app_init ] --START--
INFO: Run Behavior\BuildLiteBehavior [ RunTime:0.000016s ]
INFO: [ app_init ] --END-- [ RunTime:0.000103s ]

[ 2015-03-26T23:30:01+08:00 ] 121.40.92.53 /index.php/Admin/Cron/answer_reply
INFO: [ app_init ] --START--
INFO: Run Behavior\BuildLiteBehavior [ RunTime:0.000013s ]
INFO: [ app_init ] --END-- [ RunTime:0.000087s ]

[ 2015-03-26T23:32:01+08:00 ] 121.40.92.53 /index.php/Admin/Cron/answer_reply
INFO: [ app_init ] --START--
INFO: Run Behavior\BuildLiteBehavior [ RunTime:0.000016s ]
INFO: [ app_init ] --END-- [ RunTime:0.000107s ]

[ 2015-03-26T23:32:01+08:00 ] 121.40.92.53 /index.php/Admin/Cron/recent_reply
INFO: [ app_init ] --START--
INFO: Run Behavior\BuildLiteBehavior [ RunTime:0.000015s ]
INFO: [ app_init ] --END-- [ RunTime:0.000128s ]

[ 2015-03-26T23:34:01+08:00 ] 121.40.92.53 /index.php/Admin/Cron/recent_reply
INFO: [ app_init ] --START--
INFO: Run Behavior\BuildLiteBehavior [ RunTime:0.000015s ]
INFO: [ app_init ] --END-- [ RunTime:0.000103s ]

[ 2015-03-26T23:34:01+08:00 ] 121.40.92.53 /index.php/Admin/Cron/answer_reply
INFO: [ app_init ] --START--
INFO: Run Behavior\BuildLiteBehavior [ RunTime:0.000013s ]
INFO: [ app_init ] --END-- [ RunTime:0.000199s ]

[ 2015-03-26T23:36:01+08:00 ] 121.40.92.53 /index.php/Admin/Cron/answer_reply
INFO: [ app_init ] --START--
INFO: Run Behavior\BuildLiteBehavior [ RunTime:0.000015s ]
INFO: [ app_init ] --END-- [ RunTime:0.000100s ]

[ 2015-03-26T23:36:01+08:00 ] 121.40.92.53 /index.php/Admin/Cron/recent_reply
INFO: [ app_init ] --START--
INFO: Run Behavior\BuildLiteBehavior [ RunTime:0.000012s ]
INFO: [ app_init ] --END-- [ RunTime:0.000072s ]

[ 2015-03-26T23:38:01+08:00 ] 121.40.92.53 /index.php/Admin/Cron/recent_reply
INFO: [ app_init ] --START--
INFO: Run Behavior\BuildLiteBehavior [ RunTime:0.000014s ]
INFO: [ app_init ] --END-- [ RunTime:0.000087s ]

[ 2015-03-26T23:38:01+08:00 ] 121.40.92.53 /index.php/Admin/Cron/answer_reply
INFO: [ app_init ] --START--
INFO: Run Behavior\BuildLiteBehavior [ RunTime:0.000015s ]
INFO: [ app_init ] --END-- [ RunTime:0.000099s ]

[ 2015-03-26T23:40:01+08:00 ] 121.40.92.53 /index.php/Admin/Cron/recent_reply
INFO: [ app_init ] --START--
INFO: Run Behavior\BuildLiteBehavior [ RunTime:0.000011s ]
INFO: [ app_init ] --END-- [ RunTime:0.000071s ]

[ 2015-03-26T23:40:01+08:00 ] 121.40.92.53 /index.php/Admin/Cron/answer_reply
INFO: [ app_init ] --START--
INFO: Run Behavior\BuildLiteBehavior [ RunTime:0.000014s ]
INFO: [ app_init ] --END-- [ RunTime:0.000100s ]

[ 2015-03-26T23:42:01+08:00 ] 121.40.92.53 /index.php/Admin/Cron/recent_reply
INFO: [ app_init ] --START--
INFO: Run Behavior\BuildLiteBehavior [ RunTime:0.000012s ]
INFO: [ app_init ] --END-- [ RunTime:0.000080s ]

[ 2015-03-26T23:42:01+08:00 ] 121.40.92.53 /index.php/Admin/Cron/answer_reply
INFO: [ app_init ] --START--
INFO: Run Behavior\BuildLiteBehavior [ RunTime:0.000015s ]
INFO: [ app_init ] --END-- [ RunTime:0.000094s ]

[ 2015-03-26T23:44:01+08:00 ] 121.40.92.53 /index.php/Admin/Cron/recent_reply
INFO: [ app_init ] --START--
INFO: Run Behavior\BuildLiteBehavior [ RunTime:0.000013s ]
INFO: [ app_init ] --END-- [ RunTime:0.000095s ]

[ 2015-03-26T23:44:01+08:00 ] 121.40.92.53 /index.php/Admin/Cron/answer_reply
INFO: [ app_init ] --START--
INFO: Run Behavior\BuildLiteBehavior [ RunTime:0.000014s ]
INFO: [ app_init ] --END-- [ RunTime:0.000093s ]

[ 2015-03-26T23:46:02+08:00 ] 121.40.92.53 /index.php/Admin/Cron/recent_reply
INFO: [ app_init ] --START--
INFO: Run Behavior\BuildLiteBehavior [ RunTime:0.000028s ]
INFO: [ app_init ] --END-- [ RunTime:0.000214s ]

[ 2015-03-26T23:46:02+08:00 ] 121.40.92.53 /index.php/Admin/Cron/answer_reply
INFO: [ app_init ] --START--
INFO: Run Behavior\BuildLiteBehavior [ RunTime:0.000021s ]
INFO: [ app_init ] --END-- [ RunTime:0.000165s ]

[ 2015-03-26T23:48:01+08:00 ] 121.40.92.53 /index.php/Admin/Cron/recent_reply
INFO: [ app_init ] --START--
INFO: Run Behavior\BuildLiteBehavior [ RunTime:0.000015s ]
INFO: [ app_init ] --END-- [ RunTime:0.000103s ]

[ 2015-03-26T23:48:01+08:00 ] 121.40.92.53 /index.php/Admin/Cron/answer_reply
INFO: [ app_init ] --START--
INFO: Run Behavior\BuildLiteBehavior [ RunTime:0.000017s ]
INFO: [ app_init ] --END-- [ RunTime:0.000096s ]

[ 2015-03-26T23:50:01+08:00 ] 121.40.92.53 /index.php/Admin/Cron/recent_reply
INFO: [ app_init ] --START--
INFO: Run Behavior\BuildLiteBehavior [ RunTime:0.000022s ]
INFO: [ app_init ] --END-- [ RunTime:0.000130s ]

[ 2015-03-26T23:50:01+08:00 ] 121.40.92.53 /index.php/Admin/Cron/answer_reply
INFO: [ app_init ] --START--
INFO: Run Behavior\BuildLiteBehavior [ RunTime:0.000012s ]
INFO: [ app_init ] --END-- [ RunTime:0.000074s ]

[ 2015-03-26T23:52:01+08:00 ] 121.40.92.53 /index.php/Admin/Cron/answer_reply
INFO: [ app_init ] --START--
INFO: Run Behavior\BuildLiteBehavior [ RunTime:0.000014s ]
INFO: [ app_init ] --END-- [ RunTime:0.000093s ]

[ 2015-03-26T23:52:01+08:00 ] 121.40.92.53 /index.php/Admin/Cron/recent_reply
INFO: [ app_init ] --START--
INFO: Run Behavior\BuildLiteBehavior [ RunTime:0.000012s ]
INFO: [ app_init ] --END-- [ RunTime:0.000077s ]

[ 2015-03-26T23:54:01+08:00 ] 121.40.92.53 /index.php/Admin/Cron/recent_reply
INFO: [ app_init ] --START--
INFO: Run Behavior\BuildLiteBehavior [ RunTime:0.000016s ]
INFO: [ app_init ] --END-- [ RunTime:0.000106s ]

[ 2015-03-26T23:54:01+08:00 ] 121.40.92.53 /index.php/Admin/Cron/answer_reply
INFO: [ app_init ] --START--
INFO: Run Behavior\BuildLiteBehavior [ RunTime:0.000013s ]
INFO: [ app_init ] --END-- [ RunTime:0.000087s ]

[ 2015-03-26T23:56:01+08:00 ] 121.40.92.53 /index.php/Admin/Cron/recent_reply
INFO: [ app_init ] --START--
INFO: Run Behavior\BuildLiteBehavior [ RunTime:0.000014s ]
INFO: [ app_init ] --END-- [ RunTime:0.000102s ]

[ 2015-03-26T23:56:01+08:00 ] 121.40.92.53 /index.php/Admin/Cron/answer_reply
INFO: [ app_init ] --START--
INFO: Run Behavior\BuildLiteBehavior [ RunTime:0.000012s ]
INFO: [ app_init ] --END-- [ RunTime:0.000074s ]

[ 2015-03-26T23:58:00+08:00 ] 117.30.32.212 /index.php/Admin/Auth/update/navTabId/Auth.index
INFO: [ app_init ] --START--
INFO: Run Behavior\BuildLiteBehavior [ RunTime:0.000015s ]
INFO: [ app_init ] --END-- [ RunTime:0.000092s ]
INFO: [ app_begin ] --START--
INFO: Run Behavior\ReadHtmlCacheBehavior [ RunTime:0.000057s ]
INFO: [ app_begin ] --END-- [ RunTime:0.000109s ]
SQL: SHOW COLUMNS FROM `ycbb_auth` [ RunTime:0.000786s ]
SQL: SELECT * FROM `ycbb_auth` WHERE `id` = 56 LIMIT 1   [ RunTime:0.000270s ]
SQL: UPDATE `ycbb_auth` SET `check_data`='{\"header\":\"\\/Header\\/2015-03-26\\/551416270f5f7.jpg\",\"province_id\":\"1310\",\"city_id\":\"1326\",\"area_id\":\"1328\",\"business_time\":\"8:0-19:0\",\"merchant_name\":\"\\u9a91\\u58eb\\u9a7f\\u7ad9\\u7f8e\\u5bb9\\u88c5\\u6f62\",\"address\":\"\\u601d\\u660e\\u533a\",\"manager\":\"\\u90d1\\u5148\\u751f\",\"tel\":\"05925818907\",\"longitude\":\"118.115175\",\"latitude\":\"24.470338\"}' WHERE `id` = 56 [ RunTime:0.011147s ]
NOTIC: [8] Undefined index: status /var/www/html/ycbb/Application/Admin/Controller/CommonController.class.php 第 70 行.
NOTIC: [8] Undefined index: info /var/www/html/ycbb/Application/Admin/Controller/CommonController.class.php 第 72 行.

[ 2015-03-26T23:58:00+08:00 ] 117.30.32.212 /index.php/Admin/Auth/update/navTabId/Auth.index
INFO: [ app_init ] --START--
INFO: Run Behavior\BuildLiteBehavior [ RunTime:0.000012s ]
INFO: [ app_init ] --END-- [ RunTime:0.000076s ]
INFO: [ app_begin ] --START--
INFO: Run Behavior\ReadHtmlCacheBehavior [ RunTime:0.000036s ]
INFO: [ app_begin ] --END-- [ RunTime:0.000076s ]
SQL: SHOW COLUMNS FROM `ycbb_auth` [ RunTime:0.000694s ]
SQL: SELECT * FROM `ycbb_auth` WHERE `id` = 56 LIMIT 1   [ RunTime:0.000096s ]
SQL: UPDATE `ycbb_auth` SET `check_data`='{\"header\":\"\\/Header\\/2015-03-26\\/551416270f5f7.jpg\",\"province_id\":\"1310\",\"city_id\":\"1326\",\"area_id\":\"1328\",\"business_time\":\"8:0-19:0\",\"merchant_name\":\"\\u9a91\\u58eb\\u9a7f\\u7ad9\\u7f8e\\u5bb9\\u88c5\\u6f62\",\"address\":\"\\u601d\\u660e\\u533a\",\"manager\":\"\\u90d1\\u5148\\u751f\",\"tel\":\"05925818907\",\"longitude\":\"118.115175\",\"latitude\":\"24.470338\"}' WHERE `id` = 56 [ RunTime:0.006078s ]
NOTIC: [8] Undefined index: status /var/www/html/ycbb/Application/Admin/Controller/CommonController.class.php 第 70 行.
NOTIC: [8] Undefined index: info /var/www/html/ycbb/Application/Admin/Controller/CommonController.class.php 第 72 行.

[ 2015-03-26T23:58:01+08:00 ] 121.40.92.53 /index.php/Admin/Cron/recent_reply
INFO: [ app_init ] --START--
INFO: Run Behavior\BuildLiteBehavior [ RunTime:0.000011s ]
INFO: [ app_init ] --END-- [ RunTime:0.000068s ]

[ 2015-03-26T23:58:01+08:00 ] 121.40.92.53 /index.php/Admin/Cron/answer_reply
INFO: [ app_init ] --START--
INFO: Run Behavior\BuildLiteBehavior [ RunTime:0.000016s ]
INFO: [ app_init ] --END-- [ RunTime:0.000109s ]

